<?xml version="1.0" encoding="UTF-8" ?>
<testsuite tests="4541" failures="0" name="RegressionTest" time="0.523" errors="0" skipped="0">
  <properties>
    <property name="java.runtime.name" value="Java(TM) SE Runtime Environment"/>
    <property name="java.vm.version" value="17.0.2+8-LTS-86"/>
    <property name="sun.boot.library.path" value="C:\Program Files\Java\jdk-17.0.2\bin"/>
    <property name="maven.multiModuleProjectDirectory" value="C:\Users\Student\IdeaProjects\AVL"/>
    <property name="java.vm.vendor" value="Oracle Corporation"/>
    <property name="java.vendor.url" value="https://java.oracle.com/"/>
    <property name="guice.disable.misplaced.annotation.check" value="true"/>
    <property name="path.separator" value=";"/>
    <property name="java.vm.name" value="Java HotSpot(TM) 64-Bit Server VM"/>
    <property name="sun.os.patch.level" value=""/>
    <property name="user.script" value=""/>
    <property name="user.country" value="US"/>
    <property name="sun.java.launcher" value="SUN_STANDARD"/>
    <property name="java.vm.specification.name" value="Java Virtual Machine Specification"/>
    <property name="user.dir" value="C:\Users\Student\IdeaProjects\AVL"/>
    <property name="java.vm.compressedOopsMode" value="32-bit"/>
    <property name="java.runtime.version" value="17.0.2+8-LTS-86"/>
    <property name="os.arch" value="amd64"/>
    <property name="java.io.tmpdir" value="C:\Users\Student\AppData\Local\Temp\"/>
    <property name="line.separator" value="
"/>
    <property name="java.vm.specification.vendor" value="Oracle Corporation"/>
    <property name="user.variant" value=""/>
    <property name="os.name" value="Windows 10"/>
    <property name="classworlds.conf" value="C:\Users\Student\Downloads\apache-maven-3.8.5-bin\apache-maven-3.8.5\bin\m2.conf"/>
    <property name="sun.jnu.encoding" value="Cp1252"/>
    <property name="java.library.path" value="C:\Program Files\Java\jdk-17.0.2\bin;C:\WINDOWS\Sun\Java\bin;C:\WINDOWS\system32;C:\WINDOWS;C:\Program Files\Common Files\Oracle\Java\javapath;C:\WINDOWS\system32;C:\WINDOWS;C:\WINDOWS\System32\Wbem;C:\WINDOWS\System32\WindowsPowerShell\v1.0\;C:\WINDOWS\System32\OpenSSH\;C:\Program Files\Git\cmd;C:\Program Files\CMake\bin;C:\cygnus\cygwin-b20\H-i586-cygwin32\bin;C:\MinGW\bin;C:\Program Files\Java\jdk-17.0.2\bin\;C:\Users\Student\Downloads\apache-maven-3.8.5-bin\apache-maven-3.8.5\bin;C:\Users\Student\anaconda3;C:\Users\Student\anaconda3\Library\mingw-w64\bin;C:\Users\Student\anaconda3\Library\usr\bin;C:\Users\Student\anaconda3\Library\bin;C:\Users\Student\anaconda3\Scripts;C:\Users\Student\AppData\Local\Microsoft\WindowsApps;C:\Program Files\JetBrains\PyCharm 2021.3.1\bin;;C:\Users\Student\AppData\Roaming\TinyTeX\bin\win32;C:\Program Files\JetBrains\IntelliJ IDEA Community Edition 2022.1\bin;;."/>
    <property name="maven.conf" value="C:\Users\Student\Downloads\apache-maven-3.8.5-bin\apache-maven-3.8.5/conf"/>
    <property name="jdk.debug" value="release"/>
    <property name="java.class.version" value="61.0"/>
    <property name="java.specification.name" value="Java Platform API Specification"/>
    <property name="sun.management.compiler" value="HotSpot 64-Bit Tiered Compilers"/>
    <property name="os.version" value="10.0"/>
    <property name="library.jansi.path" value="C:\Users\Student\Downloads\apache-maven-3.8.5-bin\apache-maven-3.8.5\lib\jansi-native"/>
    <property name="user.home" value="C:\Users\Student"/>
    <property name="user.timezone" value="America/Chicago"/>
    <property name="file.encoding" value="Cp1252"/>
    <property name="java.specification.version" value="17"/>
    <property name="user.name" value="Student"/>
    <property name="java.class.path" value="C:\Users\Student\Downloads\apache-maven-3.8.5-bin\apache-maven-3.8.5\boot\plexus-classworlds-2.6.0.jar"/>
    <property name="java.vm.specification.version" value="17"/>
    <property name="sun.arch.data.model" value="64"/>
    <property name="sun.java.command" value="org.codehaus.plexus.classworlds.launcher.Launcher test jacoco:report coveralls:report"/>
    <property name="java.home" value="C:\Program Files\Java\jdk-17.0.2"/>
    <property name="user.language" value="en"/>
    <property name="java.specification.vendor" value="Oracle Corporation"/>
    <property name="java.vm.info" value="mixed mode, sharing"/>
    <property name="java.version" value="17.0.2"/>
    <property name="native.encoding" value="Cp1252"/>
    <property name="java.vendor" value="Oracle Corporation"/>
    <property name="sun.stderr.encoding" value="cp437"/>
    <property name="maven.home" value="C:\Users\Student\Downloads\apache-maven-3.8.5-bin\apache-maven-3.8.5"/>
    <property name="file.separator" value="\"/>
    <property name="java.version.date" value="2022-01-18"/>
    <property name="java.vendor.url.bug" value="https://bugreport.java.com/bugreport/"/>
    <property name="sun.io.unicode.encoding" value="UnicodeLittle"/>
    <property name="sun.cpu.endian" value="little"/>
    <property name="sun.stdout.encoding" value="cp437"/>
    <property name="sun.cpu.isalist" value="amd64"/>
  </properties>
  <testcase classname="RegressionTest0" name="test0001" time="0.021"/>
  <testcase classname="RegressionTest0" name="test0002" time="0"/>
  <testcase classname="RegressionTest0" name="test0003" time="0"/>
  <testcase classname="RegressionTest0" name="test0004" time="0.001"/>
  <testcase classname="RegressionTest0" name="test0005" time="0"/>
  <testcase classname="RegressionTest0" name="test0006" time="0.003"/>
  <testcase classname="RegressionTest0" name="test0007" time="0"/>
  <testcase classname="RegressionTest0" name="test0008" time="0"/>
  <testcase classname="RegressionTest0" name="test0009" time="0.003"/>
  <testcase classname="RegressionTest0" name="test0010" time="0"/>
  <testcase classname="RegressionTest0" name="test0011" time="0"/>
  <testcase classname="RegressionTest0" name="test0012" time="0"/>
  <testcase classname="RegressionTest0" name="test0013" time="0"/>
  <testcase classname="RegressionTest0" name="test0014" time="0"/>
  <testcase classname="RegressionTest0" name="test0015" time="0.001"/>
  <testcase classname="RegressionTest0" name="test0016" time="0.003"/>
  <testcase classname="RegressionTest0" name="test0017" time="0"/>
  <testcase classname="RegressionTest0" name="test0018" time="0"/>
  <testcase classname="RegressionTest0" name="test0019" time="0.001"/>
  <testcase classname="RegressionTest0" name="test0020" time="0"/>
  <testcase classname="RegressionTest0" name="test0021" time="0.001"/>
  <testcase classname="RegressionTest0" name="test0022" time="0"/>
  <testcase classname="RegressionTest0" name="test0023" time="0.001"/>
  <testcase classname="RegressionTest0" name="test0024" time="0"/>
  <testcase classname="RegressionTest0" name="test0025" time="0"/>
  <testcase classname="RegressionTest0" name="test0026" time="0"/>
  <testcase classname="RegressionTest0" name="test0027" time="0"/>
  <testcase classname="RegressionTest0" name="test0028" time="0.001"/>
  <testcase classname="RegressionTest0" name="test0029" time="0"/>
  <testcase classname="RegressionTest0" name="test0030" time="0"/>
  <testcase classname="RegressionTest0" name="test0031" time="0"/>
  <testcase classname="RegressionTest0" name="test0032" time="0"/>
  <testcase classname="RegressionTest0" name="test0033" time="0"/>
  <testcase classname="RegressionTest0" name="test0034" time="0"/>
  <testcase classname="RegressionTest0" name="test0035" time="0.001"/>
  <testcase classname="RegressionTest0" name="test0036" time="0.001"/>
  <testcase classname="RegressionTest0" name="test0037" time="0.002"/>
  <testcase classname="RegressionTest0" name="test0038" time="0"/>
  <testcase classname="RegressionTest0" name="test0039" time="0"/>
  <testcase classname="RegressionTest0" name="test0040" time="0"/>
  <testcase classname="RegressionTest0" name="test0041" time="0"/>
  <testcase classname="RegressionTest0" name="test0042" time="0"/>
  <testcase classname="RegressionTest0" name="test0043" time="0"/>
  <testcase classname="RegressionTest0" name="test0044" time="0"/>
  <testcase classname="RegressionTest0" name="test0045" time="0"/>
  <testcase classname="RegressionTest0" name="test0046" time="0"/>
  <testcase classname="RegressionTest0" name="test0047" time="0"/>
  <testcase classname="RegressionTest0" name="test0048" time="0"/>
  <testcase classname="RegressionTest0" name="test0049" time="0"/>
  <testcase classname="RegressionTest0" name="test0050" time="0"/>
  <testcase classname="RegressionTest0" name="test0051" time="0"/>
  <testcase classname="RegressionTest0" name="test0052" time="0"/>
  <testcase classname="RegressionTest0" name="test0053" time="0"/>
  <testcase classname="RegressionTest0" name="test0054" time="0"/>
  <testcase classname="RegressionTest0" name="test0055" time="0"/>
  <testcase classname="RegressionTest0" name="test0056" time="0"/>
  <testcase classname="RegressionTest0" name="test0057" time="0"/>
  <testcase classname="RegressionTest0" name="test0058" time="0"/>
  <testcase classname="RegressionTest0" name="test0059" time="0"/>
  <testcase classname="RegressionTest0" name="test0060" time="0.001"/>
  <testcase classname="RegressionTest0" name="test0061" time="0"/>
  <testcase classname="RegressionTest0" name="test0062" time="0"/>
  <testcase classname="RegressionTest0" name="test0063" time="0"/>
  <testcase classname="RegressionTest0" name="test0064" time="0.001"/>
  <testcase classname="RegressionTest0" name="test0065" time="0"/>
  <testcase classname="RegressionTest0" name="test0066" time="0"/>
  <testcase classname="RegressionTest0" name="test0067" time="0"/>
  <testcase classname="RegressionTest0" name="test0068" time="0"/>
  <testcase classname="RegressionTest0" name="test0069" time="0.001"/>
  <testcase classname="RegressionTest0" name="test0070" time="0"/>
  <testcase classname="RegressionTest0" name="test0071" time="0.001"/>
  <testcase classname="RegressionTest0" name="test0072" time="0"/>
  <testcase classname="RegressionTest0" name="test0073" time="0.001"/>
  <testcase classname="RegressionTest0" name="test0074" time="0"/>
  <testcase classname="RegressionTest0" name="test0075" time="0.002"/>
  <testcase classname="RegressionTest0" name="test0076" time="0.001"/>
  <testcase classname="RegressionTest0" name="test0077" time="0.002"/>
  <testcase classname="RegressionTest0" name="test0078" time="0"/>
  <testcase classname="RegressionTest0" name="test0079" time="0.001"/>
  <testcase classname="RegressionTest0" name="test0080" time="0"/>
  <testcase classname="RegressionTest0" name="test0081" time="0"/>
  <testcase classname="RegressionTest0" name="test0082" time="0"/>
  <testcase classname="RegressionTest0" name="test0083" time="0"/>
  <testcase classname="RegressionTest0" name="test0084" time="0"/>
  <testcase classname="RegressionTest0" name="test0085" time="0"/>
  <testcase classname="RegressionTest0" name="test0086" time="0"/>
  <testcase classname="RegressionTest0" name="test0087" time="0"/>
  <testcase classname="RegressionTest0" name="test0088" time="0"/>
  <testcase classname="RegressionTest0" name="test0089" time="0"/>
  <testcase classname="RegressionTest0" name="test0090" time="0"/>
  <testcase classname="RegressionTest0" name="test0091" time="0"/>
  <testcase classname="RegressionTest0" name="test0092" time="0.001"/>
  <testcase classname="RegressionTest0" name="test0093" time="0.001"/>
  <testcase classname="RegressionTest0" name="test0094" time="0"/>
  <testcase classname="RegressionTest0" name="test0095" time="0"/>
  <testcase classname="RegressionTest0" name="test0096" time="0"/>
  <testcase classname="RegressionTest0" name="test0097" time="0"/>
  <testcase classname="RegressionTest0" name="test0098" time="0"/>
  <testcase classname="RegressionTest0" name="test0099" time="0"/>
  <testcase classname="RegressionTest0" name="test0100" time="0"/>
  <testcase classname="RegressionTest0" name="test0101" time="0"/>
  <testcase classname="RegressionTest0" name="test0102" time="0.001"/>
  <testcase classname="RegressionTest0" name="test0103" time="0"/>
  <testcase classname="RegressionTest0" name="test0104" time="0"/>
  <testcase classname="RegressionTest0" name="test0105" time="0"/>
  <testcase classname="RegressionTest0" name="test0106" time="0"/>
  <testcase classname="RegressionTest0" name="test0107" time="0"/>
  <testcase classname="RegressionTest0" name="test0108" time="0"/>
  <testcase classname="RegressionTest0" name="test0109" time="0"/>
  <testcase classname="RegressionTest0" name="test0110" time="0"/>
  <testcase classname="RegressionTest0" name="test0111" time="0"/>
  <testcase classname="RegressionTest0" name="test0112" time="0"/>
  <testcase classname="RegressionTest0" name="test0113" time="0"/>
  <testcase classname="RegressionTest0" name="test0114" time="0"/>
  <testcase classname="RegressionTest0" name="test0115" time="0"/>
  <testcase classname="RegressionTest0" name="test0116" time="0"/>
  <testcase classname="RegressionTest0" name="test0117" time="0"/>
  <testcase classname="RegressionTest0" name="test0118" time="0"/>
  <testcase classname="RegressionTest0" name="test0119" time="0"/>
  <testcase classname="RegressionTest0" name="test0120" time="0"/>
  <testcase classname="RegressionTest0" name="test0121" time="0.001"/>
  <testcase classname="RegressionTest0" name="test0122" time="0"/>
  <testcase classname="RegressionTest0" name="test0123" time="0"/>
  <testcase classname="RegressionTest0" name="test0124" time="0"/>
  <testcase classname="RegressionTest0" name="test0125" time="0"/>
  <testcase classname="RegressionTest0" name="test0126" time="0"/>
  <testcase classname="RegressionTest0" name="test0127" time="0"/>
  <testcase classname="RegressionTest0" name="test0128" time="0"/>
  <testcase classname="RegressionTest0" name="test0129" time="0"/>
  <testcase classname="RegressionTest0" name="test0130" time="0"/>
  <testcase classname="RegressionTest0" name="test0131" time="0"/>
  <testcase classname="RegressionTest0" name="test0132" time="0"/>
  <testcase classname="RegressionTest0" name="test0133" time="0"/>
  <testcase classname="RegressionTest0" name="test0134" time="0"/>
  <testcase classname="RegressionTest0" name="test0135" time="0"/>
  <testcase classname="RegressionTest0" name="test0136" time="0"/>
  <testcase classname="RegressionTest0" name="test0137" time="0"/>
  <testcase classname="RegressionTest0" name="test0138" time="0"/>
  <testcase classname="RegressionTest0" name="test0139" time="0"/>
  <testcase classname="RegressionTest0" name="test0140" time="0"/>
  <testcase classname="RegressionTest0" name="test0141" time="0"/>
  <testcase classname="RegressionTest0" name="test0142" time="0"/>
  <testcase classname="RegressionTest0" name="test0143" time="0"/>
  <testcase classname="RegressionTest0" name="test0144" time="0"/>
  <testcase classname="RegressionTest0" name="test0145" time="0"/>
  <testcase classname="RegressionTest0" name="test0146" time="0"/>
  <testcase classname="RegressionTest0" name="test0147" time="0"/>
  <testcase classname="RegressionTest0" name="test0148" time="0"/>
  <testcase classname="RegressionTest0" name="test0149" time="0"/>
  <testcase classname="RegressionTest0" name="test0150" time="0"/>
  <testcase classname="RegressionTest0" name="test0151" time="0"/>
  <testcase classname="RegressionTest0" name="test0152" time="0"/>
  <testcase classname="RegressionTest0" name="test0153" time="0"/>
  <testcase classname="RegressionTest0" name="test0154" time="0"/>
  <testcase classname="RegressionTest0" name="test0155" time="0"/>
  <testcase classname="RegressionTest0" name="test0156" time="0"/>
  <testcase classname="RegressionTest0" name="test0157" time="0"/>
  <testcase classname="RegressionTest0" name="test0158" time="0.001"/>
  <testcase classname="RegressionTest0" name="test0159" time="0"/>
  <testcase classname="RegressionTest0" name="test0160" time="0"/>
  <testcase classname="RegressionTest0" name="test0161" time="0"/>
  <testcase classname="RegressionTest0" name="test0162" time="0"/>
  <testcase classname="RegressionTest0" name="test0163" time="0"/>
  <testcase classname="RegressionTest0" name="test0164" time="0"/>
  <testcase classname="RegressionTest0" name="test0165" time="0"/>
  <testcase classname="RegressionTest0" name="test0166" time="0"/>
  <testcase classname="RegressionTest0" name="test0167" time="0"/>
  <testcase classname="RegressionTest0" name="test0168" time="0.001"/>
  <testcase classname="RegressionTest0" name="test0169" time="0"/>
  <testcase classname="RegressionTest0" name="test0170" time="0"/>
  <testcase classname="RegressionTest0" name="test0171" time="0"/>
  <testcase classname="RegressionTest0" name="test0172" time="0"/>
  <testcase classname="RegressionTest0" name="test0173" time="0"/>
  <testcase classname="RegressionTest0" name="test0174" time="0"/>
  <testcase classname="RegressionTest0" name="test0175" time="0"/>
  <testcase classname="RegressionTest0" name="test0176" time="0"/>
  <testcase classname="RegressionTest0" name="test0177" time="0"/>
  <testcase classname="RegressionTest0" name="test0178" time="0"/>
  <testcase classname="RegressionTest0" name="test0179" time="0"/>
  <testcase classname="RegressionTest0" name="test0180" time="0"/>
  <testcase classname="RegressionTest0" name="test0181" time="0"/>
  <testcase classname="RegressionTest0" name="test0182" time="0"/>
  <testcase classname="RegressionTest0" name="test0183" time="0"/>
  <testcase classname="RegressionTest0" name="test0184" time="0"/>
  <testcase classname="RegressionTest0" name="test0185" time="0"/>
  <testcase classname="RegressionTest0" name="test0186" time="0"/>
  <testcase classname="RegressionTest0" name="test0187" time="0"/>
  <testcase classname="RegressionTest0" name="test0188" time="0"/>
  <testcase classname="RegressionTest0" name="test0189" time="0"/>
  <testcase classname="RegressionTest0" name="test0190" time="0"/>
  <testcase classname="RegressionTest0" name="test0191" time="0"/>
  <testcase classname="RegressionTest0" name="test0192" time="0"/>
  <testcase classname="RegressionTest0" name="test0193" time="0"/>
  <testcase classname="RegressionTest0" name="test0194" time="0"/>
  <testcase classname="RegressionTest0" name="test0195" time="0"/>
  <testcase classname="RegressionTest0" name="test0196" time="0"/>
  <testcase classname="RegressionTest0" name="test0197" time="0"/>
  <testcase classname="RegressionTest0" name="test0198" time="0"/>
  <testcase classname="RegressionTest0" name="test0199" time="0"/>
  <testcase classname="RegressionTest0" name="test0200" time="0"/>
  <testcase classname="RegressionTest0" name="test0201" time="0"/>
  <testcase classname="RegressionTest0" name="test0202" time="0"/>
  <testcase classname="RegressionTest0" name="test0203" time="0"/>
  <testcase classname="RegressionTest0" name="test0204" time="0"/>
  <testcase classname="RegressionTest0" name="test0205" time="0"/>
  <testcase classname="RegressionTest0" name="test0206" time="0"/>
  <testcase classname="RegressionTest0" name="test0207" time="0"/>
  <testcase classname="RegressionTest0" name="test0208" time="0"/>
  <testcase classname="RegressionTest0" name="test0209" time="0"/>
  <testcase classname="RegressionTest0" name="test0210" time="0"/>
  <testcase classname="RegressionTest0" name="test0211" time="0"/>
  <testcase classname="RegressionTest0" name="test0212" time="0"/>
  <testcase classname="RegressionTest0" name="test0213" time="0"/>
  <testcase classname="RegressionTest0" name="test0214" time="0"/>
  <testcase classname="RegressionTest0" name="test0215" time="0"/>
  <testcase classname="RegressionTest0" name="test0216" time="0"/>
  <testcase classname="RegressionTest0" name="test0217" time="0"/>
  <testcase classname="RegressionTest0" name="test0218" time="0.001"/>
  <testcase classname="RegressionTest0" name="test0219" time="0"/>
  <testcase classname="RegressionTest0" name="test0220" time="0"/>
  <testcase classname="RegressionTest0" name="test0221" time="0"/>
  <testcase classname="RegressionTest0" name="test0222" time="0"/>
  <testcase classname="RegressionTest0" name="test0223" time="0"/>
  <testcase classname="RegressionTest0" name="test0224" time="0"/>
  <testcase classname="RegressionTest0" name="test0225" time="0"/>
  <testcase classname="RegressionTest0" name="test0226" time="0"/>
  <testcase classname="RegressionTest0" name="test0227" time="0.003"/>
  <testcase classname="RegressionTest0" name="test0228" time="0"/>
  <testcase classname="RegressionTest0" name="test0229" time="0"/>
  <testcase classname="RegressionTest0" name="test0230" time="0"/>
  <testcase classname="RegressionTest0" name="test0231" time="0"/>
  <testcase classname="RegressionTest0" name="test0232" time="0"/>
  <testcase classname="RegressionTest0" name="test0233" time="0"/>
  <testcase classname="RegressionTest0" name="test0234" time="0"/>
  <testcase classname="RegressionTest0" name="test0235" time="0"/>
  <testcase classname="RegressionTest0" name="test0236" time="0"/>
  <testcase classname="RegressionTest0" name="test0237" time="0"/>
  <testcase classname="RegressionTest0" name="test0238" time="0"/>
  <testcase classname="RegressionTest0" name="test0239" time="0.011"/>
  <testcase classname="RegressionTest0" name="test0240" time="0.001"/>
  <testcase classname="RegressionTest0" name="test0241" time="0"/>
  <testcase classname="RegressionTest0" name="test0242" time="0"/>
  <testcase classname="RegressionTest0" name="test0243" time="0"/>
  <testcase classname="RegressionTest0" name="test0244" time="0"/>
  <testcase classname="RegressionTest0" name="test0245" time="0"/>
  <testcase classname="RegressionTest0" name="test0246" time="0"/>
  <testcase classname="RegressionTest0" name="test0247" time="0"/>
  <testcase classname="RegressionTest0" name="test0248" time="0"/>
  <testcase classname="RegressionTest0" name="test0249" time="0"/>
  <testcase classname="RegressionTest0" name="test0250" time="0"/>
  <testcase classname="RegressionTest0" name="test0251" time="0"/>
  <testcase classname="RegressionTest0" name="test0252" time="0"/>
  <testcase classname="RegressionTest0" name="test0253" time="0"/>
  <testcase classname="RegressionTest0" name="test0254" time="0"/>
  <testcase classname="RegressionTest0" name="test0255" time="0"/>
  <testcase classname="RegressionTest0" name="test0256" time="0"/>
  <testcase classname="RegressionTest0" name="test0257" time="0"/>
  <testcase classname="RegressionTest0" name="test0258" time="0"/>
  <testcase classname="RegressionTest0" name="test0259" time="0"/>
  <testcase classname="RegressionTest0" name="test0260" time="0"/>
  <testcase classname="RegressionTest0" name="test0261" time="0"/>
  <testcase classname="RegressionTest0" name="test0262" time="0"/>
  <testcase classname="RegressionTest0" name="test0263" time="0"/>
  <testcase classname="RegressionTest0" name="test0264" time="0"/>
  <testcase classname="RegressionTest0" name="test0265" time="0"/>
  <testcase classname="RegressionTest0" name="test0266" time="0"/>
  <testcase classname="RegressionTest0" name="test0267" time="0"/>
  <testcase classname="RegressionTest0" name="test0268" time="0"/>
  <testcase classname="RegressionTest0" name="test0269" time="0"/>
  <testcase classname="RegressionTest0" name="test0270" time="0"/>
  <testcase classname="RegressionTest0" name="test0271" time="0"/>
  <testcase classname="RegressionTest0" name="test0272" time="0"/>
  <testcase classname="RegressionTest0" name="test0273" time="0"/>
  <testcase classname="RegressionTest0" name="test0274" time="0"/>
  <testcase classname="RegressionTest0" name="test0275" time="0"/>
  <testcase classname="RegressionTest0" name="test0276" time="0"/>
  <testcase classname="RegressionTest0" name="test0277" time="0"/>
  <testcase classname="RegressionTest0" name="test0278" time="0"/>
  <testcase classname="RegressionTest0" name="test0279" time="0"/>
  <testcase classname="RegressionTest0" name="test0280" time="0"/>
  <testcase classname="RegressionTest0" name="test0281" time="0"/>
  <testcase classname="RegressionTest0" name="test0282" time="0"/>
  <testcase classname="RegressionTest0" name="test0283" time="0"/>
  <testcase classname="RegressionTest0" name="test0284" time="0"/>
  <testcase classname="RegressionTest0" name="test0285" time="0"/>
  <testcase classname="RegressionTest0" name="test0286" time="0"/>
  <testcase classname="RegressionTest0" name="test0287" time="0"/>
  <testcase classname="RegressionTest0" name="test0288" time="0"/>
  <testcase classname="RegressionTest0" name="test0289" time="0"/>
  <testcase classname="RegressionTest0" name="test0290" time="0"/>
  <testcase classname="RegressionTest0" name="test0291" time="0.001"/>
  <testcase classname="RegressionTest0" name="test0292" time="0.001"/>
  <testcase classname="RegressionTest0" name="test0293" time="0"/>
  <testcase classname="RegressionTest0" name="test0294" time="0"/>
  <testcase classname="RegressionTest0" name="test0295" time="0"/>
  <testcase classname="RegressionTest0" name="test0296" time="0"/>
  <testcase classname="RegressionTest0" name="test0297" time="0"/>
  <testcase classname="RegressionTest0" name="test0298" time="0"/>
  <testcase classname="RegressionTest0" name="test0299" time="0"/>
  <testcase classname="RegressionTest0" name="test0300" time="0"/>
  <testcase classname="RegressionTest0" name="test0301" time="0.001"/>
  <testcase classname="RegressionTest0" name="test0302" time="0"/>
  <testcase classname="RegressionTest0" name="test0303" time="0.001"/>
  <testcase classname="RegressionTest0" name="test0304" time="0"/>
  <testcase classname="RegressionTest0" name="test0305" time="0"/>
  <testcase classname="RegressionTest0" name="test0306" time="0"/>
  <testcase classname="RegressionTest0" name="test0307" time="0"/>
  <testcase classname="RegressionTest0" name="test0308" time="0"/>
  <testcase classname="RegressionTest0" name="test0309" time="0"/>
  <testcase classname="RegressionTest0" name="test0310" time="0"/>
  <testcase classname="RegressionTest0" name="test0311" time="0"/>
  <testcase classname="RegressionTest0" name="test0312" time="0.001"/>
  <testcase classname="RegressionTest0" name="test0313" time="0"/>
  <testcase classname="RegressionTest0" name="test0314" time="0"/>
  <testcase classname="RegressionTest0" name="test0315" time="0.001"/>
  <testcase classname="RegressionTest0" name="test0316" time="0"/>
  <testcase classname="RegressionTest0" name="test0317" time="0"/>
  <testcase classname="RegressionTest0" name="test0318" time="0"/>
  <testcase classname="RegressionTest0" name="test0319" time="0"/>
  <testcase classname="RegressionTest0" name="test0320" time="0"/>
  <testcase classname="RegressionTest0" name="test0321" time="0.001"/>
  <testcase classname="RegressionTest0" name="test0322" time="0"/>
  <testcase classname="RegressionTest0" name="test0323" time="0"/>
  <testcase classname="RegressionTest0" name="test0324" time="0"/>
  <testcase classname="RegressionTest0" name="test0325" time="0"/>
  <testcase classname="RegressionTest0" name="test0326" time="0"/>
  <testcase classname="RegressionTest0" name="test0327" time="0"/>
  <testcase classname="RegressionTest0" name="test0328" time="0.001"/>
  <testcase classname="RegressionTest0" name="test0329" time="0"/>
  <testcase classname="RegressionTest0" name="test0330" time="0"/>
  <testcase classname="RegressionTest0" name="test0331" time="0"/>
  <testcase classname="RegressionTest0" name="test0332" time="0.001"/>
  <testcase classname="RegressionTest0" name="test0333" time="0"/>
  <testcase classname="RegressionTest0" name="test0334" time="0"/>
  <testcase classname="RegressionTest0" name="test0335" time="0"/>
  <testcase classname="RegressionTest0" name="test0336" time="0"/>
  <testcase classname="RegressionTest0" name="test0337" time="0.002"/>
  <testcase classname="RegressionTest0" name="test0338" time="0"/>
  <testcase classname="RegressionTest0" name="test0339" time="0"/>
  <testcase classname="RegressionTest0" name="test0340" time="0"/>
  <testcase classname="RegressionTest0" name="test0341" time="0.001"/>
  <testcase classname="RegressionTest0" name="test0342" time="0"/>
  <testcase classname="RegressionTest0" name="test0343" time="0"/>
  <testcase classname="RegressionTest0" name="test0344" time="0"/>
  <testcase classname="RegressionTest0" name="test0345" time="0"/>
  <testcase classname="RegressionTest0" name="test0346" time="0"/>
  <testcase classname="RegressionTest0" name="test0347" time="0"/>
  <testcase classname="RegressionTest0" name="test0348" time="0.001"/>
  <testcase classname="RegressionTest0" name="test0349" time="0"/>
  <testcase classname="RegressionTest0" name="test0350" time="0"/>
  <testcase classname="RegressionTest0" name="test0351" time="0"/>
  <testcase classname="RegressionTest0" name="test0352" time="0"/>
  <testcase classname="RegressionTest0" name="test0353" time="0.001"/>
  <testcase classname="RegressionTest0" name="test0354" time="0"/>
  <testcase classname="RegressionTest0" name="test0355" time="0.001"/>
  <testcase classname="RegressionTest0" name="test0356" time="0"/>
  <testcase classname="RegressionTest0" name="test0357" time="0.001"/>
  <testcase classname="RegressionTest0" name="test0358" time="0"/>
  <testcase classname="RegressionTest0" name="test0359" time="0"/>
  <testcase classname="RegressionTest0" name="test0360" time="0"/>
  <testcase classname="RegressionTest0" name="test0361" time="0.001"/>
  <testcase classname="RegressionTest0" name="test0362" time="0"/>
  <testcase classname="RegressionTest0" name="test0363" time="0"/>
  <testcase classname="RegressionTest0" name="test0364" time="0"/>
  <testcase classname="RegressionTest0" name="test0365" time="0.001"/>
  <testcase classname="RegressionTest0" name="test0366" time="0"/>
  <testcase classname="RegressionTest0" name="test0367" time="0.001"/>
  <testcase classname="RegressionTest0" name="test0368" time="0"/>
  <testcase classname="RegressionTest0" name="test0369" time="0.001"/>
  <testcase classname="RegressionTest0" name="test0370" time="0"/>
  <testcase classname="RegressionTest0" name="test0371" time="0"/>
  <testcase classname="RegressionTest0" name="test0372" time="0"/>
  <testcase classname="RegressionTest0" name="test0373" time="0.001"/>
  <testcase classname="RegressionTest0" name="test0374" time="0.001"/>
  <testcase classname="RegressionTest0" name="test0375" time="0"/>
  <testcase classname="RegressionTest0" name="test0376" time="0"/>
  <testcase classname="RegressionTest0" name="test0377" time="0.001"/>
  <testcase classname="RegressionTest0" name="test0378" time="0"/>
  <testcase classname="RegressionTest0" name="test0379" time="0"/>
  <testcase classname="RegressionTest0" name="test0380" time="0"/>
  <testcase classname="RegressionTest0" name="test0381" time="0"/>
  <testcase classname="RegressionTest0" name="test0382" time="0.001"/>
  <testcase classname="RegressionTest0" name="test0383" time="0"/>
  <testcase classname="RegressionTest0" name="test0384" time="0.001"/>
  <testcase classname="RegressionTest0" name="test0385" time="0"/>
  <testcase classname="RegressionTest0" name="test0386" time="0"/>
  <testcase classname="RegressionTest0" name="test0387" time="0"/>
  <testcase classname="RegressionTest0" name="test0388" time="0"/>
  <testcase classname="RegressionTest0" name="test0389" time="0"/>
  <testcase classname="RegressionTest0" name="test0390" time="0"/>
  <testcase classname="RegressionTest0" name="test0391" time="0"/>
  <testcase classname="RegressionTest0" name="test0392" time="0.001"/>
  <testcase classname="RegressionTest0" name="test0393" time="0"/>
  <testcase classname="RegressionTest0" name="test0394" time="0"/>
  <testcase classname="RegressionTest0" name="test0395" time="0"/>
  <testcase classname="RegressionTest0" name="test0396" time="0"/>
  <testcase classname="RegressionTest0" name="test0397" time="0"/>
  <testcase classname="RegressionTest0" name="test0398" time="0"/>
  <testcase classname="RegressionTest0" name="test0399" time="0"/>
  <testcase classname="RegressionTest0" name="test0400" time="0.001"/>
  <testcase classname="RegressionTest0" name="test0401" time="0"/>
  <testcase classname="RegressionTest0" name="test0402" time="0.001"/>
  <testcase classname="RegressionTest0" name="test0403" time="0"/>
  <testcase classname="RegressionTest0" name="test0404" time="0"/>
  <testcase classname="RegressionTest0" name="test0405" time="0"/>
  <testcase classname="RegressionTest0" name="test0406" time="0"/>
  <testcase classname="RegressionTest0" name="test0407" time="0"/>
  <testcase classname="RegressionTest0" name="test0408" time="0"/>
  <testcase classname="RegressionTest0" name="test0409" time="0"/>
  <testcase classname="RegressionTest0" name="test0410" time="0"/>
  <testcase classname="RegressionTest0" name="test0411" time="0.001"/>
  <testcase classname="RegressionTest0" name="test0412" time="0"/>
  <testcase classname="RegressionTest0" name="test0413" time="0.001"/>
  <testcase classname="RegressionTest0" name="test0414" time="0"/>
  <testcase classname="RegressionTest0" name="test0415" time="0"/>
  <testcase classname="RegressionTest0" name="test0416" time="0"/>
  <testcase classname="RegressionTest0" name="test0417" time="0"/>
  <testcase classname="RegressionTest0" name="test0418" time="0"/>
  <testcase classname="RegressionTest0" name="test0419" time="0.001"/>
  <testcase classname="RegressionTest0" name="test0420" time="0"/>
  <testcase classname="RegressionTest0" name="test0421" time="0"/>
  <testcase classname="RegressionTest0" name="test0422" time="0"/>
  <testcase classname="RegressionTest0" name="test0423" time="0"/>
  <testcase classname="RegressionTest0" name="test0424" time="0"/>
  <testcase classname="RegressionTest0" name="test0425" time="0"/>
  <testcase classname="RegressionTest0" name="test0426" time="0"/>
  <testcase classname="RegressionTest0" name="test0427" time="0"/>
  <testcase classname="RegressionTest0" name="test0428" time="0"/>
  <testcase classname="RegressionTest0" name="test0429" time="0"/>
  <testcase classname="RegressionTest0" name="test0430" time="0"/>
  <testcase classname="RegressionTest0" name="test0431" time="0.001"/>
  <testcase classname="RegressionTest0" name="test0432" time="0"/>
  <testcase classname="RegressionTest0" name="test0433" time="0"/>
  <testcase classname="RegressionTest0" name="test0434" time="0"/>
  <testcase classname="RegressionTest0" name="test0435" time="0"/>
  <testcase classname="RegressionTest0" name="test0436" time="0.001"/>
  <testcase classname="RegressionTest0" name="test0437" time="0"/>
  <testcase classname="RegressionTest0" name="test0438" time="0"/>
  <testcase classname="RegressionTest0" name="test0439" time="0"/>
  <testcase classname="RegressionTest0" name="test0440" time="0"/>
  <testcase classname="RegressionTest0" name="test0441" time="0"/>
  <testcase classname="RegressionTest0" name="test0442" time="0.003"/>
  <testcase classname="RegressionTest0" name="test0443" time="0"/>
  <testcase classname="RegressionTest0" name="test0444" time="0"/>
  <testcase classname="RegressionTest0" name="test0445" time="0"/>
  <testcase classname="RegressionTest0" name="test0446" time="0"/>
  <testcase classname="RegressionTest0" name="test0447" time="0.001"/>
  <testcase classname="RegressionTest0" name="test0448" time="0"/>
  <testcase classname="RegressionTest0" name="test0449" time="0"/>
  <testcase classname="RegressionTest0" name="test0450" time="0"/>
  <testcase classname="RegressionTest0" name="test0451" time="0.001"/>
  <testcase classname="RegressionTest0" name="test0452" time="0"/>
  <testcase classname="RegressionTest0" name="test0453" time="0.001"/>
  <testcase classname="RegressionTest0" name="test0454" time="0"/>
  <testcase classname="RegressionTest0" name="test0455" time="0"/>
  <testcase classname="RegressionTest0" name="test0456" time="0"/>
  <testcase classname="RegressionTest0" name="test0457" time="0"/>
  <testcase classname="RegressionTest0" name="test0458" time="0"/>
  <testcase classname="RegressionTest0" name="test0459" time="0"/>
  <testcase classname="RegressionTest0" name="test0460" time="0"/>
  <testcase classname="RegressionTest0" name="test0461" time="0"/>
  <testcase classname="RegressionTest0" name="test0462" time="0"/>
  <testcase classname="RegressionTest0" name="test0463" time="0"/>
  <testcase classname="RegressionTest0" name="test0464" time="0"/>
  <testcase classname="RegressionTest0" name="test0465" time="0.001"/>
  <testcase classname="RegressionTest0" name="test0466" time="0"/>
  <testcase classname="RegressionTest0" name="test0467" time="0"/>
  <testcase classname="RegressionTest0" name="test0468" time="0"/>
  <testcase classname="RegressionTest0" name="test0469" time="0"/>
  <testcase classname="RegressionTest0" name="test0470" time="0"/>
  <testcase classname="RegressionTest0" name="test0471" time="0.001"/>
  <testcase classname="RegressionTest0" name="test0472" time="0"/>
  <testcase classname="RegressionTest0" name="test0473" time="0"/>
  <testcase classname="RegressionTest0" name="test0474" time="0"/>
  <testcase classname="RegressionTest0" name="test0475" time="0"/>
  <testcase classname="RegressionTest0" name="test0476" time="0.001"/>
  <testcase classname="RegressionTest0" name="test0477" time="0"/>
  <testcase classname="RegressionTest0" name="test0478" time="0"/>
  <testcase classname="RegressionTest0" name="test0479" time="0"/>
  <testcase classname="RegressionTest0" name="test0480" time="0"/>
  <testcase classname="RegressionTest0" name="test0481" time="0"/>
  <testcase classname="RegressionTest0" name="test0482" time="0"/>
  <testcase classname="RegressionTest0" name="test0483" time="0.004"/>
  <testcase classname="RegressionTest0" name="test0484" time="0"/>
  <testcase classname="RegressionTest0" name="test0485" time="0"/>
  <testcase classname="RegressionTest0" name="test0486" time="0"/>
  <testcase classname="RegressionTest0" name="test0487" time="0"/>
  <testcase classname="RegressionTest0" name="test0488" time="0"/>
  <testcase classname="RegressionTest0" name="test0489" time="0"/>
  <testcase classname="RegressionTest0" name="test0490" time="0"/>
  <testcase classname="RegressionTest0" name="test0491" time="0"/>
  <testcase classname="RegressionTest0" name="test0492" time="0"/>
  <testcase classname="RegressionTest0" name="test0493" time="0"/>
  <testcase classname="RegressionTest0" name="test0494" time="0.002"/>
  <testcase classname="RegressionTest0" name="test0495" time="0"/>
  <testcase classname="RegressionTest0" name="test0496" time="0"/>
  <testcase classname="RegressionTest0" name="test0497" time="0"/>
  <testcase classname="RegressionTest0" name="test0498" time="0"/>
  <testcase classname="RegressionTest0" name="test0499" time="0"/>
  <testcase classname="RegressionTest0" name="test0500" time="0"/>
  <testcase classname="RegressionTest1" name="test0501" time="0"/>
  <testcase classname="RegressionTest1" name="test0502" time="0"/>
  <testcase classname="RegressionTest1" name="test0503" time="0"/>
  <testcase classname="RegressionTest1" name="test0504" time="0.002"/>
  <testcase classname="RegressionTest1" name="test0505" time="0"/>
  <testcase classname="RegressionTest1" name="test0506" time="0"/>
  <testcase classname="RegressionTest1" name="test0507" time="0"/>
  <testcase classname="RegressionTest1" name="test0508" time="0"/>
  <testcase classname="RegressionTest1" name="test0509" time="0"/>
  <testcase classname="RegressionTest1" name="test0510" time="0"/>
  <testcase classname="RegressionTest1" name="test0511" time="0"/>
  <testcase classname="RegressionTest1" name="test0512" time="0"/>
  <testcase classname="RegressionTest1" name="test0513" time="0.002"/>
  <testcase classname="RegressionTest1" name="test0514" time="0"/>
  <testcase classname="RegressionTest1" name="test0515" time="0"/>
  <testcase classname="RegressionTest1" name="test0516" time="0.003"/>
  <testcase classname="RegressionTest1" name="test0517" time="0"/>
  <testcase classname="RegressionTest1" name="test0518" time="0"/>
  <testcase classname="RegressionTest1" name="test0519" time="0"/>
  <testcase classname="RegressionTest1" name="test0520" time="0"/>
  <testcase classname="RegressionTest1" name="test0521" time="0"/>
  <testcase classname="RegressionTest1" name="test0522" time="0"/>
  <testcase classname="RegressionTest1" name="test0523" time="0"/>
  <testcase classname="RegressionTest1" name="test0524" time="0"/>
  <testcase classname="RegressionTest1" name="test0525" time="0"/>
  <testcase classname="RegressionTest1" name="test0526" time="0"/>
  <testcase classname="RegressionTest1" name="test0527" time="0"/>
  <testcase classname="RegressionTest1" name="test0528" time="0"/>
  <testcase classname="RegressionTest1" name="test0529" time="0"/>
  <testcase classname="RegressionTest1" name="test0530" time="0"/>
  <testcase classname="RegressionTest1" name="test0531" time="0"/>
  <testcase classname="RegressionTest1" name="test0532" time="0"/>
  <testcase classname="RegressionTest1" name="test0533" time="0"/>
  <testcase classname="RegressionTest1" name="test0534" time="0.001"/>
  <testcase classname="RegressionTest1" name="test0535" time="0"/>
  <testcase classname="RegressionTest1" name="test0536" time="0.001"/>
  <testcase classname="RegressionTest1" name="test0537" time="0"/>
  <testcase classname="RegressionTest1" name="test0538" time="0"/>
  <testcase classname="RegressionTest1" name="test0539" time="0"/>
  <testcase classname="RegressionTest1" name="test0540" time="0"/>
  <testcase classname="RegressionTest1" name="test0541" time="0"/>
  <testcase classname="RegressionTest1" name="test0542" time="0"/>
  <testcase classname="RegressionTest1" name="test0543" time="0"/>
  <testcase classname="RegressionTest1" name="test0544" time="0"/>
  <testcase classname="RegressionTest1" name="test0545" time="0"/>
  <testcase classname="RegressionTest1" name="test0546" time="0"/>
  <testcase classname="RegressionTest1" name="test0547" time="0"/>
  <testcase classname="RegressionTest1" name="test0548" time="0"/>
  <testcase classname="RegressionTest1" name="test0549" time="0"/>
  <testcase classname="RegressionTest1" name="test0550" time="0"/>
  <testcase classname="RegressionTest1" name="test0551" time="0"/>
  <testcase classname="RegressionTest1" name="test0552" time="0"/>
  <testcase classname="RegressionTest1" name="test0553" time="0"/>
  <testcase classname="RegressionTest1" name="test0554" time="0"/>
  <testcase classname="RegressionTest1" name="test0555" time="0"/>
  <testcase classname="RegressionTest1" name="test0556" time="0"/>
  <testcase classname="RegressionTest1" name="test0557" time="0"/>
  <testcase classname="RegressionTest1" name="test0558" time="0"/>
  <testcase classname="RegressionTest1" name="test0559" time="0"/>
  <testcase classname="RegressionTest1" name="test0560" time="0"/>
  <testcase classname="RegressionTest1" name="test0561" time="0"/>
  <testcase classname="RegressionTest1" name="test0562" time="0"/>
  <testcase classname="RegressionTest1" name="test0563" time="0"/>
  <testcase classname="RegressionTest1" name="test0564" time="0"/>
  <testcase classname="RegressionTest1" name="test0565" time="0"/>
  <testcase classname="RegressionTest1" name="test0566" time="0"/>
  <testcase classname="RegressionTest1" name="test0567" time="0"/>
  <testcase classname="RegressionTest1" name="test0568" time="0"/>
  <testcase classname="RegressionTest1" name="test0569" time="0"/>
  <testcase classname="RegressionTest1" name="test0570" time="0"/>
  <testcase classname="RegressionTest1" name="test0571" time="0"/>
  <testcase classname="RegressionTest1" name="test0572" time="0"/>
  <testcase classname="RegressionTest1" name="test0573" time="0"/>
  <testcase classname="RegressionTest1" name="test0574" time="0"/>
  <testcase classname="RegressionTest1" name="test0575" time="0"/>
  <testcase classname="RegressionTest1" name="test0576" time="0"/>
  <testcase classname="RegressionTest1" name="test0577" time="0"/>
  <testcase classname="RegressionTest1" name="test0578" time="0"/>
  <testcase classname="RegressionTest1" name="test0579" time="0"/>
  <testcase classname="RegressionTest1" name="test0580" time="0"/>
  <testcase classname="RegressionTest1" name="test0581" time="0"/>
  <testcase classname="RegressionTest1" name="test0582" time="0"/>
  <testcase classname="RegressionTest1" name="test0583" time="0"/>
  <testcase classname="RegressionTest1" name="test0584" time="0"/>
  <testcase classname="RegressionTest1" name="test0585" time="0"/>
  <testcase classname="RegressionTest1" name="test0586" time="0"/>
  <testcase classname="RegressionTest1" name="test0587" time="0"/>
  <testcase classname="RegressionTest1" name="test0588" time="0"/>
  <testcase classname="RegressionTest1" name="test0589" time="0"/>
  <testcase classname="RegressionTest1" name="test0590" time="0"/>
  <testcase classname="RegressionTest1" name="test0591" time="0"/>
  <testcase classname="RegressionTest1" name="test0592" time="0"/>
  <testcase classname="RegressionTest1" name="test0593" time="0"/>
  <testcase classname="RegressionTest1" name="test0594" time="0"/>
  <testcase classname="RegressionTest1" name="test0595" time="0"/>
  <testcase classname="RegressionTest1" name="test0596" time="0"/>
  <testcase classname="RegressionTest1" name="test0597" time="0"/>
  <testcase classname="RegressionTest1" name="test0598" time="0"/>
  <testcase classname="RegressionTest1" name="test0599" time="0"/>
  <testcase classname="RegressionTest1" name="test0600" time="0"/>
  <testcase classname="RegressionTest1" name="test0601" time="0"/>
  <testcase classname="RegressionTest1" name="test0602" time="0"/>
  <testcase classname="RegressionTest1" name="test0603" time="0"/>
  <testcase classname="RegressionTest1" name="test0604" time="0"/>
  <testcase classname="RegressionTest1" name="test0605" time="0.001"/>
  <testcase classname="RegressionTest1" name="test0606" time="0"/>
  <testcase classname="RegressionTest1" name="test0607" time="0"/>
  <testcase classname="RegressionTest1" name="test0608" time="0"/>
  <testcase classname="RegressionTest1" name="test0609" time="0"/>
  <testcase classname="RegressionTest1" name="test0610" time="0"/>
  <testcase classname="RegressionTest1" name="test0611" time="0.001"/>
  <testcase classname="RegressionTest1" name="test0612" time="0"/>
  <testcase classname="RegressionTest1" name="test0613" time="0"/>
  <testcase classname="RegressionTest1" name="test0614" time="0"/>
  <testcase classname="RegressionTest1" name="test0615" time="0"/>
  <testcase classname="RegressionTest1" name="test0616" time="0.001"/>
  <testcase classname="RegressionTest1" name="test0617" time="0"/>
  <testcase classname="RegressionTest1" name="test0618" time="0"/>
  <testcase classname="RegressionTest1" name="test0619" time="0"/>
  <testcase classname="RegressionTest1" name="test0620" time="0"/>
  <testcase classname="RegressionTest1" name="test0621" time="0.001"/>
  <testcase classname="RegressionTest1" name="test0622" time="0"/>
  <testcase classname="RegressionTest1" name="test0623" time="0"/>
  <testcase classname="RegressionTest1" name="test0624" time="0"/>
  <testcase classname="RegressionTest1" name="test0625" time="0"/>
  <testcase classname="RegressionTest1" name="test0626" time="0"/>
  <testcase classname="RegressionTest1" name="test0627" time="0"/>
  <testcase classname="RegressionTest1" name="test0628" time="0.001"/>
  <testcase classname="RegressionTest1" name="test0629" time="0"/>
  <testcase classname="RegressionTest1" name="test0630" time="0"/>
  <testcase classname="RegressionTest1" name="test0631" time="0"/>
  <testcase classname="RegressionTest1" name="test0632" time="0"/>
  <testcase classname="RegressionTest1" name="test0633" time="0"/>
  <testcase classname="RegressionTest1" name="test0634" time="0"/>
  <testcase classname="RegressionTest1" name="test0635" time="0"/>
  <testcase classname="RegressionTest1" name="test0636" time="0"/>
  <testcase classname="RegressionTest1" name="test0637" time="0"/>
  <testcase classname="RegressionTest1" name="test0638" time="0"/>
  <testcase classname="RegressionTest1" name="test0639" time="0"/>
  <testcase classname="RegressionTest1" name="test0640" time="0"/>
  <testcase classname="RegressionTest1" name="test0641" time="0"/>
  <testcase classname="RegressionTest1" name="test0642" time="0"/>
  <testcase classname="RegressionTest1" name="test0643" time="0"/>
  <testcase classname="RegressionTest1" name="test0644" time="0"/>
  <testcase classname="RegressionTest1" name="test0645" time="0"/>
  <testcase classname="RegressionTest1" name="test0646" time="0"/>
  <testcase classname="RegressionTest1" name="test0647" time="0"/>
  <testcase classname="RegressionTest1" name="test0648" time="0"/>
  <testcase classname="RegressionTest1" name="test0649" time="0"/>
  <testcase classname="RegressionTest1" name="test0650" time="0"/>
  <testcase classname="RegressionTest1" name="test0651" time="0"/>
  <testcase classname="RegressionTest1" name="test0652" time="0"/>
  <testcase classname="RegressionTest1" name="test0653" time="0"/>
  <testcase classname="RegressionTest1" name="test0654" time="0"/>
  <testcase classname="RegressionTest1" name="test0655" time="0"/>
  <testcase classname="RegressionTest1" name="test0656" time="0"/>
  <testcase classname="RegressionTest1" name="test0657" time="0"/>
  <testcase classname="RegressionTest1" name="test0658" time="0"/>
  <testcase classname="RegressionTest1" name="test0659" time="0.001"/>
  <testcase classname="RegressionTest1" name="test0660" time="0"/>
  <testcase classname="RegressionTest1" name="test0661" time="0.001"/>
  <testcase classname="RegressionTest1" name="test0662" time="0.001"/>
  <testcase classname="RegressionTest1" name="test0663" time="0"/>
  <testcase classname="RegressionTest1" name="test0664" time="0"/>
  <testcase classname="RegressionTest1" name="test0665" time="0"/>
  <testcase classname="RegressionTest1" name="test0666" time="0"/>
  <testcase classname="RegressionTest1" name="test0667" time="0"/>
  <testcase classname="RegressionTest1" name="test0668" time="0.001"/>
  <testcase classname="RegressionTest1" name="test0669" time="0"/>
  <testcase classname="RegressionTest1" name="test0670" time="0"/>
  <testcase classname="RegressionTest1" name="test0671" time="0"/>
  <testcase classname="RegressionTest1" name="test0672" time="0"/>
  <testcase classname="RegressionTest1" name="test0673" time="0"/>
  <testcase classname="RegressionTest1" name="test0674" time="0.001"/>
  <testcase classname="RegressionTest1" name="test0675" time="0"/>
  <testcase classname="RegressionTest1" name="test0676" time="0"/>
  <testcase classname="RegressionTest1" name="test0677" time="0"/>
  <testcase classname="RegressionTest1" name="test0678" time="0"/>
  <testcase classname="RegressionTest1" name="test0679" time="0"/>
  <testcase classname="RegressionTest1" name="test0680" time="0"/>
  <testcase classname="RegressionTest1" name="test0681" time="0"/>
  <testcase classname="RegressionTest1" name="test0682" time="0.001"/>
  <testcase classname="RegressionTest1" name="test0683" time="0"/>
  <testcase classname="RegressionTest1" name="test0684" time="0"/>
  <testcase classname="RegressionTest1" name="test0685" time="0"/>
  <testcase classname="RegressionTest1" name="test0686" time="0"/>
  <testcase classname="RegressionTest1" name="test0687" time="0"/>
  <testcase classname="RegressionTest1" name="test0688" time="0"/>
  <testcase classname="RegressionTest1" name="test0689" time="0"/>
  <testcase classname="RegressionTest1" name="test0690" time="0"/>
  <testcase classname="RegressionTest1" name="test0691" time="0"/>
  <testcase classname="RegressionTest1" name="test0692" time="0"/>
  <testcase classname="RegressionTest1" name="test0693" time="0"/>
  <testcase classname="RegressionTest1" name="test0694" time="0"/>
  <testcase classname="RegressionTest1" name="test0695" time="0"/>
  <testcase classname="RegressionTest1" name="test0696" time="0"/>
  <testcase classname="RegressionTest1" name="test0697" time="0.002"/>
  <testcase classname="RegressionTest1" name="test0698" time="0"/>
  <testcase classname="RegressionTest1" name="test0699" time="0"/>
  <testcase classname="RegressionTest1" name="test0700" time="0"/>
  <testcase classname="RegressionTest1" name="test0701" time="0"/>
  <testcase classname="RegressionTest1" name="test0702" time="0"/>
  <testcase classname="RegressionTest1" name="test0703" time="0"/>
  <testcase classname="RegressionTest1" name="test0704" time="0.001"/>
  <testcase classname="RegressionTest1" name="test0705" time="0"/>
  <testcase classname="RegressionTest1" name="test0706" time="0"/>
  <testcase classname="RegressionTest1" name="test0707" time="0"/>
  <testcase classname="RegressionTest1" name="test0708" time="0"/>
  <testcase classname="RegressionTest1" name="test0709" time="0"/>
  <testcase classname="RegressionTest1" name="test0710" time="0"/>
  <testcase classname="RegressionTest1" name="test0711" time="0"/>
  <testcase classname="RegressionTest1" name="test0712" time="0"/>
  <testcase classname="RegressionTest1" name="test0713" time="0"/>
  <testcase classname="RegressionTest1" name="test0714" time="0"/>
  <testcase classname="RegressionTest1" name="test0715" time="0"/>
  <testcase classname="RegressionTest1" name="test0716" time="0"/>
  <testcase classname="RegressionTest1" name="test0717" time="0"/>
  <testcase classname="RegressionTest1" name="test0718" time="0"/>
  <testcase classname="RegressionTest1" name="test0719" time="0"/>
  <testcase classname="RegressionTest1" name="test0720" time="0"/>
  <testcase classname="RegressionTest1" name="test0721" time="0"/>
  <testcase classname="RegressionTest1" name="test0722" time="0"/>
  <testcase classname="RegressionTest1" name="test0723" time="0"/>
  <testcase classname="RegressionTest1" name="test0724" time="0"/>
  <testcase classname="RegressionTest1" name="test0725" time="0.001"/>
  <testcase classname="RegressionTest1" name="test0726" time="0"/>
  <testcase classname="RegressionTest1" name="test0727" time="0"/>
  <testcase classname="RegressionTest1" name="test0728" time="0"/>
  <testcase classname="RegressionTest1" name="test0729" time="0"/>
  <testcase classname="RegressionTest1" name="test0730" time="0"/>
  <testcase classname="RegressionTest1" name="test0731" time="0"/>
  <testcase classname="RegressionTest1" name="test0732" time="0"/>
  <testcase classname="RegressionTest1" name="test0733" time="0"/>
  <testcase classname="RegressionTest1" name="test0734" time="0"/>
  <testcase classname="RegressionTest1" name="test0735" time="0"/>
  <testcase classname="RegressionTest1" name="test0736" time="0"/>
  <testcase classname="RegressionTest1" name="test0737" time="0"/>
  <testcase classname="RegressionTest1" name="test0738" time="0"/>
  <testcase classname="RegressionTest1" name="test0739" time="0"/>
  <testcase classname="RegressionTest1" name="test0740" time="0"/>
  <testcase classname="RegressionTest1" name="test0741" time="0"/>
  <testcase classname="RegressionTest1" name="test0742" time="0.001"/>
  <testcase classname="RegressionTest1" name="test0743" time="0"/>
  <testcase classname="RegressionTest1" name="test0744" time="0"/>
  <testcase classname="RegressionTest1" name="test0745" time="0"/>
  <testcase classname="RegressionTest1" name="test0746" time="0"/>
  <testcase classname="RegressionTest1" name="test0747" time="0"/>
  <testcase classname="RegressionTest1" name="test0748" time="0"/>
  <testcase classname="RegressionTest1" name="test0749" time="0.001"/>
  <testcase classname="RegressionTest1" name="test0750" time="0"/>
  <testcase classname="RegressionTest1" name="test0751" time="0"/>
  <testcase classname="RegressionTest1" name="test0752" time="0"/>
  <testcase classname="RegressionTest1" name="test0753" time="0"/>
  <testcase classname="RegressionTest1" name="test0754" time="0"/>
  <testcase classname="RegressionTest1" name="test0755" time="0.001"/>
  <testcase classname="RegressionTest1" name="test0756" time="0"/>
  <testcase classname="RegressionTest1" name="test0757" time="0"/>
  <testcase classname="RegressionTest1" name="test0758" time="0"/>
  <testcase classname="RegressionTest1" name="test0759" time="0"/>
  <testcase classname="RegressionTest1" name="test0760" time="0"/>
  <testcase classname="RegressionTest1" name="test0761" time="0"/>
  <testcase classname="RegressionTest1" name="test0762" time="0"/>
  <testcase classname="RegressionTest1" name="test0763" time="0.001"/>
  <testcase classname="RegressionTest1" name="test0764" time="0"/>
  <testcase classname="RegressionTest1" name="test0765" time="0"/>
  <testcase classname="RegressionTest1" name="test0766" time="0"/>
  <testcase classname="RegressionTest1" name="test0767" time="0"/>
  <testcase classname="RegressionTest1" name="test0768" time="0.003"/>
  <testcase classname="RegressionTest1" name="test0769" time="0"/>
  <testcase classname="RegressionTest1" name="test0770" time="0"/>
  <testcase classname="RegressionTest1" name="test0771" time="0"/>
  <testcase classname="RegressionTest1" name="test0772" time="0"/>
  <testcase classname="RegressionTest1" name="test0773" time="0"/>
  <testcase classname="RegressionTest1" name="test0774" time="0"/>
  <testcase classname="RegressionTest1" name="test0775" time="0"/>
  <testcase classname="RegressionTest1" name="test0776" time="0"/>
  <testcase classname="RegressionTest1" name="test0777" time="0"/>
  <testcase classname="RegressionTest1" name="test0778" time="0"/>
  <testcase classname="RegressionTest1" name="test0779" time="0"/>
  <testcase classname="RegressionTest1" name="test0780" time="0"/>
  <testcase classname="RegressionTest1" name="test0781" time="0"/>
  <testcase classname="RegressionTest1" name="test0782" time="0"/>
  <testcase classname="RegressionTest1" name="test0783" time="0"/>
  <testcase classname="RegressionTest1" name="test0784" time="0"/>
  <testcase classname="RegressionTest1" name="test0785" time="0"/>
  <testcase classname="RegressionTest1" name="test0786" time="0"/>
  <testcase classname="RegressionTest1" name="test0787" time="0"/>
  <testcase classname="RegressionTest1" name="test0788" time="0"/>
  <testcase classname="RegressionTest1" name="test0789" time="0"/>
  <testcase classname="RegressionTest1" name="test0790" time="0"/>
  <testcase classname="RegressionTest1" name="test0791" time="0.003"/>
  <testcase classname="RegressionTest1" name="test0792" time="0"/>
  <testcase classname="RegressionTest1" name="test0793" time="0"/>
  <testcase classname="RegressionTest1" name="test0794" time="0"/>
  <testcase classname="RegressionTest1" name="test0795" time="0"/>
  <testcase classname="RegressionTest1" name="test0796" time="0"/>
  <testcase classname="RegressionTest1" name="test0797" time="0"/>
  <testcase classname="RegressionTest1" name="test0798" time="0"/>
  <testcase classname="RegressionTest1" name="test0799" time="0"/>
  <testcase classname="RegressionTest1" name="test0800" time="0"/>
  <testcase classname="RegressionTest1" name="test0801" time="0"/>
  <testcase classname="RegressionTest1" name="test0802" time="0.001"/>
  <testcase classname="RegressionTest1" name="test0803" time="0"/>
  <testcase classname="RegressionTest1" name="test0804" time="0"/>
  <testcase classname="RegressionTest1" name="test0805" time="0"/>
  <testcase classname="RegressionTest1" name="test0806" time="0"/>
  <testcase classname="RegressionTest1" name="test0807" time="0"/>
  <testcase classname="RegressionTest1" name="test0808" time="0"/>
  <testcase classname="RegressionTest1" name="test0809" time="0"/>
  <testcase classname="RegressionTest1" name="test0810" time="0"/>
  <testcase classname="RegressionTest1" name="test0811" time="0"/>
  <testcase classname="RegressionTest1" name="test0812" time="0"/>
  <testcase classname="RegressionTest1" name="test0813" time="0"/>
  <testcase classname="RegressionTest1" name="test0814" time="0"/>
  <testcase classname="RegressionTest1" name="test0815" time="0"/>
  <testcase classname="RegressionTest1" name="test0816" time="0"/>
  <testcase classname="RegressionTest1" name="test0817" time="0"/>
  <testcase classname="RegressionTest1" name="test0818" time="0"/>
  <testcase classname="RegressionTest1" name="test0819" time="0"/>
  <testcase classname="RegressionTest1" name="test0820" time="0"/>
  <testcase classname="RegressionTest1" name="test0821" time="0"/>
  <testcase classname="RegressionTest1" name="test0822" time="0"/>
  <testcase classname="RegressionTest1" name="test0823" time="0"/>
  <testcase classname="RegressionTest1" name="test0824" time="0"/>
  <testcase classname="RegressionTest1" name="test0825" time="0"/>
  <testcase classname="RegressionTest1" name="test0826" time="0"/>
  <testcase classname="RegressionTest1" name="test0827" time="0"/>
  <testcase classname="RegressionTest1" name="test0828" time="0"/>
  <testcase classname="RegressionTest1" name="test0829" time="0"/>
  <testcase classname="RegressionTest1" name="test0830" time="0"/>
  <testcase classname="RegressionTest1" name="test0831" time="0"/>
  <testcase classname="RegressionTest1" name="test0832" time="0"/>
  <testcase classname="RegressionTest1" name="test0833" time="0"/>
  <testcase classname="RegressionTest1" name="test0834" time="0"/>
  <testcase classname="RegressionTest1" name="test0835" time="0"/>
  <testcase classname="RegressionTest1" name="test0836" time="0"/>
  <testcase classname="RegressionTest1" name="test0837" time="0"/>
  <testcase classname="RegressionTest1" name="test0838" time="0"/>
  <testcase classname="RegressionTest1" name="test0839" time="0"/>
  <testcase classname="RegressionTest1" name="test0840" time="0"/>
  <testcase classname="RegressionTest1" name="test0841" time="0"/>
  <testcase classname="RegressionTest1" name="test0842" time="0"/>
  <testcase classname="RegressionTest1" name="test0843" time="0"/>
  <testcase classname="RegressionTest1" name="test0844" time="0"/>
  <testcase classname="RegressionTest1" name="test0845" time="0"/>
  <testcase classname="RegressionTest1" name="test0846" time="0.001"/>
  <testcase classname="RegressionTest1" name="test0847" time="0"/>
  <testcase classname="RegressionTest1" name="test0848" time="0"/>
  <testcase classname="RegressionTest1" name="test0849" time="0"/>
  <testcase classname="RegressionTest1" name="test0850" time="0"/>
  <testcase classname="RegressionTest1" name="test0851" time="0"/>
  <testcase classname="RegressionTest1" name="test0852" time="0"/>
  <testcase classname="RegressionTest1" name="test0853" time="0"/>
  <testcase classname="RegressionTest1" name="test0854" time="0"/>
  <testcase classname="RegressionTest1" name="test0855" time="0"/>
  <testcase classname="RegressionTest1" name="test0856" time="0"/>
  <testcase classname="RegressionTest1" name="test0857" time="0"/>
  <testcase classname="RegressionTest1" name="test0858" time="0"/>
  <testcase classname="RegressionTest1" name="test0859" time="0"/>
  <testcase classname="RegressionTest1" name="test0860" time="0"/>
  <testcase classname="RegressionTest1" name="test0861" time="0"/>
  <testcase classname="RegressionTest1" name="test0862" time="0"/>
  <testcase classname="RegressionTest1" name="test0863" time="0"/>
  <testcase classname="RegressionTest1" name="test0864" time="0"/>
  <testcase classname="RegressionTest1" name="test0865" time="0"/>
  <testcase classname="RegressionTest1" name="test0866" time="0"/>
  <testcase classname="RegressionTest1" name="test0867" time="0"/>
  <testcase classname="RegressionTest1" name="test0868" time="0"/>
  <testcase classname="RegressionTest1" name="test0869" time="0"/>
  <testcase classname="RegressionTest1" name="test0870" time="0"/>
  <testcase classname="RegressionTest1" name="test0871" time="0"/>
  <testcase classname="RegressionTest1" name="test0872" time="0"/>
  <testcase classname="RegressionTest1" name="test0873" time="0"/>
  <testcase classname="RegressionTest1" name="test0874" time="0"/>
  <testcase classname="RegressionTest1" name="test0875" time="0"/>
  <testcase classname="RegressionTest1" name="test0876" time="0"/>
  <testcase classname="RegressionTest1" name="test0877" time="0"/>
  <testcase classname="RegressionTest1" name="test0878" time="0"/>
  <testcase classname="RegressionTest1" name="test0879" time="0"/>
  <testcase classname="RegressionTest1" name="test0880" time="0"/>
  <testcase classname="RegressionTest1" name="test0881" time="0"/>
  <testcase classname="RegressionTest1" name="test0882" time="0"/>
  <testcase classname="RegressionTest1" name="test0883" time="0"/>
  <testcase classname="RegressionTest1" name="test0884" time="0"/>
  <testcase classname="RegressionTest1" name="test0885" time="0"/>
  <testcase classname="RegressionTest1" name="test0886" time="0"/>
  <testcase classname="RegressionTest1" name="test0887" time="0"/>
  <testcase classname="RegressionTest1" name="test0888" time="0"/>
  <testcase classname="RegressionTest1" name="test0889" time="0"/>
  <testcase classname="RegressionTest1" name="test0890" time="0"/>
  <testcase classname="RegressionTest1" name="test0891" time="0"/>
  <testcase classname="RegressionTest1" name="test0892" time="0"/>
  <testcase classname="RegressionTest1" name="test0893" time="0"/>
  <testcase classname="RegressionTest1" name="test0894" time="0"/>
  <testcase classname="RegressionTest1" name="test0895" time="0"/>
  <testcase classname="RegressionTest1" name="test0896" time="0"/>
  <testcase classname="RegressionTest1" name="test0897" time="0"/>
  <testcase classname="RegressionTest1" name="test0898" time="0"/>
  <testcase classname="RegressionTest1" name="test0899" time="0"/>
  <testcase classname="RegressionTest1" name="test0900" time="0"/>
  <testcase classname="RegressionTest1" name="test0901" time="0"/>
  <testcase classname="RegressionTest1" name="test0902" time="0"/>
  <testcase classname="RegressionTest1" name="test0903" time="0"/>
  <testcase classname="RegressionTest1" name="test0904" time="0"/>
  <testcase classname="RegressionTest1" name="test0905" time="0"/>
  <testcase classname="RegressionTest1" name="test0906" time="0"/>
  <testcase classname="RegressionTest1" name="test0907" time="0"/>
  <testcase classname="RegressionTest1" name="test0908" time="0"/>
  <testcase classname="RegressionTest1" name="test0909" time="0"/>
  <testcase classname="RegressionTest1" name="test0910" time="0"/>
  <testcase classname="RegressionTest1" name="test0911" time="0"/>
  <testcase classname="RegressionTest1" name="test0912" time="0"/>
  <testcase classname="RegressionTest1" name="test0913" time="0"/>
  <testcase classname="RegressionTest1" name="test0914" time="0"/>
  <testcase classname="RegressionTest1" name="test0915" time="0"/>
  <testcase classname="RegressionTest1" name="test0916" time="0"/>
  <testcase classname="RegressionTest1" name="test0917" time="0"/>
  <testcase classname="RegressionTest1" name="test0918" time="0"/>
  <testcase classname="RegressionTest1" name="test0919" time="0"/>
  <testcase classname="RegressionTest1" name="test0920" time="0"/>
  <testcase classname="RegressionTest1" name="test0921" time="0"/>
  <testcase classname="RegressionTest1" name="test0922" time="0"/>
  <testcase classname="RegressionTest1" name="test0923" time="0"/>
  <testcase classname="RegressionTest1" name="test0924" time="0"/>
  <testcase classname="RegressionTest1" name="test0925" time="0"/>
  <testcase classname="RegressionTest1" name="test0926" time="0"/>
  <testcase classname="RegressionTest1" name="test0927" time="0"/>
  <testcase classname="RegressionTest1" name="test0928" time="0"/>
  <testcase classname="RegressionTest1" name="test0929" time="0"/>
  <testcase classname="RegressionTest1" name="test0930" time="0"/>
  <testcase classname="RegressionTest1" name="test0931" time="0"/>
  <testcase classname="RegressionTest1" name="test0932" time="0"/>
  <testcase classname="RegressionTest1" name="test0933" time="0"/>
  <testcase classname="RegressionTest1" name="test0934" time="0"/>
  <testcase classname="RegressionTest1" name="test0935" time="0"/>
  <testcase classname="RegressionTest1" name="test0936" time="0"/>
  <testcase classname="RegressionTest1" name="test0937" time="0"/>
  <testcase classname="RegressionTest1" name="test0938" time="0"/>
  <testcase classname="RegressionTest1" name="test0939" time="0"/>
  <testcase classname="RegressionTest1" name="test0940" time="0"/>
  <testcase classname="RegressionTest1" name="test0941" time="0"/>
  <testcase classname="RegressionTest1" name="test0942" time="0"/>
  <testcase classname="RegressionTest1" name="test0943" time="0"/>
  <testcase classname="RegressionTest1" name="test0944" time="0"/>
  <testcase classname="RegressionTest1" name="test0945" time="0"/>
  <testcase classname="RegressionTest1" name="test0946" time="0"/>
  <testcase classname="RegressionTest1" name="test0947" time="0"/>
  <testcase classname="RegressionTest1" name="test0948" time="0"/>
  <testcase classname="RegressionTest1" name="test0949" time="0"/>
  <testcase classname="RegressionTest1" name="test0950" time="0"/>
  <testcase classname="RegressionTest1" name="test0951" time="0"/>
  <testcase classname="RegressionTest1" name="test0952" time="0"/>
  <testcase classname="RegressionTest1" name="test0953" time="0"/>
  <testcase classname="RegressionTest1" name="test0954" time="0"/>
  <testcase classname="RegressionTest1" name="test0955" time="0"/>
  <testcase classname="RegressionTest1" name="test0956" time="0"/>
  <testcase classname="RegressionTest1" name="test0957" time="0"/>
  <testcase classname="RegressionTest1" name="test0958" time="0"/>
  <testcase classname="RegressionTest1" name="test0959" time="0"/>
  <testcase classname="RegressionTest1" name="test0960" time="0"/>
  <testcase classname="RegressionTest1" name="test0961" time="0"/>
  <testcase classname="RegressionTest1" name="test0962" time="0"/>
  <testcase classname="RegressionTest1" name="test0963" time="0"/>
  <testcase classname="RegressionTest1" name="test0964" time="0"/>
  <testcase classname="RegressionTest1" name="test0965" time="0"/>
  <testcase classname="RegressionTest1" name="test0966" time="0"/>
  <testcase classname="RegressionTest1" name="test0967" time="0"/>
  <testcase classname="RegressionTest1" name="test0968" time="0"/>
  <testcase classname="RegressionTest1" name="test0969" time="0"/>
  <testcase classname="RegressionTest1" name="test0970" time="0"/>
  <testcase classname="RegressionTest1" name="test0971" time="0"/>
  <testcase classname="RegressionTest1" name="test0972" time="0"/>
  <testcase classname="RegressionTest1" name="test0973" time="0"/>
  <testcase classname="RegressionTest1" name="test0974" time="0"/>
  <testcase classname="RegressionTest1" name="test0975" time="0"/>
  <testcase classname="RegressionTest1" name="test0976" time="0"/>
  <testcase classname="RegressionTest1" name="test0977" time="0"/>
  <testcase classname="RegressionTest1" name="test0978" time="0"/>
  <testcase classname="RegressionTest1" name="test0979" time="0"/>
  <testcase classname="RegressionTest1" name="test0980" time="0"/>
  <testcase classname="RegressionTest1" name="test0981" time="0"/>
  <testcase classname="RegressionTest1" name="test0982" time="0"/>
  <testcase classname="RegressionTest1" name="test0983" time="0"/>
  <testcase classname="RegressionTest1" name="test0984" time="0"/>
  <testcase classname="RegressionTest1" name="test0985" time="0"/>
  <testcase classname="RegressionTest1" name="test0986" time="0"/>
  <testcase classname="RegressionTest1" name="test0987" time="0"/>
  <testcase classname="RegressionTest1" name="test0988" time="0"/>
  <testcase classname="RegressionTest1" name="test0989" time="0"/>
  <testcase classname="RegressionTest1" name="test0990" time="0"/>
  <testcase classname="RegressionTest1" name="test0991" time="0"/>
  <testcase classname="RegressionTest1" name="test0992" time="0"/>
  <testcase classname="RegressionTest1" name="test0993" time="0"/>
  <testcase classname="RegressionTest1" name="test0994" time="0"/>
  <testcase classname="RegressionTest1" name="test0995" time="0"/>
  <testcase classname="RegressionTest1" name="test0996" time="0"/>
  <testcase classname="RegressionTest1" name="test0997" time="0"/>
  <testcase classname="RegressionTest1" name="test0998" time="0"/>
  <testcase classname="RegressionTest1" name="test0999" time="0"/>
  <testcase classname="RegressionTest1" name="test1000" time="0"/>
  <testcase classname="RegressionTest2" name="test1001" time="0.001"/>
  <testcase classname="RegressionTest2" name="test1002" time="0"/>
  <testcase classname="RegressionTest2" name="test1003" time="0"/>
  <testcase classname="RegressionTest2" name="test1004" time="0"/>
  <testcase classname="RegressionTest2" name="test1005" time="0"/>
  <testcase classname="RegressionTest2" name="test1006" time="0"/>
  <testcase classname="RegressionTest2" name="test1007" time="0"/>
  <testcase classname="RegressionTest2" name="test1008" time="0"/>
  <testcase classname="RegressionTest2" name="test1009" time="0"/>
  <testcase classname="RegressionTest2" name="test1010" time="0"/>
  <testcase classname="RegressionTest2" name="test1011" time="0"/>
  <testcase classname="RegressionTest2" name="test1012" time="0"/>
  <testcase classname="RegressionTest2" name="test1013" time="0"/>
  <testcase classname="RegressionTest2" name="test1014" time="0"/>
  <testcase classname="RegressionTest2" name="test1015" time="0"/>
  <testcase classname="RegressionTest2" name="test1016" time="0.003"/>
  <testcase classname="RegressionTest2" name="test1017" time="0"/>
  <testcase classname="RegressionTest2" name="test1018" time="0"/>
  <testcase classname="RegressionTest2" name="test1019" time="0"/>
  <testcase classname="RegressionTest2" name="test1020" time="0"/>
  <testcase classname="RegressionTest2" name="test1021" time="0"/>
  <testcase classname="RegressionTest2" name="test1022" time="0.001"/>
  <testcase classname="RegressionTest2" name="test1023" time="0"/>
  <testcase classname="RegressionTest2" name="test1024" time="0"/>
  <testcase classname="RegressionTest2" name="test1025" time="0"/>
  <testcase classname="RegressionTest2" name="test1026" time="0"/>
  <testcase classname="RegressionTest2" name="test1027" time="0"/>
  <testcase classname="RegressionTest2" name="test1028" time="0"/>
  <testcase classname="RegressionTest2" name="test1029" time="0"/>
  <testcase classname="RegressionTest2" name="test1030" time="0"/>
  <testcase classname="RegressionTest2" name="test1031" time="0"/>
  <testcase classname="RegressionTest2" name="test1032" time="0"/>
  <testcase classname="RegressionTest2" name="test1033" time="0"/>
  <testcase classname="RegressionTest2" name="test1034" time="0.001"/>
  <testcase classname="RegressionTest2" name="test1035" time="0"/>
  <testcase classname="RegressionTest2" name="test1036" time="0"/>
  <testcase classname="RegressionTest2" name="test1037" time="0"/>
  <testcase classname="RegressionTest2" name="test1038" time="0.002"/>
  <testcase classname="RegressionTest2" name="test1039" time="0"/>
  <testcase classname="RegressionTest2" name="test1040" time="0"/>
  <testcase classname="RegressionTest2" name="test1041" time="0"/>
  <testcase classname="RegressionTest2" name="test1042" time="0"/>
  <testcase classname="RegressionTest2" name="test1043" time="0"/>
  <testcase classname="RegressionTest2" name="test1044" time="0"/>
  <testcase classname="RegressionTest2" name="test1045" time="0"/>
  <testcase classname="RegressionTest2" name="test1046" time="0"/>
  <testcase classname="RegressionTest2" name="test1047" time="0"/>
  <testcase classname="RegressionTest2" name="test1048" time="0.001"/>
  <testcase classname="RegressionTest2" name="test1049" time="0"/>
  <testcase classname="RegressionTest2" name="test1050" time="0"/>
  <testcase classname="RegressionTest2" name="test1051" time="0"/>
  <testcase classname="RegressionTest2" name="test1052" time="0"/>
  <testcase classname="RegressionTest2" name="test1053" time="0"/>
  <testcase classname="RegressionTest2" name="test1054" time="0"/>
  <testcase classname="RegressionTest2" name="test1055" time="0"/>
  <testcase classname="RegressionTest2" name="test1056" time="0.001"/>
  <testcase classname="RegressionTest2" name="test1057" time="0"/>
  <testcase classname="RegressionTest2" name="test1058" time="0"/>
  <testcase classname="RegressionTest2" name="test1059" time="0"/>
  <testcase classname="RegressionTest2" name="test1060" time="0"/>
  <testcase classname="RegressionTest2" name="test1061" time="0"/>
  <testcase classname="RegressionTest2" name="test1062" time="0"/>
  <testcase classname="RegressionTest2" name="test1063" time="0"/>
  <testcase classname="RegressionTest2" name="test1064" time="0"/>
  <testcase classname="RegressionTest2" name="test1065" time="0"/>
  <testcase classname="RegressionTest2" name="test1066" time="0"/>
  <testcase classname="RegressionTest2" name="test1067" time="0"/>
  <testcase classname="RegressionTest2" name="test1068" time="0"/>
  <testcase classname="RegressionTest2" name="test1069" time="0"/>
  <testcase classname="RegressionTest2" name="test1070" time="0"/>
  <testcase classname="RegressionTest2" name="test1071" time="0"/>
  <testcase classname="RegressionTest2" name="test1072" time="0"/>
  <testcase classname="RegressionTest2" name="test1073" time="0"/>
  <testcase classname="RegressionTest2" name="test1074" time="0"/>
  <testcase classname="RegressionTest2" name="test1075" time="0"/>
  <testcase classname="RegressionTest2" name="test1076" time="0"/>
  <testcase classname="RegressionTest2" name="test1077" time="0"/>
  <testcase classname="RegressionTest2" name="test1078" time="0"/>
  <testcase classname="RegressionTest2" name="test1079" time="0"/>
  <testcase classname="RegressionTest2" name="test1080" time="0"/>
  <testcase classname="RegressionTest2" name="test1081" time="0"/>
  <testcase classname="RegressionTest2" name="test1082" time="0"/>
  <testcase classname="RegressionTest2" name="test1083" time="0"/>
  <testcase classname="RegressionTest2" name="test1084" time="0.001"/>
  <testcase classname="RegressionTest2" name="test1085" time="0"/>
  <testcase classname="RegressionTest2" name="test1086" time="0"/>
  <testcase classname="RegressionTest2" name="test1087" time="0"/>
  <testcase classname="RegressionTest2" name="test1088" time="0"/>
  <testcase classname="RegressionTest2" name="test1089" time="0"/>
  <testcase classname="RegressionTest2" name="test1090" time="0"/>
  <testcase classname="RegressionTest2" name="test1091" time="0"/>
  <testcase classname="RegressionTest2" name="test1092" time="0"/>
  <testcase classname="RegressionTest2" name="test1093" time="0"/>
  <testcase classname="RegressionTest2" name="test1094" time="0"/>
  <testcase classname="RegressionTest2" name="test1095" time="0"/>
  <testcase classname="RegressionTest2" name="test1096" time="0"/>
  <testcase classname="RegressionTest2" name="test1097" time="0"/>
  <testcase classname="RegressionTest2" name="test1098" time="0"/>
  <testcase classname="RegressionTest2" name="test1099" time="0"/>
  <testcase classname="RegressionTest2" name="test1100" time="0"/>
  <testcase classname="RegressionTest2" name="test1101" time="0"/>
  <testcase classname="RegressionTest2" name="test1102" time="0"/>
  <testcase classname="RegressionTest2" name="test1103" time="0"/>
  <testcase classname="RegressionTest2" name="test1104" time="0.001"/>
  <testcase classname="RegressionTest2" name="test1105" time="0"/>
  <testcase classname="RegressionTest2" name="test1106" time="0"/>
  <testcase classname="RegressionTest2" name="test1107" time="0"/>
  <testcase classname="RegressionTest2" name="test1108" time="0"/>
  <testcase classname="RegressionTest2" name="test1109" time="0"/>
  <testcase classname="RegressionTest2" name="test1110" time="0"/>
  <testcase classname="RegressionTest2" name="test1111" time="0"/>
  <testcase classname="RegressionTest2" name="test1112" time="0.001"/>
  <testcase classname="RegressionTest2" name="test1113" time="0"/>
  <testcase classname="RegressionTest2" name="test1114" time="0"/>
  <testcase classname="RegressionTest2" name="test1115" time="0.001"/>
  <testcase classname="RegressionTest2" name="test1116" time="0"/>
  <testcase classname="RegressionTest2" name="test1117" time="0"/>
  <testcase classname="RegressionTest2" name="test1118" time="0"/>
  <testcase classname="RegressionTest2" name="test1119" time="0"/>
  <testcase classname="RegressionTest2" name="test1120" time="0"/>
  <testcase classname="RegressionTest2" name="test1121" time="0"/>
  <testcase classname="RegressionTest2" name="test1122" time="0"/>
  <testcase classname="RegressionTest2" name="test1123" time="0"/>
  <testcase classname="RegressionTest2" name="test1124" time="0"/>
  <testcase classname="RegressionTest2" name="test1125" time="0"/>
  <testcase classname="RegressionTest2" name="test1126" time="0"/>
  <testcase classname="RegressionTest2" name="test1127" time="0"/>
  <testcase classname="RegressionTest2" name="test1128" time="0"/>
  <testcase classname="RegressionTest2" name="test1129" time="0"/>
  <testcase classname="RegressionTest2" name="test1130" time="0"/>
  <testcase classname="RegressionTest2" name="test1131" time="0"/>
  <testcase classname="RegressionTest2" name="test1132" time="0"/>
  <testcase classname="RegressionTest2" name="test1133" time="0.003"/>
  <testcase classname="RegressionTest2" name="test1134" time="0"/>
  <testcase classname="RegressionTest2" name="test1135" time="0"/>
  <testcase classname="RegressionTest2" name="test1136" time="0"/>
  <testcase classname="RegressionTest2" name="test1137" time="0"/>
  <testcase classname="RegressionTest2" name="test1138" time="0"/>
  <testcase classname="RegressionTest2" name="test1139" time="0"/>
  <testcase classname="RegressionTest2" name="test1140" time="0"/>
  <testcase classname="RegressionTest2" name="test1141" time="0"/>
  <testcase classname="RegressionTest2" name="test1142" time="0"/>
  <testcase classname="RegressionTest2" name="test1143" time="0.001"/>
  <testcase classname="RegressionTest2" name="test1144" time="0.002"/>
  <testcase classname="RegressionTest2" name="test1145" time="0"/>
  <testcase classname="RegressionTest2" name="test1146" time="0.001"/>
  <testcase classname="RegressionTest2" name="test1147" time="0"/>
  <testcase classname="RegressionTest2" name="test1148" time="0"/>
  <testcase classname="RegressionTest2" name="test1149" time="0"/>
  <testcase classname="RegressionTest2" name="test1150" time="0"/>
  <testcase classname="RegressionTest2" name="test1151" time="0"/>
  <testcase classname="RegressionTest2" name="test1152" time="0"/>
  <testcase classname="RegressionTest2" name="test1153" time="0"/>
  <testcase classname="RegressionTest2" name="test1154" time="0"/>
  <testcase classname="RegressionTest2" name="test1155" time="0"/>
  <testcase classname="RegressionTest2" name="test1156" time="0"/>
  <testcase classname="RegressionTest2" name="test1157" time="0"/>
  <testcase classname="RegressionTest2" name="test1158" time="0"/>
  <testcase classname="RegressionTest2" name="test1159" time="0"/>
  <testcase classname="RegressionTest2" name="test1160" time="0"/>
  <testcase classname="RegressionTest2" name="test1161" time="0"/>
  <testcase classname="RegressionTest2" name="test1162" time="0"/>
  <testcase classname="RegressionTest2" name="test1163" time="0"/>
  <testcase classname="RegressionTest2" name="test1164" time="0"/>
  <testcase classname="RegressionTest2" name="test1165" time="0"/>
  <testcase classname="RegressionTest2" name="test1166" time="0"/>
  <testcase classname="RegressionTest2" name="test1167" time="0"/>
  <testcase classname="RegressionTest2" name="test1168" time="0"/>
  <testcase classname="RegressionTest2" name="test1169" time="0"/>
  <testcase classname="RegressionTest2" name="test1170" time="0"/>
  <testcase classname="RegressionTest2" name="test1171" time="0"/>
  <testcase classname="RegressionTest2" name="test1172" time="0"/>
  <testcase classname="RegressionTest2" name="test1173" time="0"/>
  <testcase classname="RegressionTest2" name="test1174" time="0"/>
  <testcase classname="RegressionTest2" name="test1175" time="0"/>
  <testcase classname="RegressionTest2" name="test1176" time="0"/>
  <testcase classname="RegressionTest2" name="test1177" time="0"/>
  <testcase classname="RegressionTest2" name="test1178" time="0"/>
  <testcase classname="RegressionTest2" name="test1179" time="0"/>
  <testcase classname="RegressionTest2" name="test1180" time="0"/>
  <testcase classname="RegressionTest2" name="test1181" time="0"/>
  <testcase classname="RegressionTest2" name="test1182" time="0.001"/>
  <testcase classname="RegressionTest2" name="test1183" time="0"/>
  <testcase classname="RegressionTest2" name="test1184" time="0"/>
  <testcase classname="RegressionTest2" name="test1185" time="0"/>
  <testcase classname="RegressionTest2" name="test1186" time="0"/>
  <testcase classname="RegressionTest2" name="test1187" time="0"/>
  <testcase classname="RegressionTest2" name="test1188" time="0"/>
  <testcase classname="RegressionTest2" name="test1189" time="0"/>
  <testcase classname="RegressionTest2" name="test1190" time="0.001"/>
  <testcase classname="RegressionTest2" name="test1191" time="0"/>
  <testcase classname="RegressionTest2" name="test1192" time="0"/>
  <testcase classname="RegressionTest2" name="test1193" time="0"/>
  <testcase classname="RegressionTest2" name="test1194" time="0"/>
  <testcase classname="RegressionTest2" name="test1195" time="0"/>
  <testcase classname="RegressionTest2" name="test1196" time="0"/>
  <testcase classname="RegressionTest2" name="test1197" time="0"/>
  <testcase classname="RegressionTest2" name="test1198" time="0"/>
  <testcase classname="RegressionTest2" name="test1199" time="0"/>
  <testcase classname="RegressionTest2" name="test1200" time="0"/>
  <testcase classname="RegressionTest2" name="test1201" time="0.001"/>
  <testcase classname="RegressionTest2" name="test1202" time="0"/>
  <testcase classname="RegressionTest2" name="test1203" time="0"/>
  <testcase classname="RegressionTest2" name="test1204" time="0"/>
  <testcase classname="RegressionTest2" name="test1205" time="0"/>
  <testcase classname="RegressionTest2" name="test1206" time="0"/>
  <testcase classname="RegressionTest2" name="test1207" time="0"/>
  <testcase classname="RegressionTest2" name="test1208" time="0"/>
  <testcase classname="RegressionTest2" name="test1209" time="0"/>
  <testcase classname="RegressionTest2" name="test1210" time="0"/>
  <testcase classname="RegressionTest2" name="test1211" time="0"/>
  <testcase classname="RegressionTest2" name="test1212" time="0"/>
  <testcase classname="RegressionTest2" name="test1213" time="0"/>
  <testcase classname="RegressionTest2" name="test1214" time="0"/>
  <testcase classname="RegressionTest2" name="test1215" time="0"/>
  <testcase classname="RegressionTest2" name="test1216" time="0"/>
  <testcase classname="RegressionTest2" name="test1217" time="0"/>
  <testcase classname="RegressionTest2" name="test1218" time="0"/>
  <testcase classname="RegressionTest2" name="test1219" time="0"/>
  <testcase classname="RegressionTest2" name="test1220" time="0"/>
  <testcase classname="RegressionTest2" name="test1221" time="0"/>
  <testcase classname="RegressionTest2" name="test1222" time="0"/>
  <testcase classname="RegressionTest2" name="test1223" time="0"/>
  <testcase classname="RegressionTest2" name="test1224" time="0"/>
  <testcase classname="RegressionTest2" name="test1225" time="0"/>
  <testcase classname="RegressionTest2" name="test1226" time="0"/>
  <testcase classname="RegressionTest2" name="test1227" time="0"/>
  <testcase classname="RegressionTest2" name="test1228" time="0"/>
  <testcase classname="RegressionTest2" name="test1229" time="0"/>
  <testcase classname="RegressionTest2" name="test1230" time="0"/>
  <testcase classname="RegressionTest2" name="test1231" time="0"/>
  <testcase classname="RegressionTest2" name="test1232" time="0.001"/>
  <testcase classname="RegressionTest2" name="test1233" time="0"/>
  <testcase classname="RegressionTest2" name="test1234" time="0"/>
  <testcase classname="RegressionTest2" name="test1235" time="0"/>
  <testcase classname="RegressionTest2" name="test1236" time="0"/>
  <testcase classname="RegressionTest2" name="test1237" time="0"/>
  <testcase classname="RegressionTest2" name="test1238" time="0"/>
  <testcase classname="RegressionTest2" name="test1239" time="0"/>
  <testcase classname="RegressionTest2" name="test1240" time="0"/>
  <testcase classname="RegressionTest2" name="test1241" time="0"/>
  <testcase classname="RegressionTest2" name="test1242" time="0"/>
  <testcase classname="RegressionTest2" name="test1243" time="0"/>
  <testcase classname="RegressionTest2" name="test1244" time="0"/>
  <testcase classname="RegressionTest2" name="test1245" time="0"/>
  <testcase classname="RegressionTest2" name="test1246" time="0"/>
  <testcase classname="RegressionTest2" name="test1247" time="0"/>
  <testcase classname="RegressionTest2" name="test1248" time="0"/>
  <testcase classname="RegressionTest2" name="test1249" time="0"/>
  <testcase classname="RegressionTest2" name="test1250" time="0"/>
  <testcase classname="RegressionTest2" name="test1251" time="0.001"/>
  <testcase classname="RegressionTest2" name="test1252" time="0"/>
  <testcase classname="RegressionTest2" name="test1253" time="0"/>
  <testcase classname="RegressionTest2" name="test1254" time="0"/>
  <testcase classname="RegressionTest2" name="test1255" time="0"/>
  <testcase classname="RegressionTest2" name="test1256" time="0"/>
  <testcase classname="RegressionTest2" name="test1257" time="0"/>
  <testcase classname="RegressionTest2" name="test1258" time="0"/>
  <testcase classname="RegressionTest2" name="test1259" time="0"/>
  <testcase classname="RegressionTest2" name="test1260" time="0"/>
  <testcase classname="RegressionTest2" name="test1261" time="0"/>
  <testcase classname="RegressionTest2" name="test1262" time="0"/>
  <testcase classname="RegressionTest2" name="test1263" time="0"/>
  <testcase classname="RegressionTest2" name="test1264" time="0"/>
  <testcase classname="RegressionTest2" name="test1265" time="0"/>
  <testcase classname="RegressionTest2" name="test1266" time="0"/>
  <testcase classname="RegressionTest2" name="test1267" time="0"/>
  <testcase classname="RegressionTest2" name="test1268" time="0"/>
  <testcase classname="RegressionTest2" name="test1269" time="0"/>
  <testcase classname="RegressionTest2" name="test1270" time="0"/>
  <testcase classname="RegressionTest2" name="test1271" time="0"/>
  <testcase classname="RegressionTest2" name="test1272" time="0"/>
  <testcase classname="RegressionTest2" name="test1273" time="0"/>
  <testcase classname="RegressionTest2" name="test1274" time="0"/>
  <testcase classname="RegressionTest2" name="test1275" time="0"/>
  <testcase classname="RegressionTest2" name="test1276" time="0"/>
  <testcase classname="RegressionTest2" name="test1277" time="0"/>
  <testcase classname="RegressionTest2" name="test1278" time="0"/>
  <testcase classname="RegressionTest2" name="test1279" time="0"/>
  <testcase classname="RegressionTest2" name="test1280" time="0"/>
  <testcase classname="RegressionTest2" name="test1281" time="0"/>
  <testcase classname="RegressionTest2" name="test1282" time="0.001"/>
  <testcase classname="RegressionTest2" name="test1283" time="0"/>
  <testcase classname="RegressionTest2" name="test1284" time="0"/>
  <testcase classname="RegressionTest2" name="test1285" time="0"/>
  <testcase classname="RegressionTest2" name="test1286" time="0"/>
  <testcase classname="RegressionTest2" name="test1287" time="0"/>
  <testcase classname="RegressionTest2" name="test1288" time="0"/>
  <testcase classname="RegressionTest2" name="test1289" time="0"/>
  <testcase classname="RegressionTest2" name="test1290" time="0"/>
  <testcase classname="RegressionTest2" name="test1291" time="0"/>
  <testcase classname="RegressionTest2" name="test1292" time="0"/>
  <testcase classname="RegressionTest2" name="test1293" time="0"/>
  <testcase classname="RegressionTest2" name="test1294" time="0"/>
  <testcase classname="RegressionTest2" name="test1295" time="0.001"/>
  <testcase classname="RegressionTest2" name="test1296" time="0"/>
  <testcase classname="RegressionTest2" name="test1297" time="0"/>
  <testcase classname="RegressionTest2" name="test1298" time="0.001"/>
  <testcase classname="RegressionTest2" name="test1299" time="0"/>
  <testcase classname="RegressionTest2" name="test1300" time="0"/>
  <testcase classname="RegressionTest2" name="test1301" time="0"/>
  <testcase classname="RegressionTest2" name="test1302" time="0"/>
  <testcase classname="RegressionTest2" name="test1303" time="0"/>
  <testcase classname="RegressionTest2" name="test1304" time="0"/>
  <testcase classname="RegressionTest2" name="test1305" time="0"/>
  <testcase classname="RegressionTest2" name="test1306" time="0"/>
  <testcase classname="RegressionTest2" name="test1307" time="0"/>
  <testcase classname="RegressionTest2" name="test1308" time="0"/>
  <testcase classname="RegressionTest2" name="test1309" time="0"/>
  <testcase classname="RegressionTest2" name="test1310" time="0"/>
  <testcase classname="RegressionTest2" name="test1311" time="0"/>
  <testcase classname="RegressionTest2" name="test1312" time="0"/>
  <testcase classname="RegressionTest2" name="test1313" time="0.001"/>
  <testcase classname="RegressionTest2" name="test1314" time="0"/>
  <testcase classname="RegressionTest2" name="test1315" time="0"/>
  <testcase classname="RegressionTest2" name="test1316" time="0.001"/>
  <testcase classname="RegressionTest2" name="test1317" time="0"/>
  <testcase classname="RegressionTest2" name="test1318" time="0"/>
  <testcase classname="RegressionTest2" name="test1319" time="0"/>
  <testcase classname="RegressionTest2" name="test1320" time="0"/>
  <testcase classname="RegressionTest2" name="test1321" time="0"/>
  <testcase classname="RegressionTest2" name="test1322" time="0"/>
  <testcase classname="RegressionTest2" name="test1323" time="0"/>
  <testcase classname="RegressionTest2" name="test1324" time="0"/>
  <testcase classname="RegressionTest2" name="test1325" time="0.001"/>
  <testcase classname="RegressionTest2" name="test1326" time="0"/>
  <testcase classname="RegressionTest2" name="test1327" time="0"/>
  <testcase classname="RegressionTest2" name="test1328" time="0"/>
  <testcase classname="RegressionTest2" name="test1329" time="0"/>
  <testcase classname="RegressionTest2" name="test1330" time="0"/>
  <testcase classname="RegressionTest2" name="test1331" time="0"/>
  <testcase classname="RegressionTest2" name="test1332" time="0"/>
  <testcase classname="RegressionTest2" name="test1333" time="0"/>
  <testcase classname="RegressionTest2" name="test1334" time="0"/>
  <testcase classname="RegressionTest2" name="test1335" time="0"/>
  <testcase classname="RegressionTest2" name="test1336" time="0"/>
  <testcase classname="RegressionTest2" name="test1337" time="0.001"/>
  <testcase classname="RegressionTest2" name="test1338" time="0"/>
  <testcase classname="RegressionTest2" name="test1339" time="0"/>
  <testcase classname="RegressionTest2" name="test1340" time="0"/>
  <testcase classname="RegressionTest2" name="test1341" time="0"/>
  <testcase classname="RegressionTest2" name="test1342" time="0"/>
  <testcase classname="RegressionTest2" name="test1343" time="0"/>
  <testcase classname="RegressionTest2" name="test1344" time="0"/>
  <testcase classname="RegressionTest2" name="test1345" time="0"/>
  <testcase classname="RegressionTest2" name="test1346" time="0"/>
  <testcase classname="RegressionTest2" name="test1347" time="0"/>
  <testcase classname="RegressionTest2" name="test1348" time="0"/>
  <testcase classname="RegressionTest2" name="test1349" time="0"/>
  <testcase classname="RegressionTest2" name="test1350" time="0"/>
  <testcase classname="RegressionTest2" name="test1351" time="0"/>
  <testcase classname="RegressionTest2" name="test1352" time="0"/>
  <testcase classname="RegressionTest2" name="test1353" time="0"/>
  <testcase classname="RegressionTest2" name="test1354" time="0"/>
  <testcase classname="RegressionTest2" name="test1355" time="0"/>
  <testcase classname="RegressionTest2" name="test1356" time="0"/>
  <testcase classname="RegressionTest2" name="test1357" time="0"/>
  <testcase classname="RegressionTest2" name="test1358" time="0.001"/>
  <testcase classname="RegressionTest2" name="test1359" time="0"/>
  <testcase classname="RegressionTest2" name="test1360" time="0"/>
  <testcase classname="RegressionTest2" name="test1361" time="0"/>
  <testcase classname="RegressionTest2" name="test1362" time="0"/>
  <testcase classname="RegressionTest2" name="test1363" time="0"/>
  <testcase classname="RegressionTest2" name="test1364" time="0"/>
  <testcase classname="RegressionTest2" name="test1365" time="0"/>
  <testcase classname="RegressionTest2" name="test1366" time="0"/>
  <testcase classname="RegressionTest2" name="test1367" time="0.002"/>
  <testcase classname="RegressionTest2" name="test1368" time="0"/>
  <testcase classname="RegressionTest2" name="test1369" time="0"/>
  <testcase classname="RegressionTest2" name="test1370" time="0"/>
  <testcase classname="RegressionTest2" name="test1371" time="0"/>
  <testcase classname="RegressionTest2" name="test1372" time="0"/>
  <testcase classname="RegressionTest2" name="test1373" time="0"/>
  <testcase classname="RegressionTest2" name="test1374" time="0"/>
  <testcase classname="RegressionTest2" name="test1375" time="0"/>
  <testcase classname="RegressionTest2" name="test1376" time="0"/>
  <testcase classname="RegressionTest2" name="test1377" time="0"/>
  <testcase classname="RegressionTest2" name="test1378" time="0.001"/>
  <testcase classname="RegressionTest2" name="test1379" time="0"/>
  <testcase classname="RegressionTest2" name="test1380" time="0"/>
  <testcase classname="RegressionTest2" name="test1381" time="0"/>
  <testcase classname="RegressionTest2" name="test1382" time="0"/>
  <testcase classname="RegressionTest2" name="test1383" time="0"/>
  <testcase classname="RegressionTest2" name="test1384" time="0"/>
  <testcase classname="RegressionTest2" name="test1385" time="0"/>
  <testcase classname="RegressionTest2" name="test1386" time="0"/>
  <testcase classname="RegressionTest2" name="test1387" time="0"/>
  <testcase classname="RegressionTest2" name="test1388" time="0.002"/>
  <testcase classname="RegressionTest2" name="test1389" time="0"/>
  <testcase classname="RegressionTest2" name="test1390" time="0"/>
  <testcase classname="RegressionTest2" name="test1391" time="0"/>
  <testcase classname="RegressionTest2" name="test1392" time="0"/>
  <testcase classname="RegressionTest2" name="test1393" time="0"/>
  <testcase classname="RegressionTest2" name="test1394" time="0"/>
  <testcase classname="RegressionTest2" name="test1395" time="0"/>
  <testcase classname="RegressionTest2" name="test1396" time="0"/>
  <testcase classname="RegressionTest2" name="test1397" time="0"/>
  <testcase classname="RegressionTest2" name="test1398" time="0"/>
  <testcase classname="RegressionTest2" name="test1399" time="0"/>
  <testcase classname="RegressionTest2" name="test1400" time="0"/>
  <testcase classname="RegressionTest2" name="test1401" time="0"/>
  <testcase classname="RegressionTest2" name="test1402" time="0"/>
  <testcase classname="RegressionTest2" name="test1403" time="0"/>
  <testcase classname="RegressionTest2" name="test1404" time="0"/>
  <testcase classname="RegressionTest2" name="test1405" time="0"/>
  <testcase classname="RegressionTest2" name="test1406" time="0"/>
  <testcase classname="RegressionTest2" name="test1407" time="0"/>
  <testcase classname="RegressionTest2" name="test1408" time="0"/>
  <testcase classname="RegressionTest2" name="test1409" time="0"/>
  <testcase classname="RegressionTest2" name="test1410" time="0"/>
  <testcase classname="RegressionTest2" name="test1411" time="0"/>
  <testcase classname="RegressionTest2" name="test1412" time="0"/>
  <testcase classname="RegressionTest2" name="test1413" time="0"/>
  <testcase classname="RegressionTest2" name="test1414" time="0"/>
  <testcase classname="RegressionTest2" name="test1415" time="0"/>
  <testcase classname="RegressionTest2" name="test1416" time="0"/>
  <testcase classname="RegressionTest2" name="test1417" time="0"/>
  <testcase classname="RegressionTest2" name="test1418" time="0"/>
  <testcase classname="RegressionTest2" name="test1419" time="0.001"/>
  <testcase classname="RegressionTest2" name="test1420" time="0"/>
  <testcase classname="RegressionTest2" name="test1421" time="0"/>
  <testcase classname="RegressionTest2" name="test1422" time="0"/>
  <testcase classname="RegressionTest2" name="test1423" time="0"/>
  <testcase classname="RegressionTest2" name="test1424" time="0"/>
  <testcase classname="RegressionTest2" name="test1425" time="0"/>
  <testcase classname="RegressionTest2" name="test1426" time="0"/>
  <testcase classname="RegressionTest2" name="test1427" time="0"/>
  <testcase classname="RegressionTest2" name="test1428" time="0.001"/>
  <testcase classname="RegressionTest2" name="test1429" time="0"/>
  <testcase classname="RegressionTest2" name="test1430" time="0"/>
  <testcase classname="RegressionTest2" name="test1431" time="0"/>
  <testcase classname="RegressionTest2" name="test1432" time="0"/>
  <testcase classname="RegressionTest2" name="test1433" time="0"/>
  <testcase classname="RegressionTest2" name="test1434" time="0"/>
  <testcase classname="RegressionTest2" name="test1435" time="0"/>
  <testcase classname="RegressionTest2" name="test1436" time="0"/>
  <testcase classname="RegressionTest2" name="test1437" time="0"/>
  <testcase classname="RegressionTest2" name="test1438" time="0"/>
  <testcase classname="RegressionTest2" name="test1439" time="0"/>
  <testcase classname="RegressionTest2" name="test1440" time="0"/>
  <testcase classname="RegressionTest2" name="test1441" time="0"/>
  <testcase classname="RegressionTest2" name="test1442" time="0"/>
  <testcase classname="RegressionTest2" name="test1443" time="0"/>
  <testcase classname="RegressionTest2" name="test1444" time="0"/>
  <testcase classname="RegressionTest2" name="test1445" time="0"/>
  <testcase classname="RegressionTest2" name="test1446" time="0"/>
  <testcase classname="RegressionTest2" name="test1447" time="0.001"/>
  <testcase classname="RegressionTest2" name="test1448" time="0"/>
  <testcase classname="RegressionTest2" name="test1449" time="0"/>
  <testcase classname="RegressionTest2" name="test1450" time="0"/>
  <testcase classname="RegressionTest2" name="test1451" time="0"/>
  <testcase classname="RegressionTest2" name="test1452" time="0"/>
  <testcase classname="RegressionTest2" name="test1453" time="0.001"/>
  <testcase classname="RegressionTest2" name="test1454" time="0"/>
  <testcase classname="RegressionTest2" name="test1455" time="0"/>
  <testcase classname="RegressionTest2" name="test1456" time="0"/>
  <testcase classname="RegressionTest2" name="test1457" time="0"/>
  <testcase classname="RegressionTest2" name="test1458" time="0"/>
  <testcase classname="RegressionTest2" name="test1459" time="0"/>
  <testcase classname="RegressionTest2" name="test1460" time="0"/>
  <testcase classname="RegressionTest2" name="test1461" time="0"/>
  <testcase classname="RegressionTest2" name="test1462" time="0"/>
  <testcase classname="RegressionTest2" name="test1463" time="0"/>
  <testcase classname="RegressionTest2" name="test1464" time="0"/>
  <testcase classname="RegressionTest2" name="test1465" time="0"/>
  <testcase classname="RegressionTest2" name="test1466" time="0"/>
  <testcase classname="RegressionTest2" name="test1467" time="0"/>
  <testcase classname="RegressionTest2" name="test1468" time="0"/>
  <testcase classname="RegressionTest2" name="test1469" time="0"/>
  <testcase classname="RegressionTest2" name="test1470" time="0"/>
  <testcase classname="RegressionTest2" name="test1471" time="0"/>
  <testcase classname="RegressionTest2" name="test1472" time="0"/>
  <testcase classname="RegressionTest2" name="test1473" time="0"/>
  <testcase classname="RegressionTest2" name="test1474" time="0"/>
  <testcase classname="RegressionTest2" name="test1475" time="0"/>
  <testcase classname="RegressionTest2" name="test1476" time="0"/>
  <testcase classname="RegressionTest2" name="test1477" time="0"/>
  <testcase classname="RegressionTest2" name="test1478" time="0"/>
  <testcase classname="RegressionTest2" name="test1479" time="0.001"/>
  <testcase classname="RegressionTest2" name="test1480" time="0"/>
  <testcase classname="RegressionTest2" name="test1481" time="0"/>
  <testcase classname="RegressionTest2" name="test1482" time="0"/>
  <testcase classname="RegressionTest2" name="test1483" time="0"/>
  <testcase classname="RegressionTest2" name="test1484" time="0"/>
  <testcase classname="RegressionTest2" name="test1485" time="0"/>
  <testcase classname="RegressionTest2" name="test1486" time="0"/>
  <testcase classname="RegressionTest2" name="test1487" time="0"/>
  <testcase classname="RegressionTest2" name="test1488" time="0"/>
  <testcase classname="RegressionTest2" name="test1489" time="0"/>
  <testcase classname="RegressionTest2" name="test1490" time="0"/>
  <testcase classname="RegressionTest2" name="test1491" time="0"/>
  <testcase classname="RegressionTest2" name="test1492" time="0"/>
  <testcase classname="RegressionTest2" name="test1493" time="0.001"/>
  <testcase classname="RegressionTest2" name="test1494" time="0"/>
  <testcase classname="RegressionTest2" name="test1495" time="0"/>
  <testcase classname="RegressionTest2" name="test1496" time="0"/>
  <testcase classname="RegressionTest2" name="test1497" time="0"/>
  <testcase classname="RegressionTest2" name="test1498" time="0"/>
  <testcase classname="RegressionTest2" name="test1499" time="0"/>
  <testcase classname="RegressionTest2" name="test1500" time="0"/>
  <testcase classname="RegressionTest3" name="test1501" time="0"/>
  <testcase classname="RegressionTest3" name="test1502" time="0"/>
  <testcase classname="RegressionTest3" name="test1503" time="0"/>
  <testcase classname="RegressionTest3" name="test1504" time="0"/>
  <testcase classname="RegressionTest3" name="test1505" time="0"/>
  <testcase classname="RegressionTest3" name="test1506" time="0.001"/>
  <testcase classname="RegressionTest3" name="test1507" time="0"/>
  <testcase classname="RegressionTest3" name="test1508" time="0"/>
  <testcase classname="RegressionTest3" name="test1509" time="0"/>
  <testcase classname="RegressionTest3" name="test1510" time="0"/>
  <testcase classname="RegressionTest3" name="test1511" time="0"/>
  <testcase classname="RegressionTest3" name="test1512" time="0"/>
  <testcase classname="RegressionTest3" name="test1513" time="0"/>
  <testcase classname="RegressionTest3" name="test1514" time="0"/>
  <testcase classname="RegressionTest3" name="test1515" time="0"/>
  <testcase classname="RegressionTest3" name="test1516" time="0.002"/>
  <testcase classname="RegressionTest3" name="test1517" time="0"/>
  <testcase classname="RegressionTest3" name="test1518" time="0"/>
  <testcase classname="RegressionTest3" name="test1519" time="0"/>
  <testcase classname="RegressionTest3" name="test1520" time="0"/>
  <testcase classname="RegressionTest3" name="test1521" time="0"/>
  <testcase classname="RegressionTest3" name="test1522" time="0"/>
  <testcase classname="RegressionTest3" name="test1523" time="0"/>
  <testcase classname="RegressionTest3" name="test1524" time="0"/>
  <testcase classname="RegressionTest3" name="test1525" time="0.001"/>
  <testcase classname="RegressionTest3" name="test1526" time="0"/>
  <testcase classname="RegressionTest3" name="test1527" time="0"/>
  <testcase classname="RegressionTest3" name="test1528" time="0"/>
  <testcase classname="RegressionTest3" name="test1529" time="0"/>
  <testcase classname="RegressionTest3" name="test1530" time="0"/>
  <testcase classname="RegressionTest3" name="test1531" time="0"/>
  <testcase classname="RegressionTest3" name="test1532" time="0"/>
  <testcase classname="RegressionTest3" name="test1533" time="0"/>
  <testcase classname="RegressionTest3" name="test1534" time="0"/>
  <testcase classname="RegressionTest3" name="test1535" time="0"/>
  <testcase classname="RegressionTest3" name="test1536" time="0"/>
  <testcase classname="RegressionTest3" name="test1537" time="0.001"/>
  <testcase classname="RegressionTest3" name="test1538" time="0"/>
  <testcase classname="RegressionTest3" name="test1539" time="0"/>
  <testcase classname="RegressionTest3" name="test1540" time="0"/>
  <testcase classname="RegressionTest3" name="test1541" time="0"/>
  <testcase classname="RegressionTest3" name="test1542" time="0"/>
  <testcase classname="RegressionTest3" name="test1543" time="0"/>
  <testcase classname="RegressionTest3" name="test1544" time="0"/>
  <testcase classname="RegressionTest3" name="test1545" time="0"/>
  <testcase classname="RegressionTest3" name="test1546" time="0"/>
  <testcase classname="RegressionTest3" name="test1547" time="0"/>
  <testcase classname="RegressionTest3" name="test1548" time="0"/>
  <testcase classname="RegressionTest3" name="test1549" time="0"/>
  <testcase classname="RegressionTest3" name="test1550" time="0"/>
  <testcase classname="RegressionTest3" name="test1551" time="0"/>
  <testcase classname="RegressionTest3" name="test1552" time="0"/>
  <testcase classname="RegressionTest3" name="test1553" time="0"/>
  <testcase classname="RegressionTest3" name="test1554" time="0.001"/>
  <testcase classname="RegressionTest3" name="test1555" time="0"/>
  <testcase classname="RegressionTest3" name="test1556" time="0"/>
  <testcase classname="RegressionTest3" name="test1557" time="0"/>
  <testcase classname="RegressionTest3" name="test1558" time="0"/>
  <testcase classname="RegressionTest3" name="test1559" time="0"/>
  <testcase classname="RegressionTest3" name="test1560" time="0"/>
  <testcase classname="RegressionTest3" name="test1561" time="0.001"/>
  <testcase classname="RegressionTest3" name="test1562" time="0"/>
  <testcase classname="RegressionTest3" name="test1563" time="0"/>
  <testcase classname="RegressionTest3" name="test1564" time="0"/>
  <testcase classname="RegressionTest3" name="test1565" time="0"/>
  <testcase classname="RegressionTest3" name="test1566" time="0"/>
  <testcase classname="RegressionTest3" name="test1567" time="0"/>
  <testcase classname="RegressionTest3" name="test1568" time="0.001"/>
  <testcase classname="RegressionTest3" name="test1569" time="0"/>
  <testcase classname="RegressionTest3" name="test1570" time="0"/>
  <testcase classname="RegressionTest3" name="test1571" time="0"/>
  <testcase classname="RegressionTest3" name="test1572" time="0"/>
  <testcase classname="RegressionTest3" name="test1573" time="0"/>
  <testcase classname="RegressionTest3" name="test1574" time="0"/>
  <testcase classname="RegressionTest3" name="test1575" time="0.001"/>
  <testcase classname="RegressionTest3" name="test1576" time="0"/>
  <testcase classname="RegressionTest3" name="test1577" time="0"/>
  <testcase classname="RegressionTest3" name="test1578" time="0"/>
  <testcase classname="RegressionTest3" name="test1579" time="0"/>
  <testcase classname="RegressionTest3" name="test1580" time="0"/>
  <testcase classname="RegressionTest3" name="test1581" time="0"/>
  <testcase classname="RegressionTest3" name="test1582" time="0"/>
  <testcase classname="RegressionTest3" name="test1583" time="0"/>
  <testcase classname="RegressionTest3" name="test1584" time="0"/>
  <testcase classname="RegressionTest3" name="test1585" time="0.002"/>
  <testcase classname="RegressionTest3" name="test1586" time="0"/>
  <testcase classname="RegressionTest3" name="test1587" time="0"/>
  <testcase classname="RegressionTest3" name="test1588" time="0"/>
  <testcase classname="RegressionTest3" name="test1589" time="0.001"/>
  <testcase classname="RegressionTest3" name="test1590" time="0"/>
  <testcase classname="RegressionTest3" name="test1591" time="0"/>
  <testcase classname="RegressionTest3" name="test1592" time="0"/>
  <testcase classname="RegressionTest3" name="test1593" time="0"/>
  <testcase classname="RegressionTest3" name="test1594" time="0"/>
  <testcase classname="RegressionTest3" name="test1595" time="0"/>
  <testcase classname="RegressionTest3" name="test1596" time="0"/>
  <testcase classname="RegressionTest3" name="test1597" time="0"/>
  <testcase classname="RegressionTest3" name="test1598" time="0.002"/>
  <testcase classname="RegressionTest3" name="test1599" time="0"/>
  <testcase classname="RegressionTest3" name="test1600" time="0.001"/>
  <testcase classname="RegressionTest3" name="test1601" time="0"/>
  <testcase classname="RegressionTest3" name="test1602" time="0"/>
  <testcase classname="RegressionTest3" name="test1603" time="0"/>
  <testcase classname="RegressionTest3" name="test1604" time="0"/>
  <testcase classname="RegressionTest3" name="test1605" time="0"/>
  <testcase classname="RegressionTest3" name="test1606" time="0"/>
  <testcase classname="RegressionTest3" name="test1607" time="0.001"/>
  <testcase classname="RegressionTest3" name="test1608" time="0"/>
  <testcase classname="RegressionTest3" name="test1609" time="0"/>
  <testcase classname="RegressionTest3" name="test1610" time="0"/>
  <testcase classname="RegressionTest3" name="test1611" time="0"/>
  <testcase classname="RegressionTest3" name="test1612" time="0"/>
  <testcase classname="RegressionTest3" name="test1613" time="0"/>
  <testcase classname="RegressionTest3" name="test1614" time="0"/>
  <testcase classname="RegressionTest3" name="test1615" time="0.001"/>
  <testcase classname="RegressionTest3" name="test1616" time="0"/>
  <testcase classname="RegressionTest3" name="test1617" time="0"/>
  <testcase classname="RegressionTest3" name="test1618" time="0"/>
  <testcase classname="RegressionTest3" name="test1619" time="0"/>
  <testcase classname="RegressionTest3" name="test1620" time="0"/>
  <testcase classname="RegressionTest3" name="test1621" time="0"/>
  <testcase classname="RegressionTest3" name="test1622" time="0"/>
  <testcase classname="RegressionTest3" name="test1623" time="0"/>
  <testcase classname="RegressionTest3" name="test1624" time="0.001"/>
  <testcase classname="RegressionTest3" name="test1625" time="0"/>
  <testcase classname="RegressionTest3" name="test1626" time="0"/>
  <testcase classname="RegressionTest3" name="test1627" time="0"/>
  <testcase classname="RegressionTest3" name="test1628" time="0"/>
  <testcase classname="RegressionTest3" name="test1629" time="0"/>
  <testcase classname="RegressionTest3" name="test1630" time="0"/>
  <testcase classname="RegressionTest3" name="test1631" time="0"/>
  <testcase classname="RegressionTest3" name="test1632" time="0"/>
  <testcase classname="RegressionTest3" name="test1633" time="0"/>
  <testcase classname="RegressionTest3" name="test1634" time="0"/>
  <testcase classname="RegressionTest3" name="test1635" time="0"/>
  <testcase classname="RegressionTest3" name="test1636" time="0"/>
  <testcase classname="RegressionTest3" name="test1637" time="0"/>
  <testcase classname="RegressionTest3" name="test1638" time="0"/>
  <testcase classname="RegressionTest3" name="test1639" time="0"/>
  <testcase classname="RegressionTest3" name="test1640" time="0"/>
  <testcase classname="RegressionTest3" name="test1641" time="0"/>
  <testcase classname="RegressionTest3" name="test1642" time="0"/>
  <testcase classname="RegressionTest3" name="test1643" time="0"/>
  <testcase classname="RegressionTest3" name="test1644" time="0"/>
  <testcase classname="RegressionTest3" name="test1645" time="0"/>
  <testcase classname="RegressionTest3" name="test1646" time="0.001"/>
  <testcase classname="RegressionTest3" name="test1647" time="0"/>
  <testcase classname="RegressionTest3" name="test1648" time="0"/>
  <testcase classname="RegressionTest3" name="test1649" time="0"/>
  <testcase classname="RegressionTest3" name="test1650" time="0"/>
  <testcase classname="RegressionTest3" name="test1651" time="0"/>
  <testcase classname="RegressionTest3" name="test1652" time="0"/>
  <testcase classname="RegressionTest3" name="test1653" time="0.001"/>
  <testcase classname="RegressionTest3" name="test1654" time="0"/>
  <testcase classname="RegressionTest3" name="test1655" time="0"/>
  <testcase classname="RegressionTest3" name="test1656" time="0"/>
  <testcase classname="RegressionTest3" name="test1657" time="0"/>
  <testcase classname="RegressionTest3" name="test1658" time="0"/>
  <testcase classname="RegressionTest3" name="test1659" time="0"/>
  <testcase classname="RegressionTest3" name="test1660" time="0"/>
  <testcase classname="RegressionTest3" name="test1661" time="0"/>
  <testcase classname="RegressionTest3" name="test1662" time="0"/>
  <testcase classname="RegressionTest3" name="test1663" time="0"/>
  <testcase classname="RegressionTest3" name="test1664" time="0"/>
  <testcase classname="RegressionTest3" name="test1665" time="0"/>
  <testcase classname="RegressionTest3" name="test1666" time="0"/>
  <testcase classname="RegressionTest3" name="test1667" time="0"/>
  <testcase classname="RegressionTest3" name="test1668" time="0.001"/>
  <testcase classname="RegressionTest3" name="test1669" time="0"/>
  <testcase classname="RegressionTest3" name="test1670" time="0"/>
  <testcase classname="RegressionTest3" name="test1671" time="0"/>
  <testcase classname="RegressionTest3" name="test1672" time="0"/>
  <testcase classname="RegressionTest3" name="test1673" time="0"/>
  <testcase classname="RegressionTest3" name="test1674" time="0"/>
  <testcase classname="RegressionTest3" name="test1675" time="0"/>
  <testcase classname="RegressionTest3" name="test1676" time="0.001"/>
  <testcase classname="RegressionTest3" name="test1677" time="0"/>
  <testcase classname="RegressionTest3" name="test1678" time="0"/>
  <testcase classname="RegressionTest3" name="test1679" time="0"/>
  <testcase classname="RegressionTest3" name="test1680" time="0"/>
  <testcase classname="RegressionTest3" name="test1681" time="0"/>
  <testcase classname="RegressionTest3" name="test1682" time="0"/>
  <testcase classname="RegressionTest3" name="test1683" time="0"/>
  <testcase classname="RegressionTest3" name="test1684" time="0.001"/>
  <testcase classname="RegressionTest3" name="test1685" time="0"/>
  <testcase classname="RegressionTest3" name="test1686" time="0"/>
  <testcase classname="RegressionTest3" name="test1687" time="0"/>
  <testcase classname="RegressionTest3" name="test1688" time="0"/>
  <testcase classname="RegressionTest3" name="test1689" time="0"/>
  <testcase classname="RegressionTest3" name="test1690" time="0"/>
  <testcase classname="RegressionTest3" name="test1691" time="0.001"/>
  <testcase classname="RegressionTest3" name="test1692" time="0"/>
  <testcase classname="RegressionTest3" name="test1693" time="0"/>
  <testcase classname="RegressionTest3" name="test1694" time="0.001"/>
  <testcase classname="RegressionTest3" name="test1695" time="0"/>
  <testcase classname="RegressionTest3" name="test1696" time="0"/>
  <testcase classname="RegressionTest3" name="test1697" time="0"/>
  <testcase classname="RegressionTest3" name="test1698" time="0"/>
  <testcase classname="RegressionTest3" name="test1699" time="0"/>
  <testcase classname="RegressionTest3" name="test1700" time="0"/>
  <testcase classname="RegressionTest3" name="test1701" time="0"/>
  <testcase classname="RegressionTest3" name="test1702" time="0"/>
  <testcase classname="RegressionTest3" name="test1703" time="0.001"/>
  <testcase classname="RegressionTest3" name="test1704" time="0"/>
  <testcase classname="RegressionTest3" name="test1705" time="0"/>
  <testcase classname="RegressionTest3" name="test1706" time="0"/>
  <testcase classname="RegressionTest3" name="test1707" time="0"/>
  <testcase classname="RegressionTest3" name="test1708" time="0"/>
  <testcase classname="RegressionTest3" name="test1709" time="0"/>
  <testcase classname="RegressionTest3" name="test1710" time="0"/>
  <testcase classname="RegressionTest3" name="test1711" time="0.001"/>
  <testcase classname="RegressionTest3" name="test1712" time="0"/>
  <testcase classname="RegressionTest3" name="test1713" time="0"/>
  <testcase classname="RegressionTest3" name="test1714" time="0"/>
  <testcase classname="RegressionTest3" name="test1715" time="0"/>
  <testcase classname="RegressionTest3" name="test1716" time="0"/>
  <testcase classname="RegressionTest3" name="test1717" time="0.001"/>
  <testcase classname="RegressionTest3" name="test1718" time="0"/>
  <testcase classname="RegressionTest3" name="test1719" time="0"/>
  <testcase classname="RegressionTest3" name="test1720" time="0"/>
  <testcase classname="RegressionTest3" name="test1721" time="0"/>
  <testcase classname="RegressionTest3" name="test1722" time="0"/>
  <testcase classname="RegressionTest3" name="test1723" time="0"/>
  <testcase classname="RegressionTest3" name="test1724" time="0"/>
  <testcase classname="RegressionTest3" name="test1725" time="0"/>
  <testcase classname="RegressionTest3" name="test1726" time="0"/>
  <testcase classname="RegressionTest3" name="test1727" time="0"/>
  <testcase classname="RegressionTest3" name="test1728" time="0"/>
  <testcase classname="RegressionTest3" name="test1729" time="0.001"/>
  <testcase classname="RegressionTest3" name="test1730" time="0"/>
  <testcase classname="RegressionTest3" name="test1731" time="0"/>
  <testcase classname="RegressionTest3" name="test1732" time="0"/>
  <testcase classname="RegressionTest3" name="test1733" time="0"/>
  <testcase classname="RegressionTest3" name="test1734" time="0"/>
  <testcase classname="RegressionTest3" name="test1735" time="0"/>
  <testcase classname="RegressionTest3" name="test1736" time="0"/>
  <testcase classname="RegressionTest3" name="test1737" time="0.001"/>
  <testcase classname="RegressionTest3" name="test1738" time="0"/>
  <testcase classname="RegressionTest3" name="test1739" time="0"/>
  <testcase classname="RegressionTest3" name="test1740" time="0"/>
  <testcase classname="RegressionTest3" name="test1741" time="0.001"/>
  <testcase classname="RegressionTest3" name="test1742" time="0"/>
  <testcase classname="RegressionTest3" name="test1743" time="0"/>
  <testcase classname="RegressionTest3" name="test1744" time="0"/>
  <testcase classname="RegressionTest3" name="test1745" time="0"/>
  <testcase classname="RegressionTest3" name="test1746" time="0"/>
  <testcase classname="RegressionTest3" name="test1747" time="0"/>
  <testcase classname="RegressionTest3" name="test1748" time="0"/>
  <testcase classname="RegressionTest3" name="test1749" time="0.001"/>
  <testcase classname="RegressionTest3" name="test1750" time="0"/>
  <testcase classname="RegressionTest3" name="test1751" time="0"/>
  <testcase classname="RegressionTest3" name="test1752" time="0"/>
  <testcase classname="RegressionTest3" name="test1753" time="0"/>
  <testcase classname="RegressionTest3" name="test1754" time="0"/>
  <testcase classname="RegressionTest3" name="test1755" time="0"/>
  <testcase classname="RegressionTest3" name="test1756" time="0.001"/>
  <testcase classname="RegressionTest3" name="test1757" time="0"/>
  <testcase classname="RegressionTest3" name="test1758" time="0"/>
  <testcase classname="RegressionTest3" name="test1759" time="0"/>
  <testcase classname="RegressionTest3" name="test1760" time="0.001"/>
  <testcase classname="RegressionTest3" name="test1761" time="0"/>
  <testcase classname="RegressionTest3" name="test1762" time="0"/>
  <testcase classname="RegressionTest3" name="test1763" time="0"/>
  <testcase classname="RegressionTest3" name="test1764" time="0"/>
  <testcase classname="RegressionTest3" name="test1765" time="0"/>
  <testcase classname="RegressionTest3" name="test1766" time="0"/>
  <testcase classname="RegressionTest3" name="test1767" time="0"/>
  <testcase classname="RegressionTest3" name="test1768" time="0"/>
  <testcase classname="RegressionTest3" name="test1769" time="0.001"/>
  <testcase classname="RegressionTest3" name="test1770" time="0"/>
  <testcase classname="RegressionTest3" name="test1771" time="0"/>
  <testcase classname="RegressionTest3" name="test1772" time="0"/>
  <testcase classname="RegressionTest3" name="test1773" time="0.001"/>
  <testcase classname="RegressionTest3" name="test1774" time="0"/>
  <testcase classname="RegressionTest3" name="test1775" time="0"/>
  <testcase classname="RegressionTest3" name="test1776" time="0"/>
  <testcase classname="RegressionTest3" name="test1777" time="0"/>
  <testcase classname="RegressionTest3" name="test1778" time="0"/>
  <testcase classname="RegressionTest3" name="test1779" time="0"/>
  <testcase classname="RegressionTest3" name="test1780" time="0"/>
  <testcase classname="RegressionTest3" name="test1781" time="0.001"/>
  <testcase classname="RegressionTest3" name="test1782" time="0"/>
  <testcase classname="RegressionTest3" name="test1783" time="0"/>
  <testcase classname="RegressionTest3" name="test1784" time="0"/>
  <testcase classname="RegressionTest3" name="test1785" time="0"/>
  <testcase classname="RegressionTest3" name="test1786" time="0"/>
  <testcase classname="RegressionTest3" name="test1787" time="0"/>
  <testcase classname="RegressionTest3" name="test1788" time="0"/>
  <testcase classname="RegressionTest3" name="test1789" time="0"/>
  <testcase classname="RegressionTest3" name="test1790" time="0"/>
  <testcase classname="RegressionTest3" name="test1791" time="0"/>
  <testcase classname="RegressionTest3" name="test1792" time="0"/>
  <testcase classname="RegressionTest3" name="test1793" time="0"/>
  <testcase classname="RegressionTest3" name="test1794" time="0"/>
  <testcase classname="RegressionTest3" name="test1795" time="0"/>
  <testcase classname="RegressionTest3" name="test1796" time="0"/>
  <testcase classname="RegressionTest3" name="test1797" time="0"/>
  <testcase classname="RegressionTest3" name="test1798" time="0"/>
  <testcase classname="RegressionTest3" name="test1799" time="0"/>
  <testcase classname="RegressionTest3" name="test1800" time="0"/>
  <testcase classname="RegressionTest3" name="test1801" time="0.001"/>
  <testcase classname="RegressionTest3" name="test1802" time="0.001"/>
  <testcase classname="RegressionTest3" name="test1803" time="0"/>
  <testcase classname="RegressionTest3" name="test1804" time="0"/>
  <testcase classname="RegressionTest3" name="test1805" time="0"/>
  <testcase classname="RegressionTest3" name="test1806" time="0"/>
  <testcase classname="RegressionTest3" name="test1807" time="0"/>
  <testcase classname="RegressionTest3" name="test1808" time="0"/>
  <testcase classname="RegressionTest3" name="test1809" time="0"/>
  <testcase classname="RegressionTest3" name="test1810" time="0"/>
  <testcase classname="RegressionTest3" name="test1811" time="0"/>
  <testcase classname="RegressionTest3" name="test1812" time="0"/>
  <testcase classname="RegressionTest3" name="test1813" time="0"/>
  <testcase classname="RegressionTest3" name="test1814" time="0"/>
  <testcase classname="RegressionTest3" name="test1815" time="0"/>
  <testcase classname="RegressionTest3" name="test1816" time="0"/>
  <testcase classname="RegressionTest3" name="test1817" time="0"/>
  <testcase classname="RegressionTest3" name="test1818" time="0"/>
  <testcase classname="RegressionTest3" name="test1819" time="0"/>
  <testcase classname="RegressionTest3" name="test1820" time="0.001"/>
  <testcase classname="RegressionTest3" name="test1821" time="0"/>
  <testcase classname="RegressionTest3" name="test1822" time="0"/>
  <testcase classname="RegressionTest3" name="test1823" time="0"/>
  <testcase classname="RegressionTest3" name="test1824" time="0"/>
  <testcase classname="RegressionTest3" name="test1825" time="0"/>
  <testcase classname="RegressionTest3" name="test1826" time="0"/>
  <testcase classname="RegressionTest3" name="test1827" time="0"/>
  <testcase classname="RegressionTest3" name="test1828" time="0"/>
  <testcase classname="RegressionTest3" name="test1829" time="0"/>
  <testcase classname="RegressionTest3" name="test1830" time="0"/>
  <testcase classname="RegressionTest3" name="test1831" time="0"/>
  <testcase classname="RegressionTest3" name="test1832" time="0.001"/>
  <testcase classname="RegressionTest3" name="test1833" time="0"/>
  <testcase classname="RegressionTest3" name="test1834" time="0.001"/>
  <testcase classname="RegressionTest3" name="test1835" time="0"/>
  <testcase classname="RegressionTest3" name="test1836" time="0"/>
  <testcase classname="RegressionTest3" name="test1837" time="0"/>
  <testcase classname="RegressionTest3" name="test1838" time="0"/>
  <testcase classname="RegressionTest3" name="test1839" time="0.001"/>
  <testcase classname="RegressionTest3" name="test1840" time="0"/>
  <testcase classname="RegressionTest3" name="test1841" time="0"/>
  <testcase classname="RegressionTest3" name="test1842" time="0"/>
  <testcase classname="RegressionTest3" name="test1843" time="0"/>
  <testcase classname="RegressionTest3" name="test1844" time="0"/>
  <testcase classname="RegressionTest3" name="test1845" time="0"/>
  <testcase classname="RegressionTest3" name="test1846" time="0"/>
  <testcase classname="RegressionTest3" name="test1847" time="0"/>
  <testcase classname="RegressionTest3" name="test1848" time="0"/>
  <testcase classname="RegressionTest3" name="test1849" time="0"/>
  <testcase classname="RegressionTest3" name="test1850" time="0"/>
  <testcase classname="RegressionTest3" name="test1851" time="0"/>
  <testcase classname="RegressionTest3" name="test1852" time="0"/>
  <testcase classname="RegressionTest3" name="test1853" time="0"/>
  <testcase classname="RegressionTest3" name="test1854" time="0.001"/>
  <testcase classname="RegressionTest3" name="test1855" time="0"/>
  <testcase classname="RegressionTest3" name="test1856" time="0"/>
  <testcase classname="RegressionTest3" name="test1857" time="0.001"/>
  <testcase classname="RegressionTest3" name="test1858" time="0"/>
  <testcase classname="RegressionTest3" name="test1859" time="0"/>
  <testcase classname="RegressionTest3" name="test1860" time="0"/>
  <testcase classname="RegressionTest3" name="test1861" time="0"/>
  <testcase classname="RegressionTest3" name="test1862" time="0"/>
  <testcase classname="RegressionTest3" name="test1863" time="0"/>
  <testcase classname="RegressionTest3" name="test1864" time="0"/>
  <testcase classname="RegressionTest3" name="test1865" time="0"/>
  <testcase classname="RegressionTest3" name="test1866" time="0"/>
  <testcase classname="RegressionTest3" name="test1867" time="0"/>
  <testcase classname="RegressionTest3" name="test1868" time="0"/>
  <testcase classname="RegressionTest3" name="test1869" time="0.001"/>
  <testcase classname="RegressionTest3" name="test1870" time="0"/>
  <testcase classname="RegressionTest3" name="test1871" time="0"/>
  <testcase classname="RegressionTest3" name="test1872" time="0"/>
  <testcase classname="RegressionTest3" name="test1873" time="0"/>
  <testcase classname="RegressionTest3" name="test1874" time="0"/>
  <testcase classname="RegressionTest3" name="test1875" time="0"/>
  <testcase classname="RegressionTest3" name="test1876" time="0"/>
  <testcase classname="RegressionTest3" name="test1877" time="0"/>
  <testcase classname="RegressionTest3" name="test1878" time="0"/>
  <testcase classname="RegressionTest3" name="test1879" time="0"/>
  <testcase classname="RegressionTest3" name="test1880" time="0.001"/>
  <testcase classname="RegressionTest3" name="test1881" time="0"/>
  <testcase classname="RegressionTest3" name="test1882" time="0"/>
  <testcase classname="RegressionTest3" name="test1883" time="0"/>
  <testcase classname="RegressionTest3" name="test1884" time="0"/>
  <testcase classname="RegressionTest3" name="test1885" time="0"/>
  <testcase classname="RegressionTest3" name="test1886" time="0"/>
  <testcase classname="RegressionTest3" name="test1887" time="0"/>
  <testcase classname="RegressionTest3" name="test1888" time="0"/>
  <testcase classname="RegressionTest3" name="test1889" time="0"/>
  <testcase classname="RegressionTest3" name="test1890" time="0"/>
  <testcase classname="RegressionTest3" name="test1891" time="0.001"/>
  <testcase classname="RegressionTest3" name="test1892" time="0"/>
  <testcase classname="RegressionTest3" name="test1893" time="0"/>
  <testcase classname="RegressionTest3" name="test1894" time="0"/>
  <testcase classname="RegressionTest3" name="test1895" time="0"/>
  <testcase classname="RegressionTest3" name="test1896" time="0"/>
  <testcase classname="RegressionTest3" name="test1897" time="0"/>
  <testcase classname="RegressionTest3" name="test1898" time="0"/>
  <testcase classname="RegressionTest3" name="test1899" time="0"/>
  <testcase classname="RegressionTest3" name="test1900" time="0"/>
  <testcase classname="RegressionTest3" name="test1901" time="0"/>
  <testcase classname="RegressionTest3" name="test1902" time="0"/>
  <testcase classname="RegressionTest3" name="test1903" time="0"/>
  <testcase classname="RegressionTest3" name="test1904" time="0"/>
  <testcase classname="RegressionTest3" name="test1905" time="0"/>
  <testcase classname="RegressionTest3" name="test1906" time="0"/>
  <testcase classname="RegressionTest3" name="test1907" time="0"/>
  <testcase classname="RegressionTest3" name="test1908" time="0.001"/>
  <testcase classname="RegressionTest3" name="test1909" time="0"/>
  <testcase classname="RegressionTest3" name="test1910" time="0"/>
  <testcase classname="RegressionTest3" name="test1911" time="0"/>
  <testcase classname="RegressionTest3" name="test1912" time="0"/>
  <testcase classname="RegressionTest3" name="test1913" time="0"/>
  <testcase classname="RegressionTest3" name="test1914" time="0"/>
  <testcase classname="RegressionTest3" name="test1915" time="0"/>
  <testcase classname="RegressionTest3" name="test1916" time="0"/>
  <testcase classname="RegressionTest3" name="test1917" time="0"/>
  <testcase classname="RegressionTest3" name="test1918" time="0"/>
  <testcase classname="RegressionTest3" name="test1919" time="0"/>
  <testcase classname="RegressionTest3" name="test1920" time="0"/>
  <testcase classname="RegressionTest3" name="test1921" time="0"/>
  <testcase classname="RegressionTest3" name="test1922" time="0"/>
  <testcase classname="RegressionTest3" name="test1923" time="0"/>
  <testcase classname="RegressionTest3" name="test1924" time="0"/>
  <testcase classname="RegressionTest3" name="test1925" time="0"/>
  <testcase classname="RegressionTest3" name="test1926" time="0"/>
  <testcase classname="RegressionTest3" name="test1927" time="0"/>
  <testcase classname="RegressionTest3" name="test1928" time="0"/>
  <testcase classname="RegressionTest3" name="test1929" time="0"/>
  <testcase classname="RegressionTest3" name="test1930" time="0"/>
  <testcase classname="RegressionTest3" name="test1931" time="0"/>
  <testcase classname="RegressionTest3" name="test1932" time="0"/>
  <testcase classname="RegressionTest3" name="test1933" time="0"/>
  <testcase classname="RegressionTest3" name="test1934" time="0"/>
  <testcase classname="RegressionTest3" name="test1935" time="0"/>
  <testcase classname="RegressionTest3" name="test1936" time="0"/>
  <testcase classname="RegressionTest3" name="test1937" time="0"/>
  <testcase classname="RegressionTest3" name="test1938" time="0"/>
  <testcase classname="RegressionTest3" name="test1939" time="0"/>
  <testcase classname="RegressionTest3" name="test1940" time="0"/>
  <testcase classname="RegressionTest3" name="test1941" time="0"/>
  <testcase classname="RegressionTest3" name="test1942" time="0"/>
  <testcase classname="RegressionTest3" name="test1943" time="0"/>
  <testcase classname="RegressionTest3" name="test1944" time="0"/>
  <testcase classname="RegressionTest3" name="test1945" time="0"/>
  <testcase classname="RegressionTest3" name="test1946" time="0"/>
  <testcase classname="RegressionTest3" name="test1947" time="0"/>
  <testcase classname="RegressionTest3" name="test1948" time="0.001"/>
  <testcase classname="RegressionTest3" name="test1949" time="0"/>
  <testcase classname="RegressionTest3" name="test1950" time="0"/>
  <testcase classname="RegressionTest3" name="test1951" time="0"/>
  <testcase classname="RegressionTest3" name="test1952" time="0"/>
  <testcase classname="RegressionTest3" name="test1953" time="0"/>
  <testcase classname="RegressionTest3" name="test1954" time="0.001"/>
  <testcase classname="RegressionTest3" name="test1955" time="0"/>
  <testcase classname="RegressionTest3" name="test1956" time="0"/>
  <testcase classname="RegressionTest3" name="test1957" time="0"/>
  <testcase classname="RegressionTest3" name="test1958" time="0"/>
  <testcase classname="RegressionTest3" name="test1959" time="0.001"/>
  <testcase classname="RegressionTest3" name="test1960" time="0"/>
  <testcase classname="RegressionTest3" name="test1961" time="0"/>
  <testcase classname="RegressionTest3" name="test1962" time="0"/>
  <testcase classname="RegressionTest3" name="test1963" time="0"/>
  <testcase classname="RegressionTest3" name="test1964" time="0"/>
  <testcase classname="RegressionTest3" name="test1965" time="0"/>
  <testcase classname="RegressionTest3" name="test1966" time="0"/>
  <testcase classname="RegressionTest3" name="test1967" time="0"/>
  <testcase classname="RegressionTest3" name="test1968" time="0"/>
  <testcase classname="RegressionTest3" name="test1969" time="0"/>
  <testcase classname="RegressionTest3" name="test1970" time="0"/>
  <testcase classname="RegressionTest3" name="test1971" time="0"/>
  <testcase classname="RegressionTest3" name="test1972" time="0"/>
  <testcase classname="RegressionTest3" name="test1973" time="0"/>
  <testcase classname="RegressionTest3" name="test1974" time="0.001"/>
  <testcase classname="RegressionTest3" name="test1975" time="0"/>
  <testcase classname="RegressionTest3" name="test1976" time="0"/>
  <testcase classname="RegressionTest3" name="test1977" time="0"/>
  <testcase classname="RegressionTest3" name="test1978" time="0"/>
  <testcase classname="RegressionTest3" name="test1979" time="0"/>
  <testcase classname="RegressionTest3" name="test1980" time="0"/>
  <testcase classname="RegressionTest3" name="test1981" time="0"/>
  <testcase classname="RegressionTest3" name="test1982" time="0"/>
  <testcase classname="RegressionTest3" name="test1983" time="0"/>
  <testcase classname="RegressionTest3" name="test1984" time="0"/>
  <testcase classname="RegressionTest3" name="test1985" time="0"/>
  <testcase classname="RegressionTest3" name="test1986" time="0"/>
  <testcase classname="RegressionTest3" name="test1987" time="0"/>
  <testcase classname="RegressionTest3" name="test1988" time="0"/>
  <testcase classname="RegressionTest3" name="test1989" time="0"/>
  <testcase classname="RegressionTest3" name="test1990" time="0"/>
  <testcase classname="RegressionTest3" name="test1991" time="0"/>
  <testcase classname="RegressionTest3" name="test1992" time="0"/>
  <testcase classname="RegressionTest3" name="test1993" time="0"/>
  <testcase classname="RegressionTest3" name="test1994" time="0"/>
  <testcase classname="RegressionTest3" name="test1995" time="0"/>
  <testcase classname="RegressionTest3" name="test1996" time="0.001"/>
  <testcase classname="RegressionTest3" name="test1997" time="0"/>
  <testcase classname="RegressionTest3" name="test1998" time="0"/>
  <testcase classname="RegressionTest3" name="test1999" time="0"/>
  <testcase classname="RegressionTest3" name="test2000" time="0"/>
  <testcase classname="RegressionTest4" name="test2001" time="0.001"/>
  <testcase classname="RegressionTest4" name="test2002" time="0"/>
  <testcase classname="RegressionTest4" name="test2003" time="0"/>
  <testcase classname="RegressionTest4" name="test2004" time="0"/>
  <testcase classname="RegressionTest4" name="test2005" time="0"/>
  <testcase classname="RegressionTest4" name="test2006" time="0"/>
  <testcase classname="RegressionTest4" name="test2007" time="0"/>
  <testcase classname="RegressionTest4" name="test2008" time="0.001"/>
  <testcase classname="RegressionTest4" name="test2009" time="0"/>
  <testcase classname="RegressionTest4" name="test2010" time="0"/>
  <testcase classname="RegressionTest4" name="test2011" time="0"/>
  <testcase classname="RegressionTest4" name="test2012" time="0"/>
  <testcase classname="RegressionTest4" name="test2013" time="0"/>
  <testcase classname="RegressionTest4" name="test2014" time="0"/>
  <testcase classname="RegressionTest4" name="test2015" time="0"/>
  <testcase classname="RegressionTest4" name="test2016" time="0.001"/>
  <testcase classname="RegressionTest4" name="test2017" time="0"/>
  <testcase classname="RegressionTest4" name="test2018" time="0"/>
  <testcase classname="RegressionTest4" name="test2019" time="0"/>
  <testcase classname="RegressionTest4" name="test2020" time="0"/>
  <testcase classname="RegressionTest4" name="test2021" time="0"/>
  <testcase classname="RegressionTest4" name="test2022" time="0"/>
  <testcase classname="RegressionTest4" name="test2023" time="0"/>
  <testcase classname="RegressionTest4" name="test2024" time="0"/>
  <testcase classname="RegressionTest4" name="test2025" time="0"/>
  <testcase classname="RegressionTest4" name="test2026" time="0"/>
  <testcase classname="RegressionTest4" name="test2027" time="0"/>
  <testcase classname="RegressionTest4" name="test2028" time="0"/>
  <testcase classname="RegressionTest4" name="test2029" time="0"/>
  <testcase classname="RegressionTest4" name="test2030" time="0"/>
  <testcase classname="RegressionTest4" name="test2031" time="0"/>
  <testcase classname="RegressionTest4" name="test2032" time="0"/>
  <testcase classname="RegressionTest4" name="test2033" time="0"/>
  <testcase classname="RegressionTest4" name="test2034" time="0"/>
  <testcase classname="RegressionTest4" name="test2035" time="0"/>
  <testcase classname="RegressionTest4" name="test2036" time="0"/>
  <testcase classname="RegressionTest4" name="test2037" time="0"/>
  <testcase classname="RegressionTest4" name="test2038" time="0"/>
  <testcase classname="RegressionTest4" name="test2039" time="0"/>
  <testcase classname="RegressionTest4" name="test2040" time="0"/>
  <testcase classname="RegressionTest4" name="test2041" time="0"/>
  <testcase classname="RegressionTest4" name="test2042" time="0"/>
  <testcase classname="RegressionTest4" name="test2043" time="0.001"/>
  <testcase classname="RegressionTest4" name="test2044" time="0"/>
  <testcase classname="RegressionTest4" name="test2045" time="0"/>
  <testcase classname="RegressionTest4" name="test2046" time="0"/>
  <testcase classname="RegressionTest4" name="test2047" time="0"/>
  <testcase classname="RegressionTest4" name="test2048" time="0"/>
  <testcase classname="RegressionTest4" name="test2049" time="0"/>
  <testcase classname="RegressionTest4" name="test2050" time="0"/>
  <testcase classname="RegressionTest4" name="test2051" time="0"/>
  <testcase classname="RegressionTest4" name="test2052" time="0"/>
  <testcase classname="RegressionTest4" name="test2053" time="0"/>
  <testcase classname="RegressionTest4" name="test2054" time="0"/>
  <testcase classname="RegressionTest4" name="test2055" time="0"/>
  <testcase classname="RegressionTest4" name="test2056" time="0"/>
  <testcase classname="RegressionTest4" name="test2057" time="0"/>
  <testcase classname="RegressionTest4" name="test2058" time="0"/>
  <testcase classname="RegressionTest4" name="test2059" time="0"/>
  <testcase classname="RegressionTest4" name="test2060" time="0"/>
  <testcase classname="RegressionTest4" name="test2061" time="0"/>
  <testcase classname="RegressionTest4" name="test2062" time="0"/>
  <testcase classname="RegressionTest4" name="test2063" time="0"/>
  <testcase classname="RegressionTest4" name="test2064" time="0"/>
  <testcase classname="RegressionTest4" name="test2065" time="0"/>
  <testcase classname="RegressionTest4" name="test2066" time="0"/>
  <testcase classname="RegressionTest4" name="test2067" time="0"/>
  <testcase classname="RegressionTest4" name="test2068" time="0"/>
  <testcase classname="RegressionTest4" name="test2069" time="0"/>
  <testcase classname="RegressionTest4" name="test2070" time="0"/>
  <testcase classname="RegressionTest4" name="test2071" time="0"/>
  <testcase classname="RegressionTest4" name="test2072" time="0"/>
  <testcase classname="RegressionTest4" name="test2073" time="0"/>
  <testcase classname="RegressionTest4" name="test2074" time="0"/>
  <testcase classname="RegressionTest4" name="test2075" time="0"/>
  <testcase classname="RegressionTest4" name="test2076" time="0"/>
  <testcase classname="RegressionTest4" name="test2077" time="0"/>
  <testcase classname="RegressionTest4" name="test2078" time="0"/>
  <testcase classname="RegressionTest4" name="test2079" time="0"/>
  <testcase classname="RegressionTest4" name="test2080" time="0.002"/>
  <testcase classname="RegressionTest4" name="test2081" time="0"/>
  <testcase classname="RegressionTest4" name="test2082" time="0"/>
  <testcase classname="RegressionTest4" name="test2083" time="0"/>
  <testcase classname="RegressionTest4" name="test2084" time="0"/>
  <testcase classname="RegressionTest4" name="test2085" time="0"/>
  <testcase classname="RegressionTest4" name="test2086" time="0"/>
  <testcase classname="RegressionTest4" name="test2087" time="0"/>
  <testcase classname="RegressionTest4" name="test2088" time="0"/>
  <testcase classname="RegressionTest4" name="test2089" time="0"/>
  <testcase classname="RegressionTest4" name="test2090" time="0"/>
  <testcase classname="RegressionTest4" name="test2091" time="0"/>
  <testcase classname="RegressionTest4" name="test2092" time="0"/>
  <testcase classname="RegressionTest4" name="test2093" time="0"/>
  <testcase classname="RegressionTest4" name="test2094" time="0"/>
  <testcase classname="RegressionTest4" name="test2095" time="0"/>
  <testcase classname="RegressionTest4" name="test2096" time="0"/>
  <testcase classname="RegressionTest4" name="test2097" time="0.001"/>
  <testcase classname="RegressionTest4" name="test2098" time="0"/>
  <testcase classname="RegressionTest4" name="test2099" time="0"/>
  <testcase classname="RegressionTest4" name="test2100" time="0"/>
  <testcase classname="RegressionTest4" name="test2101" time="0"/>
  <testcase classname="RegressionTest4" name="test2102" time="0"/>
  <testcase classname="RegressionTest4" name="test2103" time="0"/>
  <testcase classname="RegressionTest4" name="test2104" time="0.001"/>
  <testcase classname="RegressionTest4" name="test2105" time="0"/>
  <testcase classname="RegressionTest4" name="test2106" time="0"/>
  <testcase classname="RegressionTest4" name="test2107" time="0"/>
  <testcase classname="RegressionTest4" name="test2108" time="0"/>
  <testcase classname="RegressionTest4" name="test2109" time="0"/>
  <testcase classname="RegressionTest4" name="test2110" time="0"/>
  <testcase classname="RegressionTest4" name="test2111" time="0.001"/>
  <testcase classname="RegressionTest4" name="test2112" time="0"/>
  <testcase classname="RegressionTest4" name="test2113" time="0"/>
  <testcase classname="RegressionTest4" name="test2114" time="0"/>
  <testcase classname="RegressionTest4" name="test2115" time="0"/>
  <testcase classname="RegressionTest4" name="test2116" time="0"/>
  <testcase classname="RegressionTest4" name="test2117" time="0"/>
  <testcase classname="RegressionTest4" name="test2118" time="0"/>
  <testcase classname="RegressionTest4" name="test2119" time="0"/>
  <testcase classname="RegressionTest4" name="test2120" time="0"/>
  <testcase classname="RegressionTest4" name="test2121" time="0"/>
  <testcase classname="RegressionTest4" name="test2122" time="0"/>
  <testcase classname="RegressionTest4" name="test2123" time="0"/>
  <testcase classname="RegressionTest4" name="test2124" time="0"/>
  <testcase classname="RegressionTest4" name="test2125" time="0"/>
  <testcase classname="RegressionTest4" name="test2126" time="0"/>
  <testcase classname="RegressionTest4" name="test2127" time="0"/>
  <testcase classname="RegressionTest4" name="test2128" time="0"/>
  <testcase classname="RegressionTest4" name="test2129" time="0"/>
  <testcase classname="RegressionTest4" name="test2130" time="0"/>
  <testcase classname="RegressionTest4" name="test2131" time="0"/>
  <testcase classname="RegressionTest4" name="test2132" time="0"/>
  <testcase classname="RegressionTest4" name="test2133" time="0"/>
  <testcase classname="RegressionTest4" name="test2134" time="0"/>
  <testcase classname="RegressionTest4" name="test2135" time="0"/>
  <testcase classname="RegressionTest4" name="test2136" time="0.001"/>
  <testcase classname="RegressionTest4" name="test2137" time="0"/>
  <testcase classname="RegressionTest4" name="test2138" time="0"/>
  <testcase classname="RegressionTest4" name="test2139" time="0"/>
  <testcase classname="RegressionTest4" name="test2140" time="0"/>
  <testcase classname="RegressionTest4" name="test2141" time="0"/>
  <testcase classname="RegressionTest4" name="test2142" time="0"/>
  <testcase classname="RegressionTest4" name="test2143" time="0"/>
  <testcase classname="RegressionTest4" name="test2144" time="0"/>
  <testcase classname="RegressionTest4" name="test2145" time="0"/>
  <testcase classname="RegressionTest4" name="test2146" time="0"/>
  <testcase classname="RegressionTest4" name="test2147" time="0"/>
  <testcase classname="RegressionTest4" name="test2148" time="0.001"/>
  <testcase classname="RegressionTest4" name="test2149" time="0"/>
  <testcase classname="RegressionTest4" name="test2150" time="0"/>
  <testcase classname="RegressionTest4" name="test2151" time="0"/>
  <testcase classname="RegressionTest4" name="test2152" time="0"/>
  <testcase classname="RegressionTest4" name="test2153" time="0"/>
  <testcase classname="RegressionTest4" name="test2154" time="0"/>
  <testcase classname="RegressionTest4" name="test2155" time="0"/>
  <testcase classname="RegressionTest4" name="test2156" time="0"/>
  <testcase classname="RegressionTest4" name="test2157" time="0"/>
  <testcase classname="RegressionTest4" name="test2158" time="0"/>
  <testcase classname="RegressionTest4" name="test2159" time="0.001"/>
  <testcase classname="RegressionTest4" name="test2160" time="0"/>
  <testcase classname="RegressionTest4" name="test2161" time="0"/>
  <testcase classname="RegressionTest4" name="test2162" time="0"/>
  <testcase classname="RegressionTest4" name="test2163" time="0"/>
  <testcase classname="RegressionTest4" name="test2164" time="0"/>
  <testcase classname="RegressionTest4" name="test2165" time="0"/>
  <testcase classname="RegressionTest4" name="test2166" time="0"/>
  <testcase classname="RegressionTest4" name="test2167" time="0.001"/>
  <testcase classname="RegressionTest4" name="test2168" time="0"/>
  <testcase classname="RegressionTest4" name="test2169" time="0"/>
  <testcase classname="RegressionTest4" name="test2170" time="0"/>
  <testcase classname="RegressionTest4" name="test2171" time="0"/>
  <testcase classname="RegressionTest4" name="test2172" time="0"/>
  <testcase classname="RegressionTest4" name="test2173" time="0"/>
  <testcase classname="RegressionTest4" name="test2174" time="0"/>
  <testcase classname="RegressionTest4" name="test2175" time="0"/>
  <testcase classname="RegressionTest4" name="test2176" time="0"/>
  <testcase classname="RegressionTest4" name="test2177" time="0"/>
  <testcase classname="RegressionTest4" name="test2178" time="0"/>
  <testcase classname="RegressionTest4" name="test2179" time="0"/>
  <testcase classname="RegressionTest4" name="test2180" time="0"/>
  <testcase classname="RegressionTest4" name="test2181" time="0"/>
  <testcase classname="RegressionTest4" name="test2182" time="0"/>
  <testcase classname="RegressionTest4" name="test2183" time="0"/>
  <testcase classname="RegressionTest4" name="test2184" time="0.001"/>
  <testcase classname="RegressionTest4" name="test2185" time="0"/>
  <testcase classname="RegressionTest4" name="test2186" time="0.001"/>
  <testcase classname="RegressionTest4" name="test2187" time="0"/>
  <testcase classname="RegressionTest4" name="test2188" time="0"/>
  <testcase classname="RegressionTest4" name="test2189" time="0"/>
  <testcase classname="RegressionTest4" name="test2190" time="0"/>
  <testcase classname="RegressionTest4" name="test2191" time="0"/>
  <testcase classname="RegressionTest4" name="test2192" time="0"/>
  <testcase classname="RegressionTest4" name="test2193" time="0"/>
  <testcase classname="RegressionTest4" name="test2194" time="0"/>
  <testcase classname="RegressionTest4" name="test2195" time="0"/>
  <testcase classname="RegressionTest4" name="test2196" time="0"/>
  <testcase classname="RegressionTest4" name="test2197" time="0"/>
  <testcase classname="RegressionTest4" name="test2198" time="0"/>
  <testcase classname="RegressionTest4" name="test2199" time="0"/>
  <testcase classname="RegressionTest4" name="test2200" time="0"/>
  <testcase classname="RegressionTest4" name="test2201" time="0"/>
  <testcase classname="RegressionTest4" name="test2202" time="0"/>
  <testcase classname="RegressionTest4" name="test2203" time="0"/>
  <testcase classname="RegressionTest4" name="test2204" time="0"/>
  <testcase classname="RegressionTest4" name="test2205" time="0.001"/>
  <testcase classname="RegressionTest4" name="test2206" time="0"/>
  <testcase classname="RegressionTest4" name="test2207" time="0"/>
  <testcase classname="RegressionTest4" name="test2208" time="0"/>
  <testcase classname="RegressionTest4" name="test2209" time="0.001"/>
  <testcase classname="RegressionTest4" name="test2210" time="0"/>
  <testcase classname="RegressionTest4" name="test2211" time="0"/>
  <testcase classname="RegressionTest4" name="test2212" time="0"/>
  <testcase classname="RegressionTest4" name="test2213" time="0"/>
  <testcase classname="RegressionTest4" name="test2214" time="0.001"/>
  <testcase classname="RegressionTest4" name="test2215" time="0"/>
  <testcase classname="RegressionTest4" name="test2216" time="0"/>
  <testcase classname="RegressionTest4" name="test2217" time="0"/>
  <testcase classname="RegressionTest4" name="test2218" time="0"/>
  <testcase classname="RegressionTest4" name="test2219" time="0"/>
  <testcase classname="RegressionTest4" name="test2220" time="0"/>
  <testcase classname="RegressionTest4" name="test2221" time="0"/>
  <testcase classname="RegressionTest4" name="test2222" time="0"/>
  <testcase classname="RegressionTest4" name="test2223" time="0"/>
  <testcase classname="RegressionTest4" name="test2224" time="0"/>
  <testcase classname="RegressionTest4" name="test2225" time="0"/>
  <testcase classname="RegressionTest4" name="test2226" time="0"/>
  <testcase classname="RegressionTest4" name="test2227" time="0"/>
  <testcase classname="RegressionTest4" name="test2228" time="0"/>
  <testcase classname="RegressionTest4" name="test2229" time="0"/>
  <testcase classname="RegressionTest4" name="test2230" time="0"/>
  <testcase classname="RegressionTest4" name="test2231" time="0"/>
  <testcase classname="RegressionTest4" name="test2232" time="0"/>
  <testcase classname="RegressionTest4" name="test2233" time="0"/>
  <testcase classname="RegressionTest4" name="test2234" time="0"/>
  <testcase classname="RegressionTest4" name="test2235" time="0"/>
  <testcase classname="RegressionTest4" name="test2236" time="0"/>
  <testcase classname="RegressionTest4" name="test2237" time="0"/>
  <testcase classname="RegressionTest4" name="test2238" time="0.001"/>
  <testcase classname="RegressionTest4" name="test2239" time="0"/>
  <testcase classname="RegressionTest4" name="test2240" time="0"/>
  <testcase classname="RegressionTest4" name="test2241" time="0"/>
  <testcase classname="RegressionTest4" name="test2242" time="0"/>
  <testcase classname="RegressionTest4" name="test2243" time="0"/>
  <testcase classname="RegressionTest4" name="test2244" time="0"/>
  <testcase classname="RegressionTest4" name="test2245" time="0"/>
  <testcase classname="RegressionTest4" name="test2246" time="0"/>
  <testcase classname="RegressionTest4" name="test2247" time="0"/>
  <testcase classname="RegressionTest4" name="test2248" time="0.001"/>
  <testcase classname="RegressionTest4" name="test2249" time="0"/>
  <testcase classname="RegressionTest4" name="test2250" time="0"/>
  <testcase classname="RegressionTest4" name="test2251" time="0"/>
  <testcase classname="RegressionTest4" name="test2252" time="0"/>
  <testcase classname="RegressionTest4" name="test2253" time="0"/>
  <testcase classname="RegressionTest4" name="test2254" time="0"/>
  <testcase classname="RegressionTest4" name="test2255" time="0"/>
  <testcase classname="RegressionTest4" name="test2256" time="0"/>
  <testcase classname="RegressionTest4" name="test2257" time="0"/>
  <testcase classname="RegressionTest4" name="test2258" time="0"/>
  <testcase classname="RegressionTest4" name="test2259" time="0"/>
  <testcase classname="RegressionTest4" name="test2260" time="0"/>
  <testcase classname="RegressionTest4" name="test2261" time="0"/>
  <testcase classname="RegressionTest4" name="test2262" time="0"/>
  <testcase classname="RegressionTest4" name="test2263" time="0"/>
  <testcase classname="RegressionTest4" name="test2264" time="0"/>
  <testcase classname="RegressionTest4" name="test2265" time="0"/>
  <testcase classname="RegressionTest4" name="test2266" time="0"/>
  <testcase classname="RegressionTest4" name="test2267" time="0"/>
  <testcase classname="RegressionTest4" name="test2268" time="0"/>
  <testcase classname="RegressionTest4" name="test2269" time="0"/>
  <testcase classname="RegressionTest4" name="test2270" time="0"/>
  <testcase classname="RegressionTest4" name="test2271" time="0"/>
  <testcase classname="RegressionTest4" name="test2272" time="0"/>
  <testcase classname="RegressionTest4" name="test2273" time="0"/>
  <testcase classname="RegressionTest4" name="test2274" time="0"/>
  <testcase classname="RegressionTest4" name="test2275" time="0"/>
  <testcase classname="RegressionTest4" name="test2276" time="0"/>
  <testcase classname="RegressionTest4" name="test2277" time="0"/>
  <testcase classname="RegressionTest4" name="test2278" time="0"/>
  <testcase classname="RegressionTest4" name="test2279" time="0"/>
  <testcase classname="RegressionTest4" name="test2280" time="0"/>
  <testcase classname="RegressionTest4" name="test2281" time="0"/>
  <testcase classname="RegressionTest4" name="test2282" time="0"/>
  <testcase classname="RegressionTest4" name="test2283" time="0"/>
  <testcase classname="RegressionTest4" name="test2284" time="0"/>
  <testcase classname="RegressionTest4" name="test2285" time="0"/>
  <testcase classname="RegressionTest4" name="test2286" time="0"/>
  <testcase classname="RegressionTest4" name="test2287" time="0"/>
  <testcase classname="RegressionTest4" name="test2288" time="0.001"/>
  <testcase classname="RegressionTest4" name="test2289" time="0"/>
  <testcase classname="RegressionTest4" name="test2290" time="0"/>
  <testcase classname="RegressionTest4" name="test2291" time="0"/>
  <testcase classname="RegressionTest4" name="test2292" time="0"/>
  <testcase classname="RegressionTest4" name="test2293" time="0"/>
  <testcase classname="RegressionTest4" name="test2294" time="0"/>
  <testcase classname="RegressionTest4" name="test2295" time="0"/>
  <testcase classname="RegressionTest4" name="test2296" time="0"/>
  <testcase classname="RegressionTest4" name="test2297" time="0"/>
  <testcase classname="RegressionTest4" name="test2298" time="0"/>
  <testcase classname="RegressionTest4" name="test2299" time="0"/>
  <testcase classname="RegressionTest4" name="test2300" time="0.001"/>
  <testcase classname="RegressionTest4" name="test2301" time="0"/>
  <testcase classname="RegressionTest4" name="test2302" time="0"/>
  <testcase classname="RegressionTest4" name="test2303" time="0"/>
  <testcase classname="RegressionTest4" name="test2304" time="0"/>
  <testcase classname="RegressionTest4" name="test2305" time="0"/>
  <testcase classname="RegressionTest4" name="test2306" time="0"/>
  <testcase classname="RegressionTest4" name="test2307" time="0"/>
  <testcase classname="RegressionTest4" name="test2308" time="0"/>
  <testcase classname="RegressionTest4" name="test2309" time="0"/>
  <testcase classname="RegressionTest4" name="test2310" time="0"/>
  <testcase classname="RegressionTest4" name="test2311" time="0.002"/>
  <testcase classname="RegressionTest4" name="test2312" time="0"/>
  <testcase classname="RegressionTest4" name="test2313" time="0"/>
  <testcase classname="RegressionTest4" name="test2314" time="0"/>
  <testcase classname="RegressionTest4" name="test2315" time="0"/>
  <testcase classname="RegressionTest4" name="test2316" time="0"/>
  <testcase classname="RegressionTest4" name="test2317" time="0"/>
  <testcase classname="RegressionTest4" name="test2318" time="0"/>
  <testcase classname="RegressionTest4" name="test2319" time="0"/>
  <testcase classname="RegressionTest4" name="test2320" time="0"/>
  <testcase classname="RegressionTest4" name="test2321" time="0"/>
  <testcase classname="RegressionTest4" name="test2322" time="0"/>
  <testcase classname="RegressionTest4" name="test2323" time="0"/>
  <testcase classname="RegressionTest4" name="test2324" time="0"/>
  <testcase classname="RegressionTest4" name="test2325" time="0"/>
  <testcase classname="RegressionTest4" name="test2326" time="0"/>
  <testcase classname="RegressionTest4" name="test2327" time="0"/>
  <testcase classname="RegressionTest4" name="test2328" time="0"/>
  <testcase classname="RegressionTest4" name="test2329" time="0"/>
  <testcase classname="RegressionTest4" name="test2330" time="0"/>
  <testcase classname="RegressionTest4" name="test2331" time="0"/>
  <testcase classname="RegressionTest4" name="test2332" time="0"/>
  <testcase classname="RegressionTest4" name="test2333" time="0"/>
  <testcase classname="RegressionTest4" name="test2334" time="0"/>
  <testcase classname="RegressionTest4" name="test2335" time="0"/>
  <testcase classname="RegressionTest4" name="test2336" time="0"/>
  <testcase classname="RegressionTest4" name="test2337" time="0"/>
  <testcase classname="RegressionTest4" name="test2338" time="0"/>
  <testcase classname="RegressionTest4" name="test2339" time="0"/>
  <testcase classname="RegressionTest4" name="test2340" time="0"/>
  <testcase classname="RegressionTest4" name="test2341" time="0"/>
  <testcase classname="RegressionTest4" name="test2342" time="0"/>
  <testcase classname="RegressionTest4" name="test2343" time="0"/>
  <testcase classname="RegressionTest4" name="test2344" time="0"/>
  <testcase classname="RegressionTest4" name="test2345" time="0"/>
  <testcase classname="RegressionTest4" name="test2346" time="0"/>
  <testcase classname="RegressionTest4" name="test2347" time="0.001"/>
  <testcase classname="RegressionTest4" name="test2348" time="0"/>
  <testcase classname="RegressionTest4" name="test2349" time="0"/>
  <testcase classname="RegressionTest4" name="test2350" time="0"/>
  <testcase classname="RegressionTest4" name="test2351" time="0"/>
  <testcase classname="RegressionTest4" name="test2352" time="0"/>
  <testcase classname="RegressionTest4" name="test2353" time="0"/>
  <testcase classname="RegressionTest4" name="test2354" time="0"/>
  <testcase classname="RegressionTest4" name="test2355" time="0"/>
  <testcase classname="RegressionTest4" name="test2356" time="0"/>
  <testcase classname="RegressionTest4" name="test2357" time="0"/>
  <testcase classname="RegressionTest4" name="test2358" time="0.001"/>
  <testcase classname="RegressionTest4" name="test2359" time="0"/>
  <testcase classname="RegressionTest4" name="test2360" time="0"/>
  <testcase classname="RegressionTest4" name="test2361" time="0"/>
  <testcase classname="RegressionTest4" name="test2362" time="0"/>
  <testcase classname="RegressionTest4" name="test2363" time="0"/>
  <testcase classname="RegressionTest4" name="test2364" time="0"/>
  <testcase classname="RegressionTest4" name="test2365" time="0"/>
  <testcase classname="RegressionTest4" name="test2366" time="0"/>
  <testcase classname="RegressionTest4" name="test2367" time="0"/>
  <testcase classname="RegressionTest4" name="test2368" time="0"/>
  <testcase classname="RegressionTest4" name="test2369" time="0.001"/>
  <testcase classname="RegressionTest4" name="test2370" time="0"/>
  <testcase classname="RegressionTest4" name="test2371" time="0"/>
  <testcase classname="RegressionTest4" name="test2372" time="0"/>
  <testcase classname="RegressionTest4" name="test2373" time="0"/>
  <testcase classname="RegressionTest4" name="test2374" time="0"/>
  <testcase classname="RegressionTest4" name="test2375" time="0"/>
  <testcase classname="RegressionTest4" name="test2376" time="0"/>
  <testcase classname="RegressionTest4" name="test2377" time="0"/>
  <testcase classname="RegressionTest4" name="test2378" time="0"/>
  <testcase classname="RegressionTest4" name="test2379" time="0"/>
  <testcase classname="RegressionTest4" name="test2380" time="0"/>
  <testcase classname="RegressionTest4" name="test2381" time="0.001"/>
  <testcase classname="RegressionTest4" name="test2382" time="0"/>
  <testcase classname="RegressionTest4" name="test2383" time="0"/>
  <testcase classname="RegressionTest4" name="test2384" time="0"/>
  <testcase classname="RegressionTest4" name="test2385" time="0"/>
  <testcase classname="RegressionTest4" name="test2386" time="0"/>
  <testcase classname="RegressionTest4" name="test2387" time="0"/>
  <testcase classname="RegressionTest4" name="test2388" time="0"/>
  <testcase classname="RegressionTest4" name="test2389" time="0"/>
  <testcase classname="RegressionTest4" name="test2390" time="0"/>
  <testcase classname="RegressionTest4" name="test2391" time="0"/>
  <testcase classname="RegressionTest4" name="test2392" time="0"/>
  <testcase classname="RegressionTest4" name="test2393" time="0"/>
  <testcase classname="RegressionTest4" name="test2394" time="0"/>
  <testcase classname="RegressionTest4" name="test2395" time="0"/>
  <testcase classname="RegressionTest4" name="test2396" time="0"/>
  <testcase classname="RegressionTest4" name="test2397" time="0"/>
  <testcase classname="RegressionTest4" name="test2398" time="0"/>
  <testcase classname="RegressionTest4" name="test2399" time="0"/>
  <testcase classname="RegressionTest4" name="test2400" time="0"/>
  <testcase classname="RegressionTest4" name="test2401" time="0"/>
  <testcase classname="RegressionTest4" name="test2402" time="0.002"/>
  <testcase classname="RegressionTest4" name="test2403" time="0"/>
  <testcase classname="RegressionTest4" name="test2404" time="0"/>
  <testcase classname="RegressionTest4" name="test2405" time="0"/>
  <testcase classname="RegressionTest4" name="test2406" time="0"/>
  <testcase classname="RegressionTest4" name="test2407" time="0"/>
  <testcase classname="RegressionTest4" name="test2408" time="0"/>
  <testcase classname="RegressionTest4" name="test2409" time="0"/>
  <testcase classname="RegressionTest4" name="test2410" time="0"/>
  <testcase classname="RegressionTest4" name="test2411" time="0"/>
  <testcase classname="RegressionTest4" name="test2412" time="0"/>
  <testcase classname="RegressionTest4" name="test2413" time="0"/>
  <testcase classname="RegressionTest4" name="test2414" time="0"/>
  <testcase classname="RegressionTest4" name="test2415" time="0"/>
  <testcase classname="RegressionTest4" name="test2416" time="0"/>
  <testcase classname="RegressionTest4" name="test2417" time="0"/>
  <testcase classname="RegressionTest4" name="test2418" time="0"/>
  <testcase classname="RegressionTest4" name="test2419" time="0"/>
  <testcase classname="RegressionTest4" name="test2420" time="0"/>
  <testcase classname="RegressionTest4" name="test2421" time="0"/>
  <testcase classname="RegressionTest4" name="test2422" time="0"/>
  <testcase classname="RegressionTest4" name="test2423" time="0"/>
  <testcase classname="RegressionTest4" name="test2424" time="0"/>
  <testcase classname="RegressionTest4" name="test2425" time="0"/>
  <testcase classname="RegressionTest4" name="test2426" time="0"/>
  <testcase classname="RegressionTest4" name="test2427" time="0"/>
  <testcase classname="RegressionTest4" name="test2428" time="0"/>
  <testcase classname="RegressionTest4" name="test2429" time="0"/>
  <testcase classname="RegressionTest4" name="test2430" time="0"/>
  <testcase classname="RegressionTest4" name="test2431" time="0.001"/>
  <testcase classname="RegressionTest4" name="test2432" time="0"/>
  <testcase classname="RegressionTest4" name="test2433" time="0"/>
  <testcase classname="RegressionTest4" name="test2434" time="0"/>
  <testcase classname="RegressionTest4" name="test2435" time="0"/>
  <testcase classname="RegressionTest4" name="test2436" time="0.001"/>
  <testcase classname="RegressionTest4" name="test2437" time="0"/>
  <testcase classname="RegressionTest4" name="test2438" time="0"/>
  <testcase classname="RegressionTest4" name="test2439" time="0"/>
  <testcase classname="RegressionTest4" name="test2440" time="0"/>
  <testcase classname="RegressionTest4" name="test2441" time="0"/>
  <testcase classname="RegressionTest4" name="test2442" time="0"/>
  <testcase classname="RegressionTest4" name="test2443" time="0"/>
  <testcase classname="RegressionTest4" name="test2444" time="0"/>
  <testcase classname="RegressionTest4" name="test2445" time="0"/>
  <testcase classname="RegressionTest4" name="test2446" time="0"/>
  <testcase classname="RegressionTest4" name="test2447" time="0"/>
  <testcase classname="RegressionTest4" name="test2448" time="0"/>
  <testcase classname="RegressionTest4" name="test2449" time="0"/>
  <testcase classname="RegressionTest4" name="test2450" time="0.001"/>
  <testcase classname="RegressionTest4" name="test2451" time="0"/>
  <testcase classname="RegressionTest4" name="test2452" time="0"/>
  <testcase classname="RegressionTest4" name="test2453" time="0"/>
  <testcase classname="RegressionTest4" name="test2454" time="0"/>
  <testcase classname="RegressionTest4" name="test2455" time="0"/>
  <testcase classname="RegressionTest4" name="test2456" time="0"/>
  <testcase classname="RegressionTest4" name="test2457" time="0"/>
  <testcase classname="RegressionTest4" name="test2458" time="0"/>
  <testcase classname="RegressionTest4" name="test2459" time="0"/>
  <testcase classname="RegressionTest4" name="test2460" time="0"/>
  <testcase classname="RegressionTest4" name="test2461" time="0"/>
  <testcase classname="RegressionTest4" name="test2462" time="0"/>
  <testcase classname="RegressionTest4" name="test2463" time="0"/>
  <testcase classname="RegressionTest4" name="test2464" time="0"/>
  <testcase classname="RegressionTest4" name="test2465" time="0"/>
  <testcase classname="RegressionTest4" name="test2466" time="0"/>
  <testcase classname="RegressionTest4" name="test2467" time="0"/>
  <testcase classname="RegressionTest4" name="test2468" time="0"/>
  <testcase classname="RegressionTest4" name="test2469" time="0"/>
  <testcase classname="RegressionTest4" name="test2470" time="0"/>
  <testcase classname="RegressionTest4" name="test2471" time="0"/>
  <testcase classname="RegressionTest4" name="test2472" time="0"/>
  <testcase classname="RegressionTest4" name="test2473" time="0"/>
  <testcase classname="RegressionTest4" name="test2474" time="0"/>
  <testcase classname="RegressionTest4" name="test2475" time="0"/>
  <testcase classname="RegressionTest4" name="test2476" time="0"/>
  <testcase classname="RegressionTest4" name="test2477" time="0"/>
  <testcase classname="RegressionTest4" name="test2478" time="0"/>
  <testcase classname="RegressionTest4" name="test2479" time="0"/>
  <testcase classname="RegressionTest4" name="test2480" time="0"/>
  <testcase classname="RegressionTest4" name="test2481" time="0"/>
  <testcase classname="RegressionTest4" name="test2482" time="0.001"/>
  <testcase classname="RegressionTest4" name="test2483" time="0"/>
  <testcase classname="RegressionTest4" name="test2484" time="0"/>
  <testcase classname="RegressionTest4" name="test2485" time="0"/>
  <testcase classname="RegressionTest4" name="test2486" time="0"/>
  <testcase classname="RegressionTest4" name="test2487" time="0"/>
  <testcase classname="RegressionTest4" name="test2488" time="0"/>
  <testcase classname="RegressionTest4" name="test2489" time="0"/>
  <testcase classname="RegressionTest4" name="test2490" time="0"/>
  <testcase classname="RegressionTest4" name="test2491" time="0"/>
  <testcase classname="RegressionTest4" name="test2492" time="0"/>
  <testcase classname="RegressionTest4" name="test2493" time="0"/>
  <testcase classname="RegressionTest4" name="test2494" time="0"/>
  <testcase classname="RegressionTest4" name="test2495" time="0"/>
  <testcase classname="RegressionTest4" name="test2496" time="0"/>
  <testcase classname="RegressionTest4" name="test2497" time="0"/>
  <testcase classname="RegressionTest4" name="test2498" time="0"/>
  <testcase classname="RegressionTest4" name="test2499" time="0"/>
  <testcase classname="RegressionTest4" name="test2500" time="0.001"/>
  <testcase classname="RegressionTest5" name="test2501" time="0"/>
  <testcase classname="RegressionTest5" name="test2502" time="0.001"/>
  <testcase classname="RegressionTest5" name="test2503" time="0"/>
  <testcase classname="RegressionTest5" name="test2504" time="0"/>
  <testcase classname="RegressionTest5" name="test2505" time="0"/>
  <testcase classname="RegressionTest5" name="test2506" time="0"/>
  <testcase classname="RegressionTest5" name="test2507" time="0"/>
  <testcase classname="RegressionTest5" name="test2508" time="0"/>
  <testcase classname="RegressionTest5" name="test2509" time="0"/>
  <testcase classname="RegressionTest5" name="test2510" time="0"/>
  <testcase classname="RegressionTest5" name="test2511" time="0"/>
  <testcase classname="RegressionTest5" name="test2512" time="0"/>
  <testcase classname="RegressionTest5" name="test2513" time="0"/>
  <testcase classname="RegressionTest5" name="test2514" time="0"/>
  <testcase classname="RegressionTest5" name="test2515" time="0"/>
  <testcase classname="RegressionTest5" name="test2516" time="0"/>
  <testcase classname="RegressionTest5" name="test2517" time="0"/>
  <testcase classname="RegressionTest5" name="test2518" time="0"/>
  <testcase classname="RegressionTest5" name="test2519" time="0.001"/>
  <testcase classname="RegressionTest5" name="test2520" time="0"/>
  <testcase classname="RegressionTest5" name="test2521" time="0"/>
  <testcase classname="RegressionTest5" name="test2522" time="0"/>
  <testcase classname="RegressionTest5" name="test2523" time="0"/>
  <testcase classname="RegressionTest5" name="test2524" time="0"/>
  <testcase classname="RegressionTest5" name="test2525" time="0"/>
  <testcase classname="RegressionTest5" name="test2526" time="0"/>
  <testcase classname="RegressionTest5" name="test2527" time="0"/>
  <testcase classname="RegressionTest5" name="test2528" time="0"/>
  <testcase classname="RegressionTest5" name="test2529" time="0"/>
  <testcase classname="RegressionTest5" name="test2530" time="0"/>
  <testcase classname="RegressionTest5" name="test2531" time="0"/>
  <testcase classname="RegressionTest5" name="test2532" time="0"/>
  <testcase classname="RegressionTest5" name="test2533" time="0"/>
  <testcase classname="RegressionTest5" name="test2534" time="0"/>
  <testcase classname="RegressionTest5" name="test2535" time="0"/>
  <testcase classname="RegressionTest5" name="test2536" time="0.001"/>
  <testcase classname="RegressionTest5" name="test2537" time="0"/>
  <testcase classname="RegressionTest5" name="test2538" time="0"/>
  <testcase classname="RegressionTest5" name="test2539" time="0"/>
  <testcase classname="RegressionTest5" name="test2540" time="0"/>
  <testcase classname="RegressionTest5" name="test2541" time="0"/>
  <testcase classname="RegressionTest5" name="test2542" time="0"/>
  <testcase classname="RegressionTest5" name="test2543" time="0"/>
  <testcase classname="RegressionTest5" name="test2544" time="0"/>
  <testcase classname="RegressionTest5" name="test2545" time="0"/>
  <testcase classname="RegressionTest5" name="test2546" time="0"/>
  <testcase classname="RegressionTest5" name="test2547" time="0"/>
  <testcase classname="RegressionTest5" name="test2548" time="0"/>
  <testcase classname="RegressionTest5" name="test2549" time="0"/>
  <testcase classname="RegressionTest5" name="test2550" time="0.001"/>
  <testcase classname="RegressionTest5" name="test2551" time="0"/>
  <testcase classname="RegressionTest5" name="test2552" time="0"/>
  <testcase classname="RegressionTest5" name="test2553" time="0"/>
  <testcase classname="RegressionTest5" name="test2554" time="0"/>
  <testcase classname="RegressionTest5" name="test2555" time="0"/>
  <testcase classname="RegressionTest5" name="test2556" time="0"/>
  <testcase classname="RegressionTest5" name="test2557" time="0"/>
  <testcase classname="RegressionTest5" name="test2558" time="0"/>
  <testcase classname="RegressionTest5" name="test2559" time="0"/>
  <testcase classname="RegressionTest5" name="test2560" time="0"/>
  <testcase classname="RegressionTest5" name="test2561" time="0"/>
  <testcase classname="RegressionTest5" name="test2562" time="0"/>
  <testcase classname="RegressionTest5" name="test2563" time="0"/>
  <testcase classname="RegressionTest5" name="test2564" time="0"/>
  <testcase classname="RegressionTest5" name="test2565" time="0.001"/>
  <testcase classname="RegressionTest5" name="test2566" time="0"/>
  <testcase classname="RegressionTest5" name="test2567" time="0"/>
  <testcase classname="RegressionTest5" name="test2568" time="0"/>
  <testcase classname="RegressionTest5" name="test2569" time="0"/>
  <testcase classname="RegressionTest5" name="test2570" time="0.009"/>
  <testcase classname="RegressionTest5" name="test2571" time="0"/>
  <testcase classname="RegressionTest5" name="test2572" time="0"/>
  <testcase classname="RegressionTest5" name="test2573" time="0"/>
  <testcase classname="RegressionTest5" name="test2574" time="0.001"/>
  <testcase classname="RegressionTest5" name="test2575" time="0"/>
  <testcase classname="RegressionTest5" name="test2576" time="0.001"/>
  <testcase classname="RegressionTest5" name="test2577" time="0"/>
  <testcase classname="RegressionTest5" name="test2578" time="0"/>
  <testcase classname="RegressionTest5" name="test2579" time="0"/>
  <testcase classname="RegressionTest5" name="test2580" time="0"/>
  <testcase classname="RegressionTest5" name="test2581" time="0"/>
  <testcase classname="RegressionTest5" name="test2582" time="0"/>
  <testcase classname="RegressionTest5" name="test2583" time="0"/>
  <testcase classname="RegressionTest5" name="test2584" time="0"/>
  <testcase classname="RegressionTest5" name="test2585" time="0"/>
  <testcase classname="RegressionTest5" name="test2586" time="0"/>
  <testcase classname="RegressionTest5" name="test2587" time="0"/>
  <testcase classname="RegressionTest5" name="test2588" time="0"/>
  <testcase classname="RegressionTest5" name="test2589" time="0"/>
  <testcase classname="RegressionTest5" name="test2590" time="0"/>
  <testcase classname="RegressionTest5" name="test2591" time="0"/>
  <testcase classname="RegressionTest5" name="test2592" time="0"/>
  <testcase classname="RegressionTest5" name="test2593" time="0"/>
  <testcase classname="RegressionTest5" name="test2594" time="0"/>
  <testcase classname="RegressionTest5" name="test2595" time="0"/>
  <testcase classname="RegressionTest5" name="test2596" time="0"/>
  <testcase classname="RegressionTest5" name="test2597" time="0"/>
  <testcase classname="RegressionTest5" name="test2598" time="0"/>
  <testcase classname="RegressionTest5" name="test2599" time="0"/>
  <testcase classname="RegressionTest5" name="test2600" time="0"/>
  <testcase classname="RegressionTest5" name="test2601" time="0"/>
  <testcase classname="RegressionTest5" name="test2602" time="0"/>
  <testcase classname="RegressionTest5" name="test2603" time="0.001"/>
  <testcase classname="RegressionTest5" name="test2604" time="0.001"/>
  <testcase classname="RegressionTest5" name="test2605" time="0.001"/>
  <testcase classname="RegressionTest5" name="test2606" time="0"/>
  <testcase classname="RegressionTest5" name="test2607" time="0"/>
  <testcase classname="RegressionTest5" name="test2608" time="0"/>
  <testcase classname="RegressionTest5" name="test2609" time="0"/>
  <testcase classname="RegressionTest5" name="test2610" time="0.001"/>
  <testcase classname="RegressionTest5" name="test2611" time="0"/>
  <testcase classname="RegressionTest5" name="test2612" time="0"/>
  <testcase classname="RegressionTest5" name="test2613" time="0"/>
  <testcase classname="RegressionTest5" name="test2614" time="0"/>
  <testcase classname="RegressionTest5" name="test2615" time="0"/>
  <testcase classname="RegressionTest5" name="test2616" time="0"/>
  <testcase classname="RegressionTest5" name="test2617" time="0.001"/>
  <testcase classname="RegressionTest5" name="test2618" time="0"/>
  <testcase classname="RegressionTest5" name="test2619" time="0"/>
  <testcase classname="RegressionTest5" name="test2620" time="0"/>
  <testcase classname="RegressionTest5" name="test2621" time="0"/>
  <testcase classname="RegressionTest5" name="test2622" time="0"/>
  <testcase classname="RegressionTest5" name="test2623" time="0"/>
  <testcase classname="RegressionTest5" name="test2624" time="0"/>
  <testcase classname="RegressionTest5" name="test2625" time="0"/>
  <testcase classname="RegressionTest5" name="test2626" time="0"/>
  <testcase classname="RegressionTest5" name="test2627" time="0"/>
  <testcase classname="RegressionTest5" name="test2628" time="0"/>
  <testcase classname="RegressionTest5" name="test2629" time="0"/>
  <testcase classname="RegressionTest5" name="test2630" time="0"/>
  <testcase classname="RegressionTest5" name="test2631" time="0"/>
  <testcase classname="RegressionTest5" name="test2632" time="0"/>
  <testcase classname="RegressionTest5" name="test2633" time="0"/>
  <testcase classname="RegressionTest5" name="test2634" time="0"/>
  <testcase classname="RegressionTest5" name="test2635" time="0"/>
  <testcase classname="RegressionTest5" name="test2636" time="0"/>
  <testcase classname="RegressionTest5" name="test2637" time="0"/>
  <testcase classname="RegressionTest5" name="test2638" time="0"/>
  <testcase classname="RegressionTest5" name="test2639" time="0.001"/>
  <testcase classname="RegressionTest5" name="test2640" time="0"/>
  <testcase classname="RegressionTest5" name="test2641" time="0"/>
  <testcase classname="RegressionTest5" name="test2642" time="0"/>
  <testcase classname="RegressionTest5" name="test2643" time="0"/>
  <testcase classname="RegressionTest5" name="test2644" time="0"/>
  <testcase classname="RegressionTest5" name="test2645" time="0"/>
  <testcase classname="RegressionTest5" name="test2646" time="0"/>
  <testcase classname="RegressionTest5" name="test2647" time="0"/>
  <testcase classname="RegressionTest5" name="test2648" time="0"/>
  <testcase classname="RegressionTest5" name="test2649" time="0"/>
  <testcase classname="RegressionTest5" name="test2650" time="0"/>
  <testcase classname="RegressionTest5" name="test2651" time="0"/>
  <testcase classname="RegressionTest5" name="test2652" time="0"/>
  <testcase classname="RegressionTest5" name="test2653" time="0.001"/>
  <testcase classname="RegressionTest5" name="test2654" time="0"/>
  <testcase classname="RegressionTest5" name="test2655" time="0"/>
  <testcase classname="RegressionTest5" name="test2656" time="0"/>
  <testcase classname="RegressionTest5" name="test2657" time="0"/>
  <testcase classname="RegressionTest5" name="test2658" time="0"/>
  <testcase classname="RegressionTest5" name="test2659" time="0"/>
  <testcase classname="RegressionTest5" name="test2660" time="0"/>
  <testcase classname="RegressionTest5" name="test2661" time="0"/>
  <testcase classname="RegressionTest5" name="test2662" time="0"/>
  <testcase classname="RegressionTest5" name="test2663" time="0"/>
  <testcase classname="RegressionTest5" name="test2664" time="0"/>
  <testcase classname="RegressionTest5" name="test2665" time="0"/>
  <testcase classname="RegressionTest5" name="test2666" time="0"/>
  <testcase classname="RegressionTest5" name="test2667" time="0"/>
  <testcase classname="RegressionTest5" name="test2668" time="0"/>
  <testcase classname="RegressionTest5" name="test2669" time="0"/>
  <testcase classname="RegressionTest5" name="test2670" time="0"/>
  <testcase classname="RegressionTest5" name="test2671" time="0"/>
  <testcase classname="RegressionTest5" name="test2672" time="0"/>
  <testcase classname="RegressionTest5" name="test2673" time="0"/>
  <testcase classname="RegressionTest5" name="test2674" time="0"/>
  <testcase classname="RegressionTest5" name="test2675" time="0"/>
  <testcase classname="RegressionTest5" name="test2676" time="0"/>
  <testcase classname="RegressionTest5" name="test2677" time="0"/>
  <testcase classname="RegressionTest5" name="test2678" time="0"/>
  <testcase classname="RegressionTest5" name="test2679" time="0"/>
  <testcase classname="RegressionTest5" name="test2680" time="0"/>
  <testcase classname="RegressionTest5" name="test2681" time="0"/>
  <testcase classname="RegressionTest5" name="test2682" time="0"/>
  <testcase classname="RegressionTest5" name="test2683" time="0"/>
  <testcase classname="RegressionTest5" name="test2684" time="0.001"/>
  <testcase classname="RegressionTest5" name="test2685" time="0"/>
  <testcase classname="RegressionTest5" name="test2686" time="0"/>
  <testcase classname="RegressionTest5" name="test2687" time="0.001"/>
  <testcase classname="RegressionTest5" name="test2688" time="0"/>
  <testcase classname="RegressionTest5" name="test2689" time="0"/>
  <testcase classname="RegressionTest5" name="test2690" time="0"/>
  <testcase classname="RegressionTest5" name="test2691" time="0"/>
  <testcase classname="RegressionTest5" name="test2692" time="0"/>
  <testcase classname="RegressionTest5" name="test2693" time="0"/>
  <testcase classname="RegressionTest5" name="test2694" time="0"/>
  <testcase classname="RegressionTest5" name="test2695" time="0.001"/>
  <testcase classname="RegressionTest5" name="test2696" time="0"/>
  <testcase classname="RegressionTest5" name="test2697" time="0"/>
  <testcase classname="RegressionTest5" name="test2698" time="0"/>
  <testcase classname="RegressionTest5" name="test2699" time="0"/>
  <testcase classname="RegressionTest5" name="test2700" time="0"/>
  <testcase classname="RegressionTest5" name="test2701" time="0"/>
  <testcase classname="RegressionTest5" name="test2702" time="0"/>
  <testcase classname="RegressionTest5" name="test2703" time="0"/>
  <testcase classname="RegressionTest5" name="test2704" time="0"/>
  <testcase classname="RegressionTest5" name="test2705" time="0"/>
  <testcase classname="RegressionTest5" name="test2706" time="0"/>
  <testcase classname="RegressionTest5" name="test2707" time="0.001"/>
  <testcase classname="RegressionTest5" name="test2708" time="0"/>
  <testcase classname="RegressionTest5" name="test2709" time="0"/>
  <testcase classname="RegressionTest5" name="test2710" time="0"/>
  <testcase classname="RegressionTest5" name="test2711" time="0"/>
  <testcase classname="RegressionTest5" name="test2712" time="0"/>
  <testcase classname="RegressionTest5" name="test2713" time="0"/>
  <testcase classname="RegressionTest5" name="test2714" time="0"/>
  <testcase classname="RegressionTest5" name="test2715" time="0"/>
  <testcase classname="RegressionTest5" name="test2716" time="0"/>
  <testcase classname="RegressionTest5" name="test2717" time="0"/>
  <testcase classname="RegressionTest5" name="test2718" time="0"/>
  <testcase classname="RegressionTest5" name="test2719" time="0.001"/>
  <testcase classname="RegressionTest5" name="test2720" time="0"/>
  <testcase classname="RegressionTest5" name="test2721" time="0"/>
  <testcase classname="RegressionTest5" name="test2722" time="0"/>
  <testcase classname="RegressionTest5" name="test2723" time="0"/>
  <testcase classname="RegressionTest5" name="test2724" time="0"/>
  <testcase classname="RegressionTest5" name="test2725" time="0"/>
  <testcase classname="RegressionTest5" name="test2726" time="0"/>
  <testcase classname="RegressionTest5" name="test2727" time="0"/>
  <testcase classname="RegressionTest5" name="test2728" time="0"/>
  <testcase classname="RegressionTest5" name="test2729" time="0"/>
  <testcase classname="RegressionTest5" name="test2730" time="0.001"/>
  <testcase classname="RegressionTest5" name="test2731" time="0"/>
  <testcase classname="RegressionTest5" name="test2732" time="0"/>
  <testcase classname="RegressionTest5" name="test2733" time="0"/>
  <testcase classname="RegressionTest5" name="test2734" time="0"/>
  <testcase classname="RegressionTest5" name="test2735" time="0"/>
  <testcase classname="RegressionTest5" name="test2736" time="0"/>
  <testcase classname="RegressionTest5" name="test2737" time="0"/>
  <testcase classname="RegressionTest5" name="test2738" time="0"/>
  <testcase classname="RegressionTest5" name="test2739" time="0.001"/>
  <testcase classname="RegressionTest5" name="test2740" time="0"/>
  <testcase classname="RegressionTest5" name="test2741" time="0"/>
  <testcase classname="RegressionTest5" name="test2742" time="0"/>
  <testcase classname="RegressionTest5" name="test2743" time="0"/>
  <testcase classname="RegressionTest5" name="test2744" time="0"/>
  <testcase classname="RegressionTest5" name="test2745" time="0"/>
  <testcase classname="RegressionTest5" name="test2746" time="0"/>
  <testcase classname="RegressionTest5" name="test2747" time="0"/>
  <testcase classname="RegressionTest5" name="test2748" time="0"/>
  <testcase classname="RegressionTest5" name="test2749" time="0.001"/>
  <testcase classname="RegressionTest5" name="test2750" time="0"/>
  <testcase classname="RegressionTest5" name="test2751" time="0"/>
  <testcase classname="RegressionTest5" name="test2752" time="0"/>
  <testcase classname="RegressionTest5" name="test2753" time="0"/>
  <testcase classname="RegressionTest5" name="test2754" time="0"/>
  <testcase classname="RegressionTest5" name="test2755" time="0"/>
  <testcase classname="RegressionTest5" name="test2756" time="0"/>
  <testcase classname="RegressionTest5" name="test2757" time="0"/>
  <testcase classname="RegressionTest5" name="test2758" time="0.001"/>
  <testcase classname="RegressionTest5" name="test2759" time="0"/>
  <testcase classname="RegressionTest5" name="test2760" time="0"/>
  <testcase classname="RegressionTest5" name="test2761" time="0"/>
  <testcase classname="RegressionTest5" name="test2762" time="0"/>
  <testcase classname="RegressionTest5" name="test2763" time="0"/>
  <testcase classname="RegressionTest5" name="test2764" time="0"/>
  <testcase classname="RegressionTest5" name="test2765" time="0"/>
  <testcase classname="RegressionTest5" name="test2766" time="0"/>
  <testcase classname="RegressionTest5" name="test2767" time="0"/>
  <testcase classname="RegressionTest5" name="test2768" time="0"/>
  <testcase classname="RegressionTest5" name="test2769" time="0"/>
  <testcase classname="RegressionTest5" name="test2770" time="0"/>
  <testcase classname="RegressionTest5" name="test2771" time="0"/>
  <testcase classname="RegressionTest5" name="test2772" time="0"/>
  <testcase classname="RegressionTest5" name="test2773" time="0"/>
  <testcase classname="RegressionTest5" name="test2774" time="0"/>
  <testcase classname="RegressionTest5" name="test2775" time="0"/>
  <testcase classname="RegressionTest5" name="test2776" time="0"/>
  <testcase classname="RegressionTest5" name="test2777" time="0"/>
  <testcase classname="RegressionTest5" name="test2778" time="0"/>
  <testcase classname="RegressionTest5" name="test2779" time="0"/>
  <testcase classname="RegressionTest5" name="test2780" time="0"/>
  <testcase classname="RegressionTest5" name="test2781" time="0"/>
  <testcase classname="RegressionTest5" name="test2782" time="0"/>
  <testcase classname="RegressionTest5" name="test2783" time="0"/>
  <testcase classname="RegressionTest5" name="test2784" time="0"/>
  <testcase classname="RegressionTest5" name="test2785" time="0"/>
  <testcase classname="RegressionTest5" name="test2786" time="0"/>
  <testcase classname="RegressionTest5" name="test2787" time="0"/>
  <testcase classname="RegressionTest5" name="test2788" time="0"/>
  <testcase classname="RegressionTest5" name="test2789" time="0"/>
  <testcase classname="RegressionTest5" name="test2790" time="0"/>
  <testcase classname="RegressionTest5" name="test2791" time="0"/>
  <testcase classname="RegressionTest5" name="test2792" time="0"/>
  <testcase classname="RegressionTest5" name="test2793" time="0"/>
  <testcase classname="RegressionTest5" name="test2794" time="0"/>
  <testcase classname="RegressionTest5" name="test2795" time="0"/>
  <testcase classname="RegressionTest5" name="test2796" time="0"/>
  <testcase classname="RegressionTest5" name="test2797" time="0"/>
  <testcase classname="RegressionTest5" name="test2798" time="0"/>
  <testcase classname="RegressionTest5" name="test2799" time="0"/>
  <testcase classname="RegressionTest5" name="test2800" time="0"/>
  <testcase classname="RegressionTest5" name="test2801" time="0"/>
  <testcase classname="RegressionTest5" name="test2802" time="0"/>
  <testcase classname="RegressionTest5" name="test2803" time="0"/>
  <testcase classname="RegressionTest5" name="test2804" time="0"/>
  <testcase classname="RegressionTest5" name="test2805" time="0"/>
  <testcase classname="RegressionTest5" name="test2806" time="0"/>
  <testcase classname="RegressionTest5" name="test2807" time="0"/>
  <testcase classname="RegressionTest5" name="test2808" time="0"/>
  <testcase classname="RegressionTest5" name="test2809" time="0.001"/>
  <testcase classname="RegressionTest5" name="test2810" time="0"/>
  <testcase classname="RegressionTest5" name="test2811" time="0"/>
  <testcase classname="RegressionTest5" name="test2812" time="0"/>
  <testcase classname="RegressionTest5" name="test2813" time="0"/>
  <testcase classname="RegressionTest5" name="test2814" time="0"/>
  <testcase classname="RegressionTest5" name="test2815" time="0"/>
  <testcase classname="RegressionTest5" name="test2816" time="0"/>
  <testcase classname="RegressionTest5" name="test2817" time="0"/>
  <testcase classname="RegressionTest5" name="test2818" time="0.001"/>
  <testcase classname="RegressionTest5" name="test2819" time="0"/>
  <testcase classname="RegressionTest5" name="test2820" time="0"/>
  <testcase classname="RegressionTest5" name="test2821" time="0"/>
  <testcase classname="RegressionTest5" name="test2822" time="0"/>
  <testcase classname="RegressionTest5" name="test2823" time="0"/>
  <testcase classname="RegressionTest5" name="test2824" time="0"/>
  <testcase classname="RegressionTest5" name="test2825" time="0"/>
  <testcase classname="RegressionTest5" name="test2826" time="0"/>
  <testcase classname="RegressionTest5" name="test2827" time="0"/>
  <testcase classname="RegressionTest5" name="test2828" time="0.001"/>
  <testcase classname="RegressionTest5" name="test2829" time="0"/>
  <testcase classname="RegressionTest5" name="test2830" time="0"/>
  <testcase classname="RegressionTest5" name="test2831" time="0"/>
  <testcase classname="RegressionTest5" name="test2832" time="0"/>
  <testcase classname="RegressionTest5" name="test2833" time="0"/>
  <testcase classname="RegressionTest5" name="test2834" time="0"/>
  <testcase classname="RegressionTest5" name="test2835" time="0.001"/>
  <testcase classname="RegressionTest5" name="test2836" time="0"/>
  <testcase classname="RegressionTest5" name="test2837" time="0.001"/>
  <testcase classname="RegressionTest5" name="test2838" time="0.004"/>
  <testcase classname="RegressionTest5" name="test2839" time="0"/>
  <testcase classname="RegressionTest5" name="test2840" time="0.001"/>
  <testcase classname="RegressionTest5" name="test2841" time="0"/>
  <testcase classname="RegressionTest5" name="test2842" time="0"/>
  <testcase classname="RegressionTest5" name="test2843" time="0"/>
  <testcase classname="RegressionTest5" name="test2844" time="0"/>
  <testcase classname="RegressionTest5" name="test2845" time="0"/>
  <testcase classname="RegressionTest5" name="test2846" time="0"/>
  <testcase classname="RegressionTest5" name="test2847" time="0"/>
  <testcase classname="RegressionTest5" name="test2848" time="0"/>
  <testcase classname="RegressionTest5" name="test2849" time="0"/>
  <testcase classname="RegressionTest5" name="test2850" time="0"/>
  <testcase classname="RegressionTest5" name="test2851" time="0.002"/>
  <testcase classname="RegressionTest5" name="test2852" time="0"/>
  <testcase classname="RegressionTest5" name="test2853" time="0"/>
  <testcase classname="RegressionTest5" name="test2854" time="0"/>
  <testcase classname="RegressionTest5" name="test2855" time="0"/>
  <testcase classname="RegressionTest5" name="test2856" time="0"/>
  <testcase classname="RegressionTest5" name="test2857" time="0"/>
  <testcase classname="RegressionTest5" name="test2858" time="0"/>
  <testcase classname="RegressionTest5" name="test2859" time="0"/>
  <testcase classname="RegressionTest5" name="test2860" time="0"/>
  <testcase classname="RegressionTest5" name="test2861" time="0.002"/>
  <testcase classname="RegressionTest5" name="test2862" time="0"/>
  <testcase classname="RegressionTest5" name="test2863" time="0"/>
  <testcase classname="RegressionTest5" name="test2864" time="0"/>
  <testcase classname="RegressionTest5" name="test2865" time="0"/>
  <testcase classname="RegressionTest5" name="test2866" time="0"/>
  <testcase classname="RegressionTest5" name="test2867" time="0"/>
  <testcase classname="RegressionTest5" name="test2868" time="0"/>
  <testcase classname="RegressionTest5" name="test2869" time="0"/>
  <testcase classname="RegressionTest5" name="test2870" time="0"/>
  <testcase classname="RegressionTest5" name="test2871" time="0"/>
  <testcase classname="RegressionTest5" name="test2872" time="0"/>
  <testcase classname="RegressionTest5" name="test2873" time="0"/>
  <testcase classname="RegressionTest5" name="test2874" time="0"/>
  <testcase classname="RegressionTest5" name="test2875" time="0"/>
  <testcase classname="RegressionTest5" name="test2876" time="0"/>
  <testcase classname="RegressionTest5" name="test2877" time="0"/>
  <testcase classname="RegressionTest5" name="test2878" time="0"/>
  <testcase classname="RegressionTest5" name="test2879" time="0"/>
  <testcase classname="RegressionTest5" name="test2880" time="0"/>
  <testcase classname="RegressionTest5" name="test2881" time="0"/>
  <testcase classname="RegressionTest5" name="test2882" time="0"/>
  <testcase classname="RegressionTest5" name="test2883" time="0"/>
  <testcase classname="RegressionTest5" name="test2884" time="0"/>
  <testcase classname="RegressionTest5" name="test2885" time="0"/>
  <testcase classname="RegressionTest5" name="test2886" time="0"/>
  <testcase classname="RegressionTest5" name="test2887" time="0"/>
  <testcase classname="RegressionTest5" name="test2888" time="0"/>
  <testcase classname="RegressionTest5" name="test2889" time="0"/>
  <testcase classname="RegressionTest5" name="test2890" time="0"/>
  <testcase classname="RegressionTest5" name="test2891" time="0"/>
  <testcase classname="RegressionTest5" name="test2892" time="0"/>
  <testcase classname="RegressionTest5" name="test2893" time="0"/>
  <testcase classname="RegressionTest5" name="test2894" time="0"/>
  <testcase classname="RegressionTest5" name="test2895" time="0"/>
  <testcase classname="RegressionTest5" name="test2896" time="0"/>
  <testcase classname="RegressionTest5" name="test2897" time="0"/>
  <testcase classname="RegressionTest5" name="test2898" time="0"/>
  <testcase classname="RegressionTest5" name="test2899" time="0"/>
  <testcase classname="RegressionTest5" name="test2900" time="0"/>
  <testcase classname="RegressionTest5" name="test2901" time="0"/>
  <testcase classname="RegressionTest5" name="test2902" time="0.002"/>
  <testcase classname="RegressionTest5" name="test2903" time="0"/>
  <testcase classname="RegressionTest5" name="test2904" time="0"/>
  <testcase classname="RegressionTest5" name="test2905" time="0"/>
  <testcase classname="RegressionTest5" name="test2906" time="0"/>
  <testcase classname="RegressionTest5" name="test2907" time="0"/>
  <testcase classname="RegressionTest5" name="test2908" time="0"/>
  <testcase classname="RegressionTest5" name="test2909" time="0"/>
  <testcase classname="RegressionTest5" name="test2910" time="0"/>
  <testcase classname="RegressionTest5" name="test2911" time="0"/>
  <testcase classname="RegressionTest5" name="test2912" time="0"/>
  <testcase classname="RegressionTest5" name="test2913" time="0"/>
  <testcase classname="RegressionTest5" name="test2914" time="0"/>
  <testcase classname="RegressionTest5" name="test2915" time="0"/>
  <testcase classname="RegressionTest5" name="test2916" time="0"/>
  <testcase classname="RegressionTest5" name="test2917" time="0"/>
  <testcase classname="RegressionTest5" name="test2918" time="0"/>
  <testcase classname="RegressionTest5" name="test2919" time="0"/>
  <testcase classname="RegressionTest5" name="test2920" time="0"/>
  <testcase classname="RegressionTest5" name="test2921" time="0"/>
  <testcase classname="RegressionTest5" name="test2922" time="0"/>
  <testcase classname="RegressionTest5" name="test2923" time="0"/>
  <testcase classname="RegressionTest5" name="test2924" time="0"/>
  <testcase classname="RegressionTest5" name="test2925" time="0"/>
  <testcase classname="RegressionTest5" name="test2926" time="0"/>
  <testcase classname="RegressionTest5" name="test2927" time="0.001"/>
  <testcase classname="RegressionTest5" name="test2928" time="0"/>
  <testcase classname="RegressionTest5" name="test2929" time="0"/>
  <testcase classname="RegressionTest5" name="test2930" time="0"/>
  <testcase classname="RegressionTest5" name="test2931" time="0"/>
  <testcase classname="RegressionTest5" name="test2932" time="0"/>
  <testcase classname="RegressionTest5" name="test2933" time="0.005"/>
  <testcase classname="RegressionTest5" name="test2934" time="0.014"/>
  <testcase classname="RegressionTest5" name="test2935" time="0"/>
  <testcase classname="RegressionTest5" name="test2936" time="0"/>
  <testcase classname="RegressionTest5" name="test2937" time="0"/>
  <testcase classname="RegressionTest5" name="test2938" time="0"/>
  <testcase classname="RegressionTest5" name="test2939" time="0"/>
  <testcase classname="RegressionTest5" name="test2940" time="0"/>
  <testcase classname="RegressionTest5" name="test2941" time="0"/>
  <testcase classname="RegressionTest5" name="test2942" time="0"/>
  <testcase classname="RegressionTest5" name="test2943" time="0"/>
  <testcase classname="RegressionTest5" name="test2944" time="0"/>
  <testcase classname="RegressionTest5" name="test2945" time="0"/>
  <testcase classname="RegressionTest5" name="test2946" time="0"/>
  <testcase classname="RegressionTest5" name="test2947" time="0"/>
  <testcase classname="RegressionTest5" name="test2948" time="0"/>
  <testcase classname="RegressionTest5" name="test2949" time="0"/>
  <testcase classname="RegressionTest5" name="test2950" time="0"/>
  <testcase classname="RegressionTest5" name="test2951" time="0"/>
  <testcase classname="RegressionTest5" name="test2952" time="0"/>
  <testcase classname="RegressionTest5" name="test2953" time="0"/>
  <testcase classname="RegressionTest5" name="test2954" time="0"/>
  <testcase classname="RegressionTest5" name="test2955" time="0"/>
  <testcase classname="RegressionTest5" name="test2956" time="0"/>
  <testcase classname="RegressionTest5" name="test2957" time="0"/>
  <testcase classname="RegressionTest5" name="test2958" time="0"/>
  <testcase classname="RegressionTest5" name="test2959" time="0"/>
  <testcase classname="RegressionTest5" name="test2960" time="0"/>
  <testcase classname="RegressionTest5" name="test2961" time="0"/>
  <testcase classname="RegressionTest5" name="test2962" time="0"/>
  <testcase classname="RegressionTest5" name="test2963" time="0"/>
  <testcase classname="RegressionTest5" name="test2964" time="0"/>
  <testcase classname="RegressionTest5" name="test2965" time="0"/>
  <testcase classname="RegressionTest5" name="test2966" time="0"/>
  <testcase classname="RegressionTest5" name="test2967" time="0"/>
  <testcase classname="RegressionTest5" name="test2968" time="0.001"/>
  <testcase classname="RegressionTest5" name="test2969" time="0"/>
  <testcase classname="RegressionTest5" name="test2970" time="0"/>
  <testcase classname="RegressionTest5" name="test2971" time="0"/>
  <testcase classname="RegressionTest5" name="test2972" time="0"/>
  <testcase classname="RegressionTest5" name="test2973" time="0"/>
  <testcase classname="RegressionTest5" name="test2974" time="0"/>
  <testcase classname="RegressionTest5" name="test2975" time="0"/>
  <testcase classname="RegressionTest5" name="test2976" time="0"/>
  <testcase classname="RegressionTest5" name="test2977" time="0"/>
  <testcase classname="RegressionTest5" name="test2978" time="0"/>
  <testcase classname="RegressionTest5" name="test2979" time="0"/>
  <testcase classname="RegressionTest5" name="test2980" time="0"/>
  <testcase classname="RegressionTest5" name="test2981" time="0"/>
  <testcase classname="RegressionTest5" name="test2982" time="0"/>
  <testcase classname="RegressionTest5" name="test2983" time="0"/>
  <testcase classname="RegressionTest5" name="test2984" time="0"/>
  <testcase classname="RegressionTest5" name="test2985" time="0"/>
  <testcase classname="RegressionTest5" name="test2986" time="0"/>
  <testcase classname="RegressionTest5" name="test2987" time="0"/>
  <testcase classname="RegressionTest5" name="test2988" time="0"/>
  <testcase classname="RegressionTest5" name="test2989" time="0"/>
  <testcase classname="RegressionTest5" name="test2990" time="0"/>
  <testcase classname="RegressionTest5" name="test2991" time="0"/>
  <testcase classname="RegressionTest5" name="test2992" time="0"/>
  <testcase classname="RegressionTest5" name="test2993" time="0"/>
  <testcase classname="RegressionTest5" name="test2994" time="0"/>
  <testcase classname="RegressionTest5" name="test2995" time="0"/>
  <testcase classname="RegressionTest5" name="test2996" time="0"/>
  <testcase classname="RegressionTest5" name="test2997" time="0"/>
  <testcase classname="RegressionTest5" name="test2998" time="0"/>
  <testcase classname="RegressionTest5" name="test2999" time="0"/>
  <testcase classname="RegressionTest5" name="test3000" time="0"/>
  <testcase classname="RegressionTest6" name="test3001" time="0"/>
  <testcase classname="RegressionTest6" name="test3002" time="0"/>
  <testcase classname="RegressionTest6" name="test3003" time="0"/>
  <testcase classname="RegressionTest6" name="test3004" time="0"/>
  <testcase classname="RegressionTest6" name="test3005" time="0"/>
  <testcase classname="RegressionTest6" name="test3006" time="0"/>
  <testcase classname="RegressionTest6" name="test3007" time="0"/>
  <testcase classname="RegressionTest6" name="test3008" time="0"/>
  <testcase classname="RegressionTest6" name="test3009" time="0"/>
  <testcase classname="RegressionTest6" name="test3010" time="0"/>
  <testcase classname="RegressionTest6" name="test3011" time="0"/>
  <testcase classname="RegressionTest6" name="test3012" time="0"/>
  <testcase classname="RegressionTest6" name="test3013" time="0"/>
  <testcase classname="RegressionTest6" name="test3014" time="0"/>
  <testcase classname="RegressionTest6" name="test3015" time="0"/>
  <testcase classname="RegressionTest6" name="test3016" time="0"/>
  <testcase classname="RegressionTest6" name="test3017" time="0"/>
  <testcase classname="RegressionTest6" name="test3018" time="0"/>
  <testcase classname="RegressionTest6" name="test3019" time="0"/>
  <testcase classname="RegressionTest6" name="test3020" time="0"/>
  <testcase classname="RegressionTest6" name="test3021" time="0"/>
  <testcase classname="RegressionTest6" name="test3022" time="0"/>
  <testcase classname="RegressionTest6" name="test3023" time="0"/>
  <testcase classname="RegressionTest6" name="test3024" time="0"/>
  <testcase classname="RegressionTest6" name="test3025" time="0"/>
  <testcase classname="RegressionTest6" name="test3026" time="0"/>
  <testcase classname="RegressionTest6" name="test3027" time="0"/>
  <testcase classname="RegressionTest6" name="test3028" time="0"/>
  <testcase classname="RegressionTest6" name="test3029" time="0"/>
  <testcase classname="RegressionTest6" name="test3030" time="0"/>
  <testcase classname="RegressionTest6" name="test3031" time="0"/>
  <testcase classname="RegressionTest6" name="test3032" time="0"/>
  <testcase classname="RegressionTest6" name="test3033" time="0"/>
  <testcase classname="RegressionTest6" name="test3034" time="0"/>
  <testcase classname="RegressionTest6" name="test3035" time="0"/>
  <testcase classname="RegressionTest6" name="test3036" time="0"/>
  <testcase classname="RegressionTest6" name="test3037" time="0"/>
  <testcase classname="RegressionTest6" name="test3038" time="0"/>
  <testcase classname="RegressionTest6" name="test3039" time="0"/>
  <testcase classname="RegressionTest6" name="test3040" time="0"/>
  <testcase classname="RegressionTest6" name="test3041" time="0"/>
  <testcase classname="RegressionTest6" name="test3042" time="0"/>
  <testcase classname="RegressionTest6" name="test3043" time="0"/>
  <testcase classname="RegressionTest6" name="test3044" time="0"/>
  <testcase classname="RegressionTest6" name="test3045" time="0"/>
  <testcase classname="RegressionTest6" name="test3046" time="0"/>
  <testcase classname="RegressionTest6" name="test3047" time="0"/>
  <testcase classname="RegressionTest6" name="test3048" time="0"/>
  <testcase classname="RegressionTest6" name="test3049" time="0"/>
  <testcase classname="RegressionTest6" name="test3050" time="0"/>
  <testcase classname="RegressionTest6" name="test3051" time="0"/>
  <testcase classname="RegressionTest6" name="test3052" time="0"/>
  <testcase classname="RegressionTest6" name="test3053" time="0"/>
  <testcase classname="RegressionTest6" name="test3054" time="0"/>
  <testcase classname="RegressionTest6" name="test3055" time="0"/>
  <testcase classname="RegressionTest6" name="test3056" time="0"/>
  <testcase classname="RegressionTest6" name="test3057" time="0"/>
  <testcase classname="RegressionTest6" name="test3058" time="0"/>
  <testcase classname="RegressionTest6" name="test3059" time="0"/>
  <testcase classname="RegressionTest6" name="test3060" time="0"/>
  <testcase classname="RegressionTest6" name="test3061" time="0"/>
  <testcase classname="RegressionTest6" name="test3062" time="0"/>
  <testcase classname="RegressionTest6" name="test3063" time="0"/>
  <testcase classname="RegressionTest6" name="test3064" time="0"/>
  <testcase classname="RegressionTest6" name="test3065" time="0"/>
  <testcase classname="RegressionTest6" name="test3066" time="0"/>
  <testcase classname="RegressionTest6" name="test3067" time="0"/>
  <testcase classname="RegressionTest6" name="test3068" time="0"/>
  <testcase classname="RegressionTest6" name="test3069" time="0"/>
  <testcase classname="RegressionTest6" name="test3070" time="0"/>
  <testcase classname="RegressionTest6" name="test3071" time="0"/>
  <testcase classname="RegressionTest6" name="test3072" time="0"/>
  <testcase classname="RegressionTest6" name="test3073" time="0"/>
  <testcase classname="RegressionTest6" name="test3074" time="0"/>
  <testcase classname="RegressionTest6" name="test3075" time="0"/>
  <testcase classname="RegressionTest6" name="test3076" time="0"/>
  <testcase classname="RegressionTest6" name="test3077" time="0"/>
  <testcase classname="RegressionTest6" name="test3078" time="0"/>
  <testcase classname="RegressionTest6" name="test3079" time="0"/>
  <testcase classname="RegressionTest6" name="test3080" time="0"/>
  <testcase classname="RegressionTest6" name="test3081" time="0"/>
  <testcase classname="RegressionTest6" name="test3082" time="0"/>
  <testcase classname="RegressionTest6" name="test3083" time="0"/>
  <testcase classname="RegressionTest6" name="test3084" time="0"/>
  <testcase classname="RegressionTest6" name="test3085" time="0"/>
  <testcase classname="RegressionTest6" name="test3086" time="0"/>
  <testcase classname="RegressionTest6" name="test3087" time="0"/>
  <testcase classname="RegressionTest6" name="test3088" time="0"/>
  <testcase classname="RegressionTest6" name="test3089" time="0"/>
  <testcase classname="RegressionTest6" name="test3090" time="0"/>
  <testcase classname="RegressionTest6" name="test3091" time="0"/>
  <testcase classname="RegressionTest6" name="test3092" time="0"/>
  <testcase classname="RegressionTest6" name="test3093" time="0"/>
  <testcase classname="RegressionTest6" name="test3094" time="0"/>
  <testcase classname="RegressionTest6" name="test3095" time="0"/>
  <testcase classname="RegressionTest6" name="test3096" time="0"/>
  <testcase classname="RegressionTest6" name="test3097" time="0"/>
  <testcase classname="RegressionTest6" name="test3098" time="0"/>
  <testcase classname="RegressionTest6" name="test3099" time="0"/>
  <testcase classname="RegressionTest6" name="test3100" time="0"/>
  <testcase classname="RegressionTest6" name="test3101" time="0"/>
  <testcase classname="RegressionTest6" name="test3102" time="0"/>
  <testcase classname="RegressionTest6" name="test3103" time="0"/>
  <testcase classname="RegressionTest6" name="test3104" time="0"/>
  <testcase classname="RegressionTest6" name="test3105" time="0"/>
  <testcase classname="RegressionTest6" name="test3106" time="0"/>
  <testcase classname="RegressionTest6" name="test3107" time="0"/>
  <testcase classname="RegressionTest6" name="test3108" time="0"/>
  <testcase classname="RegressionTest6" name="test3109" time="0"/>
  <testcase classname="RegressionTest6" name="test3110" time="0"/>
  <testcase classname="RegressionTest6" name="test3111" time="0"/>
  <testcase classname="RegressionTest6" name="test3112" time="0"/>
  <testcase classname="RegressionTest6" name="test3113" time="0"/>
  <testcase classname="RegressionTest6" name="test3114" time="0"/>
  <testcase classname="RegressionTest6" name="test3115" time="0"/>
  <testcase classname="RegressionTest6" name="test3116" time="0"/>
  <testcase classname="RegressionTest6" name="test3117" time="0"/>
  <testcase classname="RegressionTest6" name="test3118" time="0"/>
  <testcase classname="RegressionTest6" name="test3119" time="0"/>
  <testcase classname="RegressionTest6" name="test3120" time="0"/>
  <testcase classname="RegressionTest6" name="test3121" time="0"/>
  <testcase classname="RegressionTest6" name="test3122" time="0"/>
  <testcase classname="RegressionTest6" name="test3123" time="0"/>
  <testcase classname="RegressionTest6" name="test3124" time="0"/>
  <testcase classname="RegressionTest6" name="test3125" time="0"/>
  <testcase classname="RegressionTest6" name="test3126" time="0"/>
  <testcase classname="RegressionTest6" name="test3127" time="0"/>
  <testcase classname="RegressionTest6" name="test3128" time="0"/>
  <testcase classname="RegressionTest6" name="test3129" time="0"/>
  <testcase classname="RegressionTest6" name="test3130" time="0"/>
  <testcase classname="RegressionTest6" name="test3131" time="0"/>
  <testcase classname="RegressionTest6" name="test3132" time="0"/>
  <testcase classname="RegressionTest6" name="test3133" time="0"/>
  <testcase classname="RegressionTest6" name="test3134" time="0"/>
  <testcase classname="RegressionTest6" name="test3135" time="0"/>
  <testcase classname="RegressionTest6" name="test3136" time="0"/>
  <testcase classname="RegressionTest6" name="test3137" time="0"/>
  <testcase classname="RegressionTest6" name="test3138" time="0"/>
  <testcase classname="RegressionTest6" name="test3139" time="0"/>
  <testcase classname="RegressionTest6" name="test3140" time="0"/>
  <testcase classname="RegressionTest6" name="test3141" time="0"/>
  <testcase classname="RegressionTest6" name="test3142" time="0"/>
  <testcase classname="RegressionTest6" name="test3143" time="0"/>
  <testcase classname="RegressionTest6" name="test3144" time="0"/>
  <testcase classname="RegressionTest6" name="test3145" time="0"/>
  <testcase classname="RegressionTest6" name="test3146" time="0"/>
  <testcase classname="RegressionTest6" name="test3147" time="0"/>
  <testcase classname="RegressionTest6" name="test3148" time="0"/>
  <testcase classname="RegressionTest6" name="test3149" time="0"/>
  <testcase classname="RegressionTest6" name="test3150" time="0"/>
  <testcase classname="RegressionTest6" name="test3151" time="0"/>
  <testcase classname="RegressionTest6" name="test3152" time="0"/>
  <testcase classname="RegressionTest6" name="test3153" time="0"/>
  <testcase classname="RegressionTest6" name="test3154" time="0"/>
  <testcase classname="RegressionTest6" name="test3155" time="0"/>
  <testcase classname="RegressionTest6" name="test3156" time="0"/>
  <testcase classname="RegressionTest6" name="test3157" time="0"/>
  <testcase classname="RegressionTest6" name="test3158" time="0"/>
  <testcase classname="RegressionTest6" name="test3159" time="0"/>
  <testcase classname="RegressionTest6" name="test3160" time="0"/>
  <testcase classname="RegressionTest6" name="test3161" time="0"/>
  <testcase classname="RegressionTest6" name="test3162" time="0"/>
  <testcase classname="RegressionTest6" name="test3163" time="0"/>
  <testcase classname="RegressionTest6" name="test3164" time="0"/>
  <testcase classname="RegressionTest6" name="test3165" time="0"/>
  <testcase classname="RegressionTest6" name="test3166" time="0"/>
  <testcase classname="RegressionTest6" name="test3167" time="0"/>
  <testcase classname="RegressionTest6" name="test3168" time="0"/>
  <testcase classname="RegressionTest6" name="test3169" time="0"/>
  <testcase classname="RegressionTest6" name="test3170" time="0"/>
  <testcase classname="RegressionTest6" name="test3171" time="0"/>
  <testcase classname="RegressionTest6" name="test3172" time="0"/>
  <testcase classname="RegressionTest6" name="test3173" time="0"/>
  <testcase classname="RegressionTest6" name="test3174" time="0"/>
  <testcase classname="RegressionTest6" name="test3175" time="0"/>
  <testcase classname="RegressionTest6" name="test3176" time="0"/>
  <testcase classname="RegressionTest6" name="test3177" time="0"/>
  <testcase classname="RegressionTest6" name="test3178" time="0"/>
  <testcase classname="RegressionTest6" name="test3179" time="0"/>
  <testcase classname="RegressionTest6" name="test3180" time="0"/>
  <testcase classname="RegressionTest6" name="test3181" time="0"/>
  <testcase classname="RegressionTest6" name="test3182" time="0"/>
  <testcase classname="RegressionTest6" name="test3183" time="0"/>
  <testcase classname="RegressionTest6" name="test3184" time="0"/>
  <testcase classname="RegressionTest6" name="test3185" time="0"/>
  <testcase classname="RegressionTest6" name="test3186" time="0"/>
  <testcase classname="RegressionTest6" name="test3187" time="0"/>
  <testcase classname="RegressionTest6" name="test3188" time="0"/>
  <testcase classname="RegressionTest6" name="test3189" time="0"/>
  <testcase classname="RegressionTest6" name="test3190" time="0"/>
  <testcase classname="RegressionTest6" name="test3191" time="0"/>
  <testcase classname="RegressionTest6" name="test3192" time="0"/>
  <testcase classname="RegressionTest6" name="test3193" time="0"/>
  <testcase classname="RegressionTest6" name="test3194" time="0"/>
  <testcase classname="RegressionTest6" name="test3195" time="0"/>
  <testcase classname="RegressionTest6" name="test3196" time="0"/>
  <testcase classname="RegressionTest6" name="test3197" time="0"/>
  <testcase classname="RegressionTest6" name="test3198" time="0"/>
  <testcase classname="RegressionTest6" name="test3199" time="0"/>
  <testcase classname="RegressionTest6" name="test3200" time="0"/>
  <testcase classname="RegressionTest6" name="test3201" time="0"/>
  <testcase classname="RegressionTest6" name="test3202" time="0"/>
  <testcase classname="RegressionTest6" name="test3203" time="0"/>
  <testcase classname="RegressionTest6" name="test3204" time="0"/>
  <testcase classname="RegressionTest6" name="test3205" time="0"/>
  <testcase classname="RegressionTest6" name="test3206" time="0"/>
  <testcase classname="RegressionTest6" name="test3207" time="0"/>
  <testcase classname="RegressionTest6" name="test3208" time="0"/>
  <testcase classname="RegressionTest6" name="test3209" time="0"/>
  <testcase classname="RegressionTest6" name="test3210" time="0"/>
  <testcase classname="RegressionTest6" name="test3211" time="0"/>
  <testcase classname="RegressionTest6" name="test3212" time="0"/>
  <testcase classname="RegressionTest6" name="test3213" time="0"/>
  <testcase classname="RegressionTest6" name="test3214" time="0"/>
  <testcase classname="RegressionTest6" name="test3215" time="0"/>
  <testcase classname="RegressionTest6" name="test3216" time="0"/>
  <testcase classname="RegressionTest6" name="test3217" time="0"/>
  <testcase classname="RegressionTest6" name="test3218" time="0"/>
  <testcase classname="RegressionTest6" name="test3219" time="0"/>
  <testcase classname="RegressionTest6" name="test3220" time="0"/>
  <testcase classname="RegressionTest6" name="test3221" time="0"/>
  <testcase classname="RegressionTest6" name="test3222" time="0"/>
  <testcase classname="RegressionTest6" name="test3223" time="0"/>
  <testcase classname="RegressionTest6" name="test3224" time="0"/>
  <testcase classname="RegressionTest6" name="test3225" time="0"/>
  <testcase classname="RegressionTest6" name="test3226" time="0"/>
  <testcase classname="RegressionTest6" name="test3227" time="0"/>
  <testcase classname="RegressionTest6" name="test3228" time="0"/>
  <testcase classname="RegressionTest6" name="test3229" time="0"/>
  <testcase classname="RegressionTest6" name="test3230" time="0"/>
  <testcase classname="RegressionTest6" name="test3231" time="0"/>
  <testcase classname="RegressionTest6" name="test3232" time="0"/>
  <testcase classname="RegressionTest6" name="test3233" time="0"/>
  <testcase classname="RegressionTest6" name="test3234" time="0"/>
  <testcase classname="RegressionTest6" name="test3235" time="0"/>
  <testcase classname="RegressionTest6" name="test3236" time="0"/>
  <testcase classname="RegressionTest6" name="test3237" time="0"/>
  <testcase classname="RegressionTest6" name="test3238" time="0"/>
  <testcase classname="RegressionTest6" name="test3239" time="0"/>
  <testcase classname="RegressionTest6" name="test3240" time="0"/>
  <testcase classname="RegressionTest6" name="test3241" time="0"/>
  <testcase classname="RegressionTest6" name="test3242" time="0"/>
  <testcase classname="RegressionTest6" name="test3243" time="0"/>
  <testcase classname="RegressionTest6" name="test3244" time="0"/>
  <testcase classname="RegressionTest6" name="test3245" time="0"/>
  <testcase classname="RegressionTest6" name="test3246" time="0"/>
  <testcase classname="RegressionTest6" name="test3247" time="0"/>
  <testcase classname="RegressionTest6" name="test3248" time="0"/>
  <testcase classname="RegressionTest6" name="test3249" time="0"/>
  <testcase classname="RegressionTest6" name="test3250" time="0"/>
  <testcase classname="RegressionTest6" name="test3251" time="0"/>
  <testcase classname="RegressionTest6" name="test3252" time="0"/>
  <testcase classname="RegressionTest6" name="test3253" time="0"/>
  <testcase classname="RegressionTest6" name="test3254" time="0"/>
  <testcase classname="RegressionTest6" name="test3255" time="0"/>
  <testcase classname="RegressionTest6" name="test3256" time="0"/>
  <testcase classname="RegressionTest6" name="test3257" time="0"/>
  <testcase classname="RegressionTest6" name="test3258" time="0"/>
  <testcase classname="RegressionTest6" name="test3259" time="0"/>
  <testcase classname="RegressionTest6" name="test3260" time="0"/>
  <testcase classname="RegressionTest6" name="test3261" time="0.001"/>
  <testcase classname="RegressionTest6" name="test3262" time="0"/>
  <testcase classname="RegressionTest6" name="test3263" time="0"/>
  <testcase classname="RegressionTest6" name="test3264" time="0"/>
  <testcase classname="RegressionTest6" name="test3265" time="0"/>
  <testcase classname="RegressionTest6" name="test3266" time="0"/>
  <testcase classname="RegressionTest6" name="test3267" time="0"/>
  <testcase classname="RegressionTest6" name="test3268" time="0"/>
  <testcase classname="RegressionTest6" name="test3269" time="0"/>
  <testcase classname="RegressionTest6" name="test3270" time="0"/>
  <testcase classname="RegressionTest6" name="test3271" time="0"/>
  <testcase classname="RegressionTest6" name="test3272" time="0"/>
  <testcase classname="RegressionTest6" name="test3273" time="0"/>
  <testcase classname="RegressionTest6" name="test3274" time="0"/>
  <testcase classname="RegressionTest6" name="test3275" time="0"/>
  <testcase classname="RegressionTest6" name="test3276" time="0"/>
  <testcase classname="RegressionTest6" name="test3277" time="0"/>
  <testcase classname="RegressionTest6" name="test3278" time="0"/>
  <testcase classname="RegressionTest6" name="test3279" time="0"/>
  <testcase classname="RegressionTest6" name="test3280" time="0"/>
  <testcase classname="RegressionTest6" name="test3281" time="0"/>
  <testcase classname="RegressionTest6" name="test3282" time="0"/>
  <testcase classname="RegressionTest6" name="test3283" time="0"/>
  <testcase classname="RegressionTest6" name="test3284" time="0"/>
  <testcase classname="RegressionTest6" name="test3285" time="0"/>
  <testcase classname="RegressionTest6" name="test3286" time="0"/>
  <testcase classname="RegressionTest6" name="test3287" time="0"/>
  <testcase classname="RegressionTest6" name="test3288" time="0"/>
  <testcase classname="RegressionTest6" name="test3289" time="0"/>
  <testcase classname="RegressionTest6" name="test3290" time="0"/>
  <testcase classname="RegressionTest6" name="test3291" time="0"/>
  <testcase classname="RegressionTest6" name="test3292" time="0"/>
  <testcase classname="RegressionTest6" name="test3293" time="0"/>
  <testcase classname="RegressionTest6" name="test3294" time="0"/>
  <testcase classname="RegressionTest6" name="test3295" time="0"/>
  <testcase classname="RegressionTest6" name="test3296" time="0"/>
  <testcase classname="RegressionTest6" name="test3297" time="0"/>
  <testcase classname="RegressionTest6" name="test3298" time="0"/>
  <testcase classname="RegressionTest6" name="test3299" time="0"/>
  <testcase classname="RegressionTest6" name="test3300" time="0"/>
  <testcase classname="RegressionTest6" name="test3301" time="0"/>
  <testcase classname="RegressionTest6" name="test3302" time="0"/>
  <testcase classname="RegressionTest6" name="test3303" time="0"/>
  <testcase classname="RegressionTest6" name="test3304" time="0"/>
  <testcase classname="RegressionTest6" name="test3305" time="0"/>
  <testcase classname="RegressionTest6" name="test3306" time="0"/>
  <testcase classname="RegressionTest6" name="test3307" time="0"/>
  <testcase classname="RegressionTest6" name="test3308" time="0"/>
  <testcase classname="RegressionTest6" name="test3309" time="0"/>
  <testcase classname="RegressionTest6" name="test3310" time="0"/>
  <testcase classname="RegressionTest6" name="test3311" time="0"/>
  <testcase classname="RegressionTest6" name="test3312" time="0"/>
  <testcase classname="RegressionTest6" name="test3313" time="0.001"/>
  <testcase classname="RegressionTest6" name="test3314" time="0"/>
  <testcase classname="RegressionTest6" name="test3315" time="0"/>
  <testcase classname="RegressionTest6" name="test3316" time="0"/>
  <testcase classname="RegressionTest6" name="test3317" time="0"/>
  <testcase classname="RegressionTest6" name="test3318" time="0"/>
  <testcase classname="RegressionTest6" name="test3319" time="0"/>
  <testcase classname="RegressionTest6" name="test3320" time="0"/>
  <testcase classname="RegressionTest6" name="test3321" time="0"/>
  <testcase classname="RegressionTest6" name="test3322" time="0"/>
  <testcase classname="RegressionTest6" name="test3323" time="0"/>
  <testcase classname="RegressionTest6" name="test3324" time="0"/>
  <testcase classname="RegressionTest6" name="test3325" time="0"/>
  <testcase classname="RegressionTest6" name="test3326" time="0"/>
  <testcase classname="RegressionTest6" name="test3327" time="0"/>
  <testcase classname="RegressionTest6" name="test3328" time="0"/>
  <testcase classname="RegressionTest6" name="test3329" time="0"/>
  <testcase classname="RegressionTest6" name="test3330" time="0"/>
  <testcase classname="RegressionTest6" name="test3331" time="0"/>
  <testcase classname="RegressionTest6" name="test3332" time="0"/>
  <testcase classname="RegressionTest6" name="test3333" time="0"/>
  <testcase classname="RegressionTest6" name="test3334" time="0.001"/>
  <testcase classname="RegressionTest6" name="test3335" time="0"/>
  <testcase classname="RegressionTest6" name="test3336" time="0"/>
  <testcase classname="RegressionTest6" name="test3337" time="0"/>
  <testcase classname="RegressionTest6" name="test3338" time="0"/>
  <testcase classname="RegressionTest6" name="test3339" time="0"/>
  <testcase classname="RegressionTest6" name="test3340" time="0"/>
  <testcase classname="RegressionTest6" name="test3341" time="0"/>
  <testcase classname="RegressionTest6" name="test3342" time="0"/>
  <testcase classname="RegressionTest6" name="test3343" time="0"/>
  <testcase classname="RegressionTest6" name="test3344" time="0"/>
  <testcase classname="RegressionTest6" name="test3345" time="0"/>
  <testcase classname="RegressionTest6" name="test3346" time="0"/>
  <testcase classname="RegressionTest6" name="test3347" time="0"/>
  <testcase classname="RegressionTest6" name="test3348" time="0"/>
  <testcase classname="RegressionTest6" name="test3349" time="0"/>
  <testcase classname="RegressionTest6" name="test3350" time="0"/>
  <testcase classname="RegressionTest6" name="test3351" time="0"/>
  <testcase classname="RegressionTest6" name="test3352" time="0"/>
  <testcase classname="RegressionTest6" name="test3353" time="0"/>
  <testcase classname="RegressionTest6" name="test3354" time="0"/>
  <testcase classname="RegressionTest6" name="test3355" time="0"/>
  <testcase classname="RegressionTest6" name="test3356" time="0.001"/>
  <testcase classname="RegressionTest6" name="test3357" time="0"/>
  <testcase classname="RegressionTest6" name="test3358" time="0"/>
  <testcase classname="RegressionTest6" name="test3359" time="0"/>
  <testcase classname="RegressionTest6" name="test3360" time="0"/>
  <testcase classname="RegressionTest6" name="test3361" time="0"/>
  <testcase classname="RegressionTest6" name="test3362" time="0"/>
  <testcase classname="RegressionTest6" name="test3363" time="0"/>
  <testcase classname="RegressionTest6" name="test3364" time="0.004"/>
  <testcase classname="RegressionTest6" name="test3365" time="0"/>
  <testcase classname="RegressionTest6" name="test3366" time="0"/>
  <testcase classname="RegressionTest6" name="test3367" time="0"/>
  <testcase classname="RegressionTest6" name="test3368" time="0"/>
  <testcase classname="RegressionTest6" name="test3369" time="0"/>
  <testcase classname="RegressionTest6" name="test3370" time="0"/>
  <testcase classname="RegressionTest6" name="test3371" time="0"/>
  <testcase classname="RegressionTest6" name="test3372" time="0"/>
  <testcase classname="RegressionTest6" name="test3373" time="0"/>
  <testcase classname="RegressionTest6" name="test3374" time="0"/>
  <testcase classname="RegressionTest6" name="test3375" time="0"/>
  <testcase classname="RegressionTest6" name="test3376" time="0.007"/>
  <testcase classname="RegressionTest6" name="test3377" time="0"/>
  <testcase classname="RegressionTest6" name="test3378" time="0"/>
  <testcase classname="RegressionTest6" name="test3379" time="0"/>
  <testcase classname="RegressionTest6" name="test3380" time="0"/>
  <testcase classname="RegressionTest6" name="test3381" time="0"/>
  <testcase classname="RegressionTest6" name="test3382" time="0"/>
  <testcase classname="RegressionTest6" name="test3383" time="0"/>
  <testcase classname="RegressionTest6" name="test3384" time="0"/>
  <testcase classname="RegressionTest6" name="test3385" time="0"/>
  <testcase classname="RegressionTest6" name="test3386" time="0"/>
  <testcase classname="RegressionTest6" name="test3387" time="0"/>
  <testcase classname="RegressionTest6" name="test3388" time="0"/>
  <testcase classname="RegressionTest6" name="test3389" time="0"/>
  <testcase classname="RegressionTest6" name="test3390" time="0"/>
  <testcase classname="RegressionTest6" name="test3391" time="0"/>
  <testcase classname="RegressionTest6" name="test3392" time="0"/>
  <testcase classname="RegressionTest6" name="test3393" time="0"/>
  <testcase classname="RegressionTest6" name="test3394" time="0"/>
  <testcase classname="RegressionTest6" name="test3395" time="0"/>
  <testcase classname="RegressionTest6" name="test3396" time="0"/>
  <testcase classname="RegressionTest6" name="test3397" time="0"/>
  <testcase classname="RegressionTest6" name="test3398" time="0"/>
  <testcase classname="RegressionTest6" name="test3399" time="0.008"/>
  <testcase classname="RegressionTest6" name="test3400" time="0"/>
  <testcase classname="RegressionTest6" name="test3401" time="0"/>
  <testcase classname="RegressionTest6" name="test3402" time="0"/>
  <testcase classname="RegressionTest6" name="test3403" time="0"/>
  <testcase classname="RegressionTest6" name="test3404" time="0"/>
  <testcase classname="RegressionTest6" name="test3405" time="0"/>
  <testcase classname="RegressionTest6" name="test3406" time="0"/>
  <testcase classname="RegressionTest6" name="test3407" time="0"/>
  <testcase classname="RegressionTest6" name="test3408" time="0"/>
  <testcase classname="RegressionTest6" name="test3409" time="0"/>
  <testcase classname="RegressionTest6" name="test3410" time="0"/>
  <testcase classname="RegressionTest6" name="test3411" time="0"/>
  <testcase classname="RegressionTest6" name="test3412" time="0"/>
  <testcase classname="RegressionTest6" name="test3413" time="0"/>
  <testcase classname="RegressionTest6" name="test3414" time="0"/>
  <testcase classname="RegressionTest6" name="test3415" time="0"/>
  <testcase classname="RegressionTest6" name="test3416" time="0"/>
  <testcase classname="RegressionTest6" name="test3417" time="0"/>
  <testcase classname="RegressionTest6" name="test3418" time="0"/>
  <testcase classname="RegressionTest6" name="test3419" time="0"/>
  <testcase classname="RegressionTest6" name="test3420" time="0"/>
  <testcase classname="RegressionTest6" name="test3421" time="0"/>
  <testcase classname="RegressionTest6" name="test3422" time="0"/>
  <testcase classname="RegressionTest6" name="test3423" time="0"/>
  <testcase classname="RegressionTest6" name="test3424" time="0"/>
  <testcase classname="RegressionTest6" name="test3425" time="0"/>
  <testcase classname="RegressionTest6" name="test3426" time="0"/>
  <testcase classname="RegressionTest6" name="test3427" time="0"/>
  <testcase classname="RegressionTest6" name="test3428" time="0"/>
  <testcase classname="RegressionTest6" name="test3429" time="0"/>
  <testcase classname="RegressionTest6" name="test3430" time="0"/>
  <testcase classname="RegressionTest6" name="test3431" time="0"/>
  <testcase classname="RegressionTest6" name="test3432" time="0"/>
  <testcase classname="RegressionTest6" name="test3433" time="0"/>
  <testcase classname="RegressionTest6" name="test3434" time="0"/>
  <testcase classname="RegressionTest6" name="test3435" time="0"/>
  <testcase classname="RegressionTest6" name="test3436" time="0"/>
  <testcase classname="RegressionTest6" name="test3437" time="0"/>
  <testcase classname="RegressionTest6" name="test3438" time="0"/>
  <testcase classname="RegressionTest6" name="test3439" time="0"/>
  <testcase classname="RegressionTest6" name="test3440" time="0"/>
  <testcase classname="RegressionTest6" name="test3441" time="0"/>
  <testcase classname="RegressionTest6" name="test3442" time="0"/>
  <testcase classname="RegressionTest6" name="test3443" time="0"/>
  <testcase classname="RegressionTest6" name="test3444" time="0"/>
  <testcase classname="RegressionTest6" name="test3445" time="0"/>
  <testcase classname="RegressionTest6" name="test3446" time="0"/>
  <testcase classname="RegressionTest6" name="test3447" time="0"/>
  <testcase classname="RegressionTest6" name="test3448" time="0"/>
  <testcase classname="RegressionTest6" name="test3449" time="0"/>
  <testcase classname="RegressionTest6" name="test3450" time="0"/>
  <testcase classname="RegressionTest6" name="test3451" time="0"/>
  <testcase classname="RegressionTest6" name="test3452" time="0"/>
  <testcase classname="RegressionTest6" name="test3453" time="0"/>
  <testcase classname="RegressionTest6" name="test3454" time="0"/>
  <testcase classname="RegressionTest6" name="test3455" time="0"/>
  <testcase classname="RegressionTest6" name="test3456" time="0"/>
  <testcase classname="RegressionTest6" name="test3457" time="0"/>
  <testcase classname="RegressionTest6" name="test3458" time="0"/>
  <testcase classname="RegressionTest6" name="test3459" time="0"/>
  <testcase classname="RegressionTest6" name="test3460" time="0"/>
  <testcase classname="RegressionTest6" name="test3461" time="0"/>
  <testcase classname="RegressionTest6" name="test3462" time="0"/>
  <testcase classname="RegressionTest6" name="test3463" time="0"/>
  <testcase classname="RegressionTest6" name="test3464" time="0"/>
  <testcase classname="RegressionTest6" name="test3465" time="0"/>
  <testcase classname="RegressionTest6" name="test3466" time="0"/>
  <testcase classname="RegressionTest6" name="test3467" time="0.002"/>
  <testcase classname="RegressionTest6" name="test3468" time="0"/>
  <testcase classname="RegressionTest6" name="test3469" time="0"/>
  <testcase classname="RegressionTest6" name="test3470" time="0"/>
  <testcase classname="RegressionTest6" name="test3471" time="0.001"/>
  <testcase classname="RegressionTest6" name="test3472" time="0"/>
  <testcase classname="RegressionTest6" name="test3473" time="0"/>
  <testcase classname="RegressionTest6" name="test3474" time="0"/>
  <testcase classname="RegressionTest6" name="test3475" time="0"/>
  <testcase classname="RegressionTest6" name="test3476" time="0"/>
  <testcase classname="RegressionTest6" name="test3477" time="0"/>
  <testcase classname="RegressionTest6" name="test3478" time="0"/>
  <testcase classname="RegressionTest6" name="test3479" time="0"/>
  <testcase classname="RegressionTest6" name="test3480" time="0"/>
  <testcase classname="RegressionTest6" name="test3481" time="0"/>
  <testcase classname="RegressionTest6" name="test3482" time="0"/>
  <testcase classname="RegressionTest6" name="test3483" time="0"/>
  <testcase classname="RegressionTest6" name="test3484" time="0"/>
  <testcase classname="RegressionTest6" name="test3485" time="0"/>
  <testcase classname="RegressionTest6" name="test3486" time="0"/>
  <testcase classname="RegressionTest6" name="test3487" time="0"/>
  <testcase classname="RegressionTest6" name="test3488" time="0"/>
  <testcase classname="RegressionTest6" name="test3489" time="0.001"/>
  <testcase classname="RegressionTest6" name="test3490" time="0"/>
  <testcase classname="RegressionTest6" name="test3491" time="0"/>
  <testcase classname="RegressionTest6" name="test3492" time="0.005"/>
  <testcase classname="RegressionTest6" name="test3493" time="0"/>
  <testcase classname="RegressionTest6" name="test3494" time="0"/>
  <testcase classname="RegressionTest6" name="test3495" time="0"/>
  <testcase classname="RegressionTest6" name="test3496" time="0"/>
  <testcase classname="RegressionTest6" name="test3497" time="0"/>
  <testcase classname="RegressionTest6" name="test3498" time="0"/>
  <testcase classname="RegressionTest6" name="test3499" time="0"/>
  <testcase classname="RegressionTest6" name="test3500" time="0"/>
  <testcase classname="RegressionTest7" name="test3501" time="0"/>
  <testcase classname="RegressionTest7" name="test3502" time="0"/>
  <testcase classname="RegressionTest7" name="test3503" time="0"/>
  <testcase classname="RegressionTest7" name="test3504" time="0"/>
  <testcase classname="RegressionTest7" name="test3505" time="0"/>
  <testcase classname="RegressionTest7" name="test3506" time="0"/>
  <testcase classname="RegressionTest7" name="test3507" time="0"/>
  <testcase classname="RegressionTest7" name="test3508" time="0"/>
  <testcase classname="RegressionTest7" name="test3509" time="0"/>
  <testcase classname="RegressionTest7" name="test3510" time="0"/>
  <testcase classname="RegressionTest7" name="test3511" time="0"/>
  <testcase classname="RegressionTest7" name="test3512" time="0"/>
  <testcase classname="RegressionTest7" name="test3513" time="0.001"/>
  <testcase classname="RegressionTest7" name="test3514" time="0"/>
  <testcase classname="RegressionTest7" name="test3515" time="0"/>
  <testcase classname="RegressionTest7" name="test3516" time="0.001"/>
  <testcase classname="RegressionTest7" name="test3517" time="0"/>
  <testcase classname="RegressionTest7" name="test3518" time="0"/>
  <testcase classname="RegressionTest7" name="test3519" time="0"/>
  <testcase classname="RegressionTest7" name="test3520" time="0.001"/>
  <testcase classname="RegressionTest7" name="test3521" time="0"/>
  <testcase classname="RegressionTest7" name="test3522" time="0"/>
  <testcase classname="RegressionTest7" name="test3523" time="0"/>
  <testcase classname="RegressionTest7" name="test3524" time="0"/>
  <testcase classname="RegressionTest7" name="test3525" time="0"/>
  <testcase classname="RegressionTest7" name="test3526" time="0"/>
  <testcase classname="RegressionTest7" name="test3527" time="0"/>
  <testcase classname="RegressionTest7" name="test3528" time="0"/>
  <testcase classname="RegressionTest7" name="test3529" time="0"/>
  <testcase classname="RegressionTest7" name="test3530" time="0"/>
  <testcase classname="RegressionTest7" name="test3531" time="0"/>
  <testcase classname="RegressionTest7" name="test3532" time="0"/>
  <testcase classname="RegressionTest7" name="test3533" time="0"/>
  <testcase classname="RegressionTest7" name="test3534" time="0"/>
  <testcase classname="RegressionTest7" name="test3535" time="0"/>
  <testcase classname="RegressionTest7" name="test3536" time="0"/>
  <testcase classname="RegressionTest7" name="test3537" time="0"/>
  <testcase classname="RegressionTest7" name="test3538" time="0"/>
  <testcase classname="RegressionTest7" name="test3539" time="0"/>
  <testcase classname="RegressionTest7" name="test3540" time="0"/>
  <testcase classname="RegressionTest7" name="test3541" time="0"/>
  <testcase classname="RegressionTest7" name="test3542" time="0"/>
  <testcase classname="RegressionTest7" name="test3543" time="0"/>
  <testcase classname="RegressionTest7" name="test3544" time="0.001"/>
  <testcase classname="RegressionTest7" name="test3545" time="0"/>
  <testcase classname="RegressionTest7" name="test3546" time="0"/>
  <testcase classname="RegressionTest7" name="test3547" time="0"/>
  <testcase classname="RegressionTest7" name="test3548" time="0"/>
  <testcase classname="RegressionTest7" name="test3549" time="0"/>
  <testcase classname="RegressionTest7" name="test3550" time="0"/>
  <testcase classname="RegressionTest7" name="test3551" time="0.001"/>
  <testcase classname="RegressionTest7" name="test3552" time="0"/>
  <testcase classname="RegressionTest7" name="test3553" time="0"/>
  <testcase classname="RegressionTest7" name="test3554" time="0"/>
  <testcase classname="RegressionTest7" name="test3555" time="0.001"/>
  <testcase classname="RegressionTest7" name="test3556" time="0"/>
  <testcase classname="RegressionTest7" name="test3557" time="0"/>
  <testcase classname="RegressionTest7" name="test3558" time="0"/>
  <testcase classname="RegressionTest7" name="test3559" time="0"/>
  <testcase classname="RegressionTest7" name="test3560" time="0.001"/>
  <testcase classname="RegressionTest7" name="test3561" time="0"/>
  <testcase classname="RegressionTest7" name="test3562" time="0"/>
  <testcase classname="RegressionTest7" name="test3563" time="0"/>
  <testcase classname="RegressionTest7" name="test3564" time="0"/>
  <testcase classname="RegressionTest7" name="test3565" time="0"/>
  <testcase classname="RegressionTest7" name="test3566" time="0"/>
  <testcase classname="RegressionTest7" name="test3567" time="0.002"/>
  <testcase classname="RegressionTest7" name="test3568" time="0"/>
  <testcase classname="RegressionTest7" name="test3569" time="0"/>
  <testcase classname="RegressionTest7" name="test3570" time="0"/>
  <testcase classname="RegressionTest7" name="test3571" time="0"/>
  <testcase classname="RegressionTest7" name="test3572" time="0"/>
  <testcase classname="RegressionTest7" name="test3573" time="0"/>
  <testcase classname="RegressionTest7" name="test3574" time="0"/>
  <testcase classname="RegressionTest7" name="test3575" time="0"/>
  <testcase classname="RegressionTest7" name="test3576" time="0"/>
  <testcase classname="RegressionTest7" name="test3577" time="0.001"/>
  <testcase classname="RegressionTest7" name="test3578" time="0"/>
  <testcase classname="RegressionTest7" name="test3579" time="0"/>
  <testcase classname="RegressionTest7" name="test3580" time="0.001"/>
  <testcase classname="RegressionTest7" name="test3581" time="0"/>
  <testcase classname="RegressionTest7" name="test3582" time="0"/>
  <testcase classname="RegressionTest7" name="test3583" time="0"/>
  <testcase classname="RegressionTest7" name="test3584" time="0.001"/>
  <testcase classname="RegressionTest7" name="test3585" time="0"/>
  <testcase classname="RegressionTest7" name="test3586" time="0"/>
  <testcase classname="RegressionTest7" name="test3587" time="0"/>
  <testcase classname="RegressionTest7" name="test3588" time="0"/>
  <testcase classname="RegressionTest7" name="test3589" time="0"/>
  <testcase classname="RegressionTest7" name="test3590" time="0"/>
  <testcase classname="RegressionTest7" name="test3591" time="0"/>
  <testcase classname="RegressionTest7" name="test3592" time="0"/>
  <testcase classname="RegressionTest7" name="test3593" time="0"/>
  <testcase classname="RegressionTest7" name="test3594" time="0.001"/>
  <testcase classname="RegressionTest7" name="test3595" time="0"/>
  <testcase classname="RegressionTest7" name="test3596" time="0"/>
  <testcase classname="RegressionTest7" name="test3597" time="0"/>
  <testcase classname="RegressionTest7" name="test3598" time="0"/>
  <testcase classname="RegressionTest7" name="test3599" time="0"/>
  <testcase classname="RegressionTest7" name="test3600" time="0"/>
  <testcase classname="RegressionTest7" name="test3601" time="0.001"/>
  <testcase classname="RegressionTest7" name="test3602" time="0"/>
  <testcase classname="RegressionTest7" name="test3603" time="0"/>
  <testcase classname="RegressionTest7" name="test3604" time="0"/>
  <testcase classname="RegressionTest7" name="test3605" time="0"/>
  <testcase classname="RegressionTest7" name="test3606" time="0"/>
  <testcase classname="RegressionTest7" name="test3607" time="0"/>
  <testcase classname="RegressionTest7" name="test3608" time="0"/>
  <testcase classname="RegressionTest7" name="test3609" time="0"/>
  <testcase classname="RegressionTest7" name="test3610" time="0"/>
  <testcase classname="RegressionTest7" name="test3611" time="0.001"/>
  <testcase classname="RegressionTest7" name="test3612" time="0"/>
  <testcase classname="RegressionTest7" name="test3613" time="0"/>
  <testcase classname="RegressionTest7" name="test3614" time="0"/>
  <testcase classname="RegressionTest7" name="test3615" time="0"/>
  <testcase classname="RegressionTest7" name="test3616" time="0"/>
  <testcase classname="RegressionTest7" name="test3617" time="0"/>
  <testcase classname="RegressionTest7" name="test3618" time="0"/>
  <testcase classname="RegressionTest7" name="test3619" time="0"/>
  <testcase classname="RegressionTest7" name="test3620" time="0"/>
  <testcase classname="RegressionTest7" name="test3621" time="0"/>
  <testcase classname="RegressionTest7" name="test3622" time="0"/>
  <testcase classname="RegressionTest7" name="test3623" time="0"/>
  <testcase classname="RegressionTest7" name="test3624" time="0.006"/>
  <testcase classname="RegressionTest7" name="test3625" time="0"/>
  <testcase classname="RegressionTest7" name="test3626" time="0"/>
  <testcase classname="RegressionTest7" name="test3627" time="0"/>
  <testcase classname="RegressionTest7" name="test3628" time="0"/>
  <testcase classname="RegressionTest7" name="test3629" time="0"/>
  <testcase classname="RegressionTest7" name="test3630" time="0"/>
  <testcase classname="RegressionTest7" name="test3631" time="0.004"/>
  <testcase classname="RegressionTest7" name="test3632" time="0"/>
  <testcase classname="RegressionTest7" name="test3633" time="0"/>
  <testcase classname="RegressionTest7" name="test3634" time="0"/>
  <testcase classname="RegressionTest7" name="test3635" time="0"/>
  <testcase classname="RegressionTest7" name="test3636" time="0"/>
  <testcase classname="RegressionTest7" name="test3637" time="0"/>
  <testcase classname="RegressionTest7" name="test3638" time="0"/>
  <testcase classname="RegressionTest7" name="test3639" time="0"/>
  <testcase classname="RegressionTest7" name="test3640" time="0"/>
  <testcase classname="RegressionTest7" name="test3641" time="0"/>
  <testcase classname="RegressionTest7" name="test3642" time="0"/>
  <testcase classname="RegressionTest7" name="test3643" time="0"/>
  <testcase classname="RegressionTest7" name="test3644" time="0"/>
  <testcase classname="RegressionTest7" name="test3645" time="0"/>
  <testcase classname="RegressionTest7" name="test3646" time="0.003"/>
  <testcase classname="RegressionTest7" name="test3647" time="0"/>
  <testcase classname="RegressionTest7" name="test3648" time="0"/>
  <testcase classname="RegressionTest7" name="test3649" time="0"/>
  <testcase classname="RegressionTest7" name="test3650" time="0"/>
  <testcase classname="RegressionTest7" name="test3651" time="0"/>
  <testcase classname="RegressionTest7" name="test3652" time="0"/>
  <testcase classname="RegressionTest7" name="test3653" time="0"/>
  <testcase classname="RegressionTest7" name="test3654" time="0"/>
  <testcase classname="RegressionTest7" name="test3655" time="0"/>
  <testcase classname="RegressionTest7" name="test3656" time="0"/>
  <testcase classname="RegressionTest7" name="test3657" time="0"/>
  <testcase classname="RegressionTest7" name="test3658" time="0"/>
  <testcase classname="RegressionTest7" name="test3659" time="0"/>
  <testcase classname="RegressionTest7" name="test3660" time="0"/>
  <testcase classname="RegressionTest7" name="test3661" time="0"/>
  <testcase classname="RegressionTest7" name="test3662" time="0"/>
  <testcase classname="RegressionTest7" name="test3663" time="0.001"/>
  <testcase classname="RegressionTest7" name="test3664" time="0"/>
  <testcase classname="RegressionTest7" name="test3665" time="0"/>
  <testcase classname="RegressionTest7" name="test3666" time="0"/>
  <testcase classname="RegressionTest7" name="test3667" time="0"/>
  <testcase classname="RegressionTest7" name="test3668" time="0"/>
  <testcase classname="RegressionTest7" name="test3669" time="0.001"/>
  <testcase classname="RegressionTest7" name="test3670" time="0"/>
  <testcase classname="RegressionTest7" name="test3671" time="0"/>
  <testcase classname="RegressionTest7" name="test3672" time="0"/>
  <testcase classname="RegressionTest7" name="test3673" time="0"/>
  <testcase classname="RegressionTest7" name="test3674" time="0"/>
  <testcase classname="RegressionTest7" name="test3675" time="0"/>
  <testcase classname="RegressionTest7" name="test3676" time="0"/>
  <testcase classname="RegressionTest7" name="test3677" time="0.001"/>
  <testcase classname="RegressionTest7" name="test3678" time="0"/>
  <testcase classname="RegressionTest7" name="test3679" time="0"/>
  <testcase classname="RegressionTest7" name="test3680" time="0"/>
  <testcase classname="RegressionTest7" name="test3681" time="0"/>
  <testcase classname="RegressionTest7" name="test3682" time="0"/>
  <testcase classname="RegressionTest7" name="test3683" time="0.004"/>
  <testcase classname="RegressionTest7" name="test3684" time="0"/>
  <testcase classname="RegressionTest7" name="test3685" time="0"/>
  <testcase classname="RegressionTest7" name="test3686" time="0"/>
  <testcase classname="RegressionTest7" name="test3687" time="0"/>
  <testcase classname="RegressionTest7" name="test3688" time="0"/>
  <testcase classname="RegressionTest7" name="test3689" time="0"/>
  <testcase classname="RegressionTest7" name="test3690" time="0"/>
  <testcase classname="RegressionTest7" name="test3691" time="0"/>
  <testcase classname="RegressionTest7" name="test3692" time="0"/>
  <testcase classname="RegressionTest7" name="test3693" time="0"/>
  <testcase classname="RegressionTest7" name="test3694" time="0"/>
  <testcase classname="RegressionTest7" name="test3695" time="0"/>
  <testcase classname="RegressionTest7" name="test3696" time="0"/>
  <testcase classname="RegressionTest7" name="test3697" time="0"/>
  <testcase classname="RegressionTest7" name="test3698" time="0"/>
  <testcase classname="RegressionTest7" name="test3699" time="0"/>
  <testcase classname="RegressionTest7" name="test3700" time="0"/>
  <testcase classname="RegressionTest7" name="test3701" time="0"/>
  <testcase classname="RegressionTest7" name="test3702" time="0"/>
  <testcase classname="RegressionTest7" name="test3703" time="0"/>
  <testcase classname="RegressionTest7" name="test3704" time="0"/>
  <testcase classname="RegressionTest7" name="test3705" time="0"/>
  <testcase classname="RegressionTest7" name="test3706" time="0"/>
  <testcase classname="RegressionTest7" name="test3707" time="0"/>
  <testcase classname="RegressionTest7" name="test3708" time="0"/>
  <testcase classname="RegressionTest7" name="test3709" time="0"/>
  <testcase classname="RegressionTest7" name="test3710" time="0"/>
  <testcase classname="RegressionTest7" name="test3711" time="0"/>
  <testcase classname="RegressionTest7" name="test3712" time="0"/>
  <testcase classname="RegressionTest7" name="test3713" time="0"/>
  <testcase classname="RegressionTest7" name="test3714" time="0"/>
  <testcase classname="RegressionTest7" name="test3715" time="0"/>
  <testcase classname="RegressionTest7" name="test3716" time="0"/>
  <testcase classname="RegressionTest7" name="test3717" time="0"/>
  <testcase classname="RegressionTest7" name="test3718" time="0"/>
  <testcase classname="RegressionTest7" name="test3719" time="0"/>
  <testcase classname="RegressionTest7" name="test3720" time="0"/>
  <testcase classname="RegressionTest7" name="test3721" time="0"/>
  <testcase classname="RegressionTest7" name="test3722" time="0"/>
  <testcase classname="RegressionTest7" name="test3723" time="0"/>
  <testcase classname="RegressionTest7" name="test3724" time="0"/>
  <testcase classname="RegressionTest7" name="test3725" time="0"/>
  <testcase classname="RegressionTest7" name="test3726" time="0"/>
  <testcase classname="RegressionTest7" name="test3727" time="0"/>
  <testcase classname="RegressionTest7" name="test3728" time="0"/>
  <testcase classname="RegressionTest7" name="test3729" time="0"/>
  <testcase classname="RegressionTest7" name="test3730" time="0"/>
  <testcase classname="RegressionTest7" name="test3731" time="0"/>
  <testcase classname="RegressionTest7" name="test3732" time="0"/>
  <testcase classname="RegressionTest7" name="test3733" time="0"/>
  <testcase classname="RegressionTest7" name="test3734" time="0"/>
  <testcase classname="RegressionTest7" name="test3735" time="0"/>
  <testcase classname="RegressionTest7" name="test3736" time="0"/>
  <testcase classname="RegressionTest7" name="test3737" time="0"/>
  <testcase classname="RegressionTest7" name="test3738" time="0"/>
  <testcase classname="RegressionTest7" name="test3739" time="0"/>
  <testcase classname="RegressionTest7" name="test3740" time="0"/>
  <testcase classname="RegressionTest7" name="test3741" time="0"/>
  <testcase classname="RegressionTest7" name="test3742" time="0"/>
  <testcase classname="RegressionTest7" name="test3743" time="0"/>
  <testcase classname="RegressionTest7" name="test3744" time="0"/>
  <testcase classname="RegressionTest7" name="test3745" time="0"/>
  <testcase classname="RegressionTest7" name="test3746" time="0"/>
  <testcase classname="RegressionTest7" name="test3747" time="0"/>
  <testcase classname="RegressionTest7" name="test3748" time="0"/>
  <testcase classname="RegressionTest7" name="test3749" time="0"/>
  <testcase classname="RegressionTest7" name="test3750" time="0"/>
  <testcase classname="RegressionTest7" name="test3751" time="0"/>
  <testcase classname="RegressionTest7" name="test3752" time="0"/>
  <testcase classname="RegressionTest7" name="test3753" time="0"/>
  <testcase classname="RegressionTest7" name="test3754" time="0"/>
  <testcase classname="RegressionTest7" name="test3755" time="0"/>
  <testcase classname="RegressionTest7" name="test3756" time="0"/>
  <testcase classname="RegressionTest7" name="test3757" time="0"/>
  <testcase classname="RegressionTest7" name="test3758" time="0"/>
  <testcase classname="RegressionTest7" name="test3759" time="0"/>
  <testcase classname="RegressionTest7" name="test3760" time="0"/>
  <testcase classname="RegressionTest7" name="test3761" time="0"/>
  <testcase classname="RegressionTest7" name="test3762" time="0"/>
  <testcase classname="RegressionTest7" name="test3763" time="0"/>
  <testcase classname="RegressionTest7" name="test3764" time="0"/>
  <testcase classname="RegressionTest7" name="test3765" time="0"/>
  <testcase classname="RegressionTest7" name="test3766" time="0.014"/>
  <testcase classname="RegressionTest7" name="test3767" time="0"/>
  <testcase classname="RegressionTest7" name="test3768" time="0"/>
  <testcase classname="RegressionTest7" name="test3769" time="0"/>
  <testcase classname="RegressionTest7" name="test3770" time="0"/>
  <testcase classname="RegressionTest7" name="test3771" time="0"/>
  <testcase classname="RegressionTest7" name="test3772" time="0"/>
  <testcase classname="RegressionTest7" name="test3773" time="0"/>
  <testcase classname="RegressionTest7" name="test3774" time="0"/>
  <testcase classname="RegressionTest7" name="test3775" time="0"/>
  <testcase classname="RegressionTest7" name="test3776" time="0"/>
  <testcase classname="RegressionTest7" name="test3777" time="0"/>
  <testcase classname="RegressionTest7" name="test3778" time="0"/>
  <testcase classname="RegressionTest7" name="test3779" time="0"/>
  <testcase classname="RegressionTest7" name="test3780" time="0"/>
  <testcase classname="RegressionTest7" name="test3781" time="0"/>
  <testcase classname="RegressionTest7" name="test3782" time="0"/>
  <testcase classname="RegressionTest7" name="test3783" time="0"/>
  <testcase classname="RegressionTest7" name="test3784" time="0"/>
  <testcase classname="RegressionTest7" name="test3785" time="0"/>
  <testcase classname="RegressionTest7" name="test3786" time="0"/>
  <testcase classname="RegressionTest7" name="test3787" time="0"/>
  <testcase classname="RegressionTest7" name="test3788" time="0"/>
  <testcase classname="RegressionTest7" name="test3789" time="0"/>
  <testcase classname="RegressionTest7" name="test3790" time="0"/>
  <testcase classname="RegressionTest7" name="test3791" time="0"/>
  <testcase classname="RegressionTest7" name="test3792" time="0"/>
  <testcase classname="RegressionTest7" name="test3793" time="0"/>
  <testcase classname="RegressionTest7" name="test3794" time="0"/>
  <testcase classname="RegressionTest7" name="test3795" time="0"/>
  <testcase classname="RegressionTest7" name="test3796" time="0"/>
  <testcase classname="RegressionTest7" name="test3797" time="0"/>
  <testcase classname="RegressionTest7" name="test3798" time="0"/>
  <testcase classname="RegressionTest7" name="test3799" time="0"/>
  <testcase classname="RegressionTest7" name="test3800" time="0"/>
  <testcase classname="RegressionTest7" name="test3801" time="0.017"/>
  <testcase classname="RegressionTest7" name="test3802" time="0"/>
  <testcase classname="RegressionTest7" name="test3803" time="0"/>
  <testcase classname="RegressionTest7" name="test3804" time="0"/>
  <testcase classname="RegressionTest7" name="test3805" time="0"/>
  <testcase classname="RegressionTest7" name="test3806" time="0"/>
  <testcase classname="RegressionTest7" name="test3807" time="0"/>
  <testcase classname="RegressionTest7" name="test3808" time="0"/>
  <testcase classname="RegressionTest7" name="test3809" time="0"/>
  <testcase classname="RegressionTest7" name="test3810" time="0"/>
  <testcase classname="RegressionTest7" name="test3811" time="0"/>
  <testcase classname="RegressionTest7" name="test3812" time="0"/>
  <testcase classname="RegressionTest7" name="test3813" time="0"/>
  <testcase classname="RegressionTest7" name="test3814" time="0"/>
  <testcase classname="RegressionTest7" name="test3815" time="0"/>
  <testcase classname="RegressionTest7" name="test3816" time="0"/>
  <testcase classname="RegressionTest7" name="test3817" time="0"/>
  <testcase classname="RegressionTest7" name="test3818" time="0"/>
  <testcase classname="RegressionTest7" name="test3819" time="0"/>
  <testcase classname="RegressionTest7" name="test3820" time="0"/>
  <testcase classname="RegressionTest7" name="test3821" time="0"/>
  <testcase classname="RegressionTest7" name="test3822" time="0"/>
  <testcase classname="RegressionTest7" name="test3823" time="0"/>
  <testcase classname="RegressionTest7" name="test3824" time="0"/>
  <testcase classname="RegressionTest7" name="test3825" time="0"/>
  <testcase classname="RegressionTest7" name="test3826" time="0"/>
  <testcase classname="RegressionTest7" name="test3827" time="0"/>
  <testcase classname="RegressionTest7" name="test3828" time="0"/>
  <testcase classname="RegressionTest7" name="test3829" time="0"/>
  <testcase classname="RegressionTest7" name="test3830" time="0"/>
  <testcase classname="RegressionTest7" name="test3831" time="0"/>
  <testcase classname="RegressionTest7" name="test3832" time="0"/>
  <testcase classname="RegressionTest7" name="test3833" time="0"/>
  <testcase classname="RegressionTest7" name="test3834" time="0"/>
  <testcase classname="RegressionTest7" name="test3835" time="0"/>
  <testcase classname="RegressionTest7" name="test3836" time="0"/>
  <testcase classname="RegressionTest7" name="test3837" time="0"/>
  <testcase classname="RegressionTest7" name="test3838" time="0"/>
  <testcase classname="RegressionTest7" name="test3839" time="0"/>
  <testcase classname="RegressionTest7" name="test3840" time="0"/>
  <testcase classname="RegressionTest7" name="test3841" time="0"/>
  <testcase classname="RegressionTest7" name="test3842" time="0"/>
  <testcase classname="RegressionTest7" name="test3843" time="0"/>
  <testcase classname="RegressionTest7" name="test3844" time="0"/>
  <testcase classname="RegressionTest7" name="test3845" time="0"/>
  <testcase classname="RegressionTest7" name="test3846" time="0"/>
  <testcase classname="RegressionTest7" name="test3847" time="0"/>
  <testcase classname="RegressionTest7" name="test3848" time="0"/>
  <testcase classname="RegressionTest7" name="test3849" time="0"/>
  <testcase classname="RegressionTest7" name="test3850" time="0"/>
  <testcase classname="RegressionTest7" name="test3851" time="0"/>
  <testcase classname="RegressionTest7" name="test3852" time="0"/>
  <testcase classname="RegressionTest7" name="test3853" time="0"/>
  <testcase classname="RegressionTest7" name="test3854" time="0"/>
  <testcase classname="RegressionTest7" name="test3855" time="0"/>
  <testcase classname="RegressionTest7" name="test3856" time="0"/>
  <testcase classname="RegressionTest7" name="test3857" time="0"/>
  <testcase classname="RegressionTest7" name="test3858" time="0"/>
  <testcase classname="RegressionTest7" name="test3859" time="0"/>
  <testcase classname="RegressionTest7" name="test3860" time="0"/>
  <testcase classname="RegressionTest7" name="test3861" time="0"/>
  <testcase classname="RegressionTest7" name="test3862" time="0"/>
  <testcase classname="RegressionTest7" name="test3863" time="0"/>
  <testcase classname="RegressionTest7" name="test3864" time="0"/>
  <testcase classname="RegressionTest7" name="test3865" time="0"/>
  <testcase classname="RegressionTest7" name="test3866" time="0"/>
  <testcase classname="RegressionTest7" name="test3867" time="0"/>
  <testcase classname="RegressionTest7" name="test3868" time="0"/>
  <testcase classname="RegressionTest7" name="test3869" time="0"/>
  <testcase classname="RegressionTest7" name="test3870" time="0"/>
  <testcase classname="RegressionTest7" name="test3871" time="0"/>
  <testcase classname="RegressionTest7" name="test3872" time="0"/>
  <testcase classname="RegressionTest7" name="test3873" time="0.001"/>
  <testcase classname="RegressionTest7" name="test3874" time="0"/>
  <testcase classname="RegressionTest7" name="test3875" time="0"/>
  <testcase classname="RegressionTest7" name="test3876" time="0"/>
  <testcase classname="RegressionTest7" name="test3877" time="0"/>
  <testcase classname="RegressionTest7" name="test3878" time="0"/>
  <testcase classname="RegressionTest7" name="test3879" time="0"/>
  <testcase classname="RegressionTest7" name="test3880" time="0"/>
  <testcase classname="RegressionTest7" name="test3881" time="0"/>
  <testcase classname="RegressionTest7" name="test3882" time="0"/>
  <testcase classname="RegressionTest7" name="test3883" time="0"/>
  <testcase classname="RegressionTest7" name="test3884" time="0"/>
  <testcase classname="RegressionTest7" name="test3885" time="0"/>
  <testcase classname="RegressionTest7" name="test3886" time="0"/>
  <testcase classname="RegressionTest7" name="test3887" time="0"/>
  <testcase classname="RegressionTest7" name="test3888" time="0"/>
  <testcase classname="RegressionTest7" name="test3889" time="0"/>
  <testcase classname="RegressionTest7" name="test3890" time="0"/>
  <testcase classname="RegressionTest7" name="test3891" time="0"/>
  <testcase classname="RegressionTest7" name="test3892" time="0"/>
  <testcase classname="RegressionTest7" name="test3893" time="0"/>
  <testcase classname="RegressionTest7" name="test3894" time="0"/>
  <testcase classname="RegressionTest7" name="test3895" time="0"/>
  <testcase classname="RegressionTest7" name="test3896" time="0"/>
  <testcase classname="RegressionTest7" name="test3897" time="0"/>
  <testcase classname="RegressionTest7" name="test3898" time="0"/>
  <testcase classname="RegressionTest7" name="test3899" time="0"/>
  <testcase classname="RegressionTest7" name="test3900" time="0"/>
  <testcase classname="RegressionTest7" name="test3901" time="0"/>
  <testcase classname="RegressionTest7" name="test3902" time="0"/>
  <testcase classname="RegressionTest7" name="test3903" time="0"/>
  <testcase classname="RegressionTest7" name="test3904" time="0"/>
  <testcase classname="RegressionTest7" name="test3905" time="0"/>
  <testcase classname="RegressionTest7" name="test3906" time="0"/>
  <testcase classname="RegressionTest7" name="test3907" time="0"/>
  <testcase classname="RegressionTest7" name="test3908" time="0"/>
  <testcase classname="RegressionTest7" name="test3909" time="0"/>
  <testcase classname="RegressionTest7" name="test3910" time="0"/>
  <testcase classname="RegressionTest7" name="test3911" time="0"/>
  <testcase classname="RegressionTest7" name="test3912" time="0"/>
  <testcase classname="RegressionTest7" name="test3913" time="0"/>
  <testcase classname="RegressionTest7" name="test3914" time="0"/>
  <testcase classname="RegressionTest7" name="test3915" time="0"/>
  <testcase classname="RegressionTest7" name="test3916" time="0"/>
  <testcase classname="RegressionTest7" name="test3917" time="0"/>
  <testcase classname="RegressionTest7" name="test3918" time="0"/>
  <testcase classname="RegressionTest7" name="test3919" time="0"/>
  <testcase classname="RegressionTest7" name="test3920" time="0"/>
  <testcase classname="RegressionTest7" name="test3921" time="0"/>
  <testcase classname="RegressionTest7" name="test3922" time="0"/>
  <testcase classname="RegressionTest7" name="test3923" time="0"/>
  <testcase classname="RegressionTest7" name="test3924" time="0"/>
  <testcase classname="RegressionTest7" name="test3925" time="0"/>
  <testcase classname="RegressionTest7" name="test3926" time="0"/>
  <testcase classname="RegressionTest7" name="test3927" time="0"/>
  <testcase classname="RegressionTest7" name="test3928" time="0"/>
  <testcase classname="RegressionTest7" name="test3929" time="0"/>
  <testcase classname="RegressionTest7" name="test3930" time="0"/>
  <testcase classname="RegressionTest7" name="test3931" time="0"/>
  <testcase classname="RegressionTest7" name="test3932" time="0"/>
  <testcase classname="RegressionTest7" name="test3933" time="0"/>
  <testcase classname="RegressionTest7" name="test3934" time="0"/>
  <testcase classname="RegressionTest7" name="test3935" time="0"/>
  <testcase classname="RegressionTest7" name="test3936" time="0"/>
  <testcase classname="RegressionTest7" name="test3937" time="0"/>
  <testcase classname="RegressionTest7" name="test3938" time="0"/>
  <testcase classname="RegressionTest7" name="test3939" time="0"/>
  <testcase classname="RegressionTest7" name="test3940" time="0"/>
  <testcase classname="RegressionTest7" name="test3941" time="0"/>
  <testcase classname="RegressionTest7" name="test3942" time="0"/>
  <testcase classname="RegressionTest7" name="test3943" time="0"/>
  <testcase classname="RegressionTest7" name="test3944" time="0"/>
  <testcase classname="RegressionTest7" name="test3945" time="0"/>
  <testcase classname="RegressionTest7" name="test3946" time="0"/>
  <testcase classname="RegressionTest7" name="test3947" time="0"/>
  <testcase classname="RegressionTest7" name="test3948" time="0"/>
  <testcase classname="RegressionTest7" name="test3949" time="0"/>
  <testcase classname="RegressionTest7" name="test3950" time="0"/>
  <testcase classname="RegressionTest7" name="test3951" time="0"/>
  <testcase classname="RegressionTest7" name="test3952" time="0"/>
  <testcase classname="RegressionTest7" name="test3953" time="0"/>
  <testcase classname="RegressionTest7" name="test3954" time="0"/>
  <testcase classname="RegressionTest7" name="test3955" time="0"/>
  <testcase classname="RegressionTest7" name="test3956" time="0"/>
  <testcase classname="RegressionTest7" name="test3957" time="0"/>
  <testcase classname="RegressionTest7" name="test3958" time="0"/>
  <testcase classname="RegressionTest7" name="test3959" time="0"/>
  <testcase classname="RegressionTest7" name="test3960" time="0"/>
  <testcase classname="RegressionTest7" name="test3961" time="0"/>
  <testcase classname="RegressionTest7" name="test3962" time="0"/>
  <testcase classname="RegressionTest7" name="test3963" time="0"/>
  <testcase classname="RegressionTest7" name="test3964" time="0"/>
  <testcase classname="RegressionTest7" name="test3965" time="0"/>
  <testcase classname="RegressionTest7" name="test3966" time="0"/>
  <testcase classname="RegressionTest7" name="test3967" time="0"/>
  <testcase classname="RegressionTest7" name="test3968" time="0"/>
  <testcase classname="RegressionTest7" name="test3969" time="0"/>
  <testcase classname="RegressionTest7" name="test3970" time="0"/>
  <testcase classname="RegressionTest7" name="test3971" time="0"/>
  <testcase classname="RegressionTest7" name="test3972" time="0"/>
  <testcase classname="RegressionTest7" name="test3973" time="0"/>
  <testcase classname="RegressionTest7" name="test3974" time="0"/>
  <testcase classname="RegressionTest7" name="test3975" time="0"/>
  <testcase classname="RegressionTest7" name="test3976" time="0"/>
  <testcase classname="RegressionTest7" name="test3977" time="0"/>
  <testcase classname="RegressionTest7" name="test3978" time="0"/>
  <testcase classname="RegressionTest7" name="test3979" time="0"/>
  <testcase classname="RegressionTest7" name="test3980" time="0"/>
  <testcase classname="RegressionTest7" name="test3981" time="0"/>
  <testcase classname="RegressionTest7" name="test3982" time="0"/>
  <testcase classname="RegressionTest7" name="test3983" time="0"/>
  <testcase classname="RegressionTest7" name="test3984" time="0"/>
  <testcase classname="RegressionTest7" name="test3985" time="0"/>
  <testcase classname="RegressionTest7" name="test3986" time="0"/>
  <testcase classname="RegressionTest7" name="test3987" time="0"/>
  <testcase classname="RegressionTest7" name="test3988" time="0"/>
  <testcase classname="RegressionTest7" name="test3989" time="0"/>
  <testcase classname="RegressionTest7" name="test3990" time="0"/>
  <testcase classname="RegressionTest7" name="test3991" time="0"/>
  <testcase classname="RegressionTest7" name="test3992" time="0"/>
  <testcase classname="RegressionTest7" name="test3993" time="0"/>
  <testcase classname="RegressionTest7" name="test3994" time="0"/>
  <testcase classname="RegressionTest7" name="test3995" time="0"/>
  <testcase classname="RegressionTest7" name="test3996" time="0"/>
  <testcase classname="RegressionTest7" name="test3997" time="0"/>
  <testcase classname="RegressionTest7" name="test3998" time="0"/>
  <testcase classname="RegressionTest7" name="test3999" time="0"/>
  <testcase classname="RegressionTest7" name="test4000" time="0"/>
  <testcase classname="RegressionTest8" name="test4001" time="0"/>
  <testcase classname="RegressionTest8" name="test4002" time="0"/>
  <testcase classname="RegressionTest8" name="test4003" time="0"/>
  <testcase classname="RegressionTest8" name="test4004" time="0"/>
  <testcase classname="RegressionTest8" name="test4005" time="0"/>
  <testcase classname="RegressionTest8" name="test4006" time="0"/>
  <testcase classname="RegressionTest8" name="test4007" time="0"/>
  <testcase classname="RegressionTest8" name="test4008" time="0"/>
  <testcase classname="RegressionTest8" name="test4009" time="0"/>
  <testcase classname="RegressionTest8" name="test4010" time="0"/>
  <testcase classname="RegressionTest8" name="test4011" time="0"/>
  <testcase classname="RegressionTest8" name="test4012" time="0"/>
  <testcase classname="RegressionTest8" name="test4013" time="0"/>
  <testcase classname="RegressionTest8" name="test4014" time="0.001"/>
  <testcase classname="RegressionTest8" name="test4015" time="0"/>
  <testcase classname="RegressionTest8" name="test4016" time="0"/>
  <testcase classname="RegressionTest8" name="test4017" time="0"/>
  <testcase classname="RegressionTest8" name="test4018" time="0"/>
  <testcase classname="RegressionTest8" name="test4019" time="0"/>
  <testcase classname="RegressionTest8" name="test4020" time="0"/>
  <testcase classname="RegressionTest8" name="test4021" time="0"/>
  <testcase classname="RegressionTest8" name="test4022" time="0"/>
  <testcase classname="RegressionTest8" name="test4023" time="0"/>
  <testcase classname="RegressionTest8" name="test4024" time="0"/>
  <testcase classname="RegressionTest8" name="test4025" time="0"/>
  <testcase classname="RegressionTest8" name="test4026" time="0"/>
  <testcase classname="RegressionTest8" name="test4027" time="0"/>
  <testcase classname="RegressionTest8" name="test4028" time="0"/>
  <testcase classname="RegressionTest8" name="test4029" time="0"/>
  <testcase classname="RegressionTest8" name="test4030" time="0"/>
  <testcase classname="RegressionTest8" name="test4031" time="0"/>
  <testcase classname="RegressionTest8" name="test4032" time="0"/>
  <testcase classname="RegressionTest8" name="test4033" time="0"/>
  <testcase classname="RegressionTest8" name="test4034" time="0"/>
  <testcase classname="RegressionTest8" name="test4035" time="0"/>
  <testcase classname="RegressionTest8" name="test4036" time="0"/>
  <testcase classname="RegressionTest8" name="test4037" time="0"/>
  <testcase classname="RegressionTest8" name="test4038" time="0"/>
  <testcase classname="RegressionTest8" name="test4039" time="0"/>
  <testcase classname="RegressionTest8" name="test4040" time="0"/>
  <testcase classname="RegressionTest8" name="test4041" time="0"/>
  <testcase classname="RegressionTest8" name="test4042" time="0"/>
  <testcase classname="RegressionTest8" name="test4043" time="0"/>
  <testcase classname="RegressionTest8" name="test4044" time="0"/>
  <testcase classname="RegressionTest8" name="test4045" time="0"/>
  <testcase classname="RegressionTest8" name="test4046" time="0"/>
  <testcase classname="RegressionTest8" name="test4047" time="0"/>
  <testcase classname="RegressionTest8" name="test4048" time="0"/>
  <testcase classname="RegressionTest8" name="test4049" time="0"/>
  <testcase classname="RegressionTest8" name="test4050" time="0"/>
  <testcase classname="RegressionTest8" name="test4051" time="0"/>
  <testcase classname="RegressionTest8" name="test4052" time="0"/>
  <testcase classname="RegressionTest8" name="test4053" time="0"/>
  <testcase classname="RegressionTest8" name="test4054" time="0"/>
  <testcase classname="RegressionTest8" name="test4055" time="0"/>
  <testcase classname="RegressionTest8" name="test4056" time="0"/>
  <testcase classname="RegressionTest8" name="test4057" time="0"/>
  <testcase classname="RegressionTest8" name="test4058" time="0"/>
  <testcase classname="RegressionTest8" name="test4059" time="0"/>
  <testcase classname="RegressionTest8" name="test4060" time="0"/>
  <testcase classname="RegressionTest8" name="test4061" time="0"/>
  <testcase classname="RegressionTest8" name="test4062" time="0"/>
  <testcase classname="RegressionTest8" name="test4063" time="0.005"/>
  <testcase classname="RegressionTest8" name="test4064" time="0.001"/>
  <testcase classname="RegressionTest8" name="test4065" time="0"/>
  <testcase classname="RegressionTest8" name="test4066" time="0"/>
  <testcase classname="RegressionTest8" name="test4067" time="0"/>
  <testcase classname="RegressionTest8" name="test4068" time="0"/>
  <testcase classname="RegressionTest8" name="test4069" time="0"/>
  <testcase classname="RegressionTest8" name="test4070" time="0"/>
  <testcase classname="RegressionTest8" name="test4071" time="0"/>
  <testcase classname="RegressionTest8" name="test4072" time="0"/>
  <testcase classname="RegressionTest8" name="test4073" time="0"/>
  <testcase classname="RegressionTest8" name="test4074" time="0.001"/>
  <testcase classname="RegressionTest8" name="test4075" time="0"/>
  <testcase classname="RegressionTest8" name="test4076" time="0"/>
  <testcase classname="RegressionTest8" name="test4077" time="0"/>
  <testcase classname="RegressionTest8" name="test4078" time="0"/>
  <testcase classname="RegressionTest8" name="test4079" time="0"/>
  <testcase classname="RegressionTest8" name="test4080" time="0"/>
  <testcase classname="RegressionTest8" name="test4081" time="0"/>
  <testcase classname="RegressionTest8" name="test4082" time="0"/>
  <testcase classname="RegressionTest8" name="test4083" time="0"/>
  <testcase classname="RegressionTest8" name="test4084" time="0.001"/>
  <testcase classname="RegressionTest8" name="test4085" time="0"/>
  <testcase classname="RegressionTest8" name="test4086" time="0"/>
  <testcase classname="RegressionTest8" name="test4087" time="0"/>
  <testcase classname="RegressionTest8" name="test4088" time="0"/>
  <testcase classname="RegressionTest8" name="test4089" time="0"/>
  <testcase classname="RegressionTest8" name="test4090" time="0"/>
  <testcase classname="RegressionTest8" name="test4091" time="0"/>
  <testcase classname="RegressionTest8" name="test4092" time="0"/>
  <testcase classname="RegressionTest8" name="test4093" time="0"/>
  <testcase classname="RegressionTest8" name="test4094" time="0"/>
  <testcase classname="RegressionTest8" name="test4095" time="0.001"/>
  <testcase classname="RegressionTest8" name="test4096" time="0"/>
  <testcase classname="RegressionTest8" name="test4097" time="0"/>
  <testcase classname="RegressionTest8" name="test4098" time="0"/>
  <testcase classname="RegressionTest8" name="test4099" time="0"/>
  <testcase classname="RegressionTest8" name="test4100" time="0"/>
  <testcase classname="RegressionTest8" name="test4101" time="0"/>
  <testcase classname="RegressionTest8" name="test4102" time="0"/>
  <testcase classname="RegressionTest8" name="test4103" time="0"/>
  <testcase classname="RegressionTest8" name="test4104" time="0"/>
  <testcase classname="RegressionTest8" name="test4105" time="0"/>
  <testcase classname="RegressionTest8" name="test4106" time="0"/>
  <testcase classname="RegressionTest8" name="test4107" time="0"/>
  <testcase classname="RegressionTest8" name="test4108" time="0"/>
  <testcase classname="RegressionTest8" name="test4109" time="0"/>
  <testcase classname="RegressionTest8" name="test4110" time="0"/>
  <testcase classname="RegressionTest8" name="test4111" time="0"/>
  <testcase classname="RegressionTest8" name="test4112" time="0"/>
  <testcase classname="RegressionTest8" name="test4113" time="0"/>
  <testcase classname="RegressionTest8" name="test4114" time="0"/>
  <testcase classname="RegressionTest8" name="test4115" time="0"/>
  <testcase classname="RegressionTest8" name="test4116" time="0.001"/>
  <testcase classname="RegressionTest8" name="test4117" time="0"/>
  <testcase classname="RegressionTest8" name="test4118" time="0"/>
  <testcase classname="RegressionTest8" name="test4119" time="0"/>
  <testcase classname="RegressionTest8" name="test4120" time="0"/>
  <testcase classname="RegressionTest8" name="test4121" time="0"/>
  <testcase classname="RegressionTest8" name="test4122" time="0"/>
  <testcase classname="RegressionTest8" name="test4123" time="0"/>
  <testcase classname="RegressionTest8" name="test4124" time="0"/>
  <testcase classname="RegressionTest8" name="test4125" time="0"/>
  <testcase classname="RegressionTest8" name="test4126" time="0"/>
  <testcase classname="RegressionTest8" name="test4127" time="0"/>
  <testcase classname="RegressionTest8" name="test4128" time="0"/>
  <testcase classname="RegressionTest8" name="test4129" time="0"/>
  <testcase classname="RegressionTest8" name="test4130" time="0.001"/>
  <testcase classname="RegressionTest8" name="test4131" time="0"/>
  <testcase classname="RegressionTest8" name="test4132" time="0"/>
  <testcase classname="RegressionTest8" name="test4133" time="0"/>
  <testcase classname="RegressionTest8" name="test4134" time="0"/>
  <testcase classname="RegressionTest8" name="test4135" time="0"/>
  <testcase classname="RegressionTest8" name="test4136" time="0"/>
  <testcase classname="RegressionTest8" name="test4137" time="0"/>
  <testcase classname="RegressionTest8" name="test4138" time="0"/>
  <testcase classname="RegressionTest8" name="test4139" time="0"/>
  <testcase classname="RegressionTest8" name="test4140" time="0"/>
  <testcase classname="RegressionTest8" name="test4141" time="0"/>
  <testcase classname="RegressionTest8" name="test4142" time="0"/>
  <testcase classname="RegressionTest8" name="test4143" time="0"/>
  <testcase classname="RegressionTest8" name="test4144" time="0"/>
  <testcase classname="RegressionTest8" name="test4145" time="0"/>
  <testcase classname="RegressionTest8" name="test4146" time="0"/>
  <testcase classname="RegressionTest8" name="test4147" time="0"/>
  <testcase classname="RegressionTest8" name="test4148" time="0"/>
  <testcase classname="RegressionTest8" name="test4149" time="0"/>
  <testcase classname="RegressionTest8" name="test4150" time="0"/>
  <testcase classname="RegressionTest8" name="test4151" time="0"/>
  <testcase classname="RegressionTest8" name="test4152" time="0"/>
  <testcase classname="RegressionTest8" name="test4153" time="0.001"/>
  <testcase classname="RegressionTest8" name="test4154" time="0"/>
  <testcase classname="RegressionTest8" name="test4155" time="0"/>
  <testcase classname="RegressionTest8" name="test4156" time="0"/>
  <testcase classname="RegressionTest8" name="test4157" time="0"/>
  <testcase classname="RegressionTest8" name="test4158" time="0"/>
  <testcase classname="RegressionTest8" name="test4159" time="0"/>
  <testcase classname="RegressionTest8" name="test4160" time="0"/>
  <testcase classname="RegressionTest8" name="test4161" time="0"/>
  <testcase classname="RegressionTest8" name="test4162" time="0"/>
  <testcase classname="RegressionTest8" name="test4163" time="0"/>
  <testcase classname="RegressionTest8" name="test4164" time="0"/>
  <testcase classname="RegressionTest8" name="test4165" time="0"/>
  <testcase classname="RegressionTest8" name="test4166" time="0"/>
  <testcase classname="RegressionTest8" name="test4167" time="0"/>
  <testcase classname="RegressionTest8" name="test4168" time="0"/>
  <testcase classname="RegressionTest8" name="test4169" time="0"/>
  <testcase classname="RegressionTest8" name="test4170" time="0"/>
  <testcase classname="RegressionTest8" name="test4171" time="0"/>
  <testcase classname="RegressionTest8" name="test4172" time="0"/>
  <testcase classname="RegressionTest8" name="test4173" time="0"/>
  <testcase classname="RegressionTest8" name="test4174" time="0.001"/>
  <testcase classname="RegressionTest8" name="test4175" time="0.01"/>
  <testcase classname="RegressionTest8" name="test4176" time="0"/>
  <testcase classname="RegressionTest8" name="test4177" time="0"/>
  <testcase classname="RegressionTest8" name="test4178" time="0"/>
  <testcase classname="RegressionTest8" name="test4179" time="0"/>
  <testcase classname="RegressionTest8" name="test4180" time="0"/>
  <testcase classname="RegressionTest8" name="test4181" time="0"/>
  <testcase classname="RegressionTest8" name="test4182" time="0"/>
  <testcase classname="RegressionTest8" name="test4183" time="0"/>
  <testcase classname="RegressionTest8" name="test4184" time="0"/>
  <testcase classname="RegressionTest8" name="test4185" time="0"/>
  <testcase classname="RegressionTest8" name="test4186" time="0"/>
  <testcase classname="RegressionTest8" name="test4187" time="0"/>
  <testcase classname="RegressionTest8" name="test4188" time="0"/>
  <testcase classname="RegressionTest8" name="test4189" time="0"/>
  <testcase classname="RegressionTest8" name="test4190" time="0"/>
  <testcase classname="RegressionTest8" name="test4191" time="0"/>
  <testcase classname="RegressionTest8" name="test4192" time="0"/>
  <testcase classname="RegressionTest8" name="test4193" time="0"/>
  <testcase classname="RegressionTest8" name="test4194" time="0"/>
  <testcase classname="RegressionTest8" name="test4195" time="0"/>
  <testcase classname="RegressionTest8" name="test4196" time="0"/>
  <testcase classname="RegressionTest8" name="test4197" time="0"/>
  <testcase classname="RegressionTest8" name="test4198" time="0"/>
  <testcase classname="RegressionTest8" name="test4199" time="0"/>
  <testcase classname="RegressionTest8" name="test4200" time="0"/>
  <testcase classname="RegressionTest8" name="test4201" time="0"/>
  <testcase classname="RegressionTest8" name="test4202" time="0"/>
  <testcase classname="RegressionTest8" name="test4203" time="0"/>
  <testcase classname="RegressionTest8" name="test4204" time="0"/>
  <testcase classname="RegressionTest8" name="test4205" time="0"/>
  <testcase classname="RegressionTest8" name="test4206" time="0"/>
  <testcase classname="RegressionTest8" name="test4207" time="0"/>
  <testcase classname="RegressionTest8" name="test4208" time="0"/>
  <testcase classname="RegressionTest8" name="test4209" time="0"/>
  <testcase classname="RegressionTest8" name="test4210" time="0"/>
  <testcase classname="RegressionTest8" name="test4211" time="0"/>
  <testcase classname="RegressionTest8" name="test4212" time="0"/>
  <testcase classname="RegressionTest8" name="test4213" time="0"/>
  <testcase classname="RegressionTest8" name="test4214" time="0"/>
  <testcase classname="RegressionTest8" name="test4215" time="0"/>
  <testcase classname="RegressionTest8" name="test4216" time="0"/>
  <testcase classname="RegressionTest8" name="test4217" time="0"/>
  <testcase classname="RegressionTest8" name="test4218" time="0"/>
  <testcase classname="RegressionTest8" name="test4219" time="0"/>
  <testcase classname="RegressionTest8" name="test4220" time="0"/>
  <testcase classname="RegressionTest8" name="test4221" time="0"/>
  <testcase classname="RegressionTest8" name="test4222" time="0"/>
  <testcase classname="RegressionTest8" name="test4223" time="0"/>
  <testcase classname="RegressionTest8" name="test4224" time="0"/>
  <testcase classname="RegressionTest8" name="test4225" time="0"/>
  <testcase classname="RegressionTest8" name="test4226" time="0"/>
  <testcase classname="RegressionTest8" name="test4227" time="0"/>
  <testcase classname="RegressionTest8" name="test4228" time="0"/>
  <testcase classname="RegressionTest8" name="test4229" time="0"/>
  <testcase classname="RegressionTest8" name="test4230" time="0"/>
  <testcase classname="RegressionTest8" name="test4231" time="0"/>
  <testcase classname="RegressionTest8" name="test4232" time="0"/>
  <testcase classname="RegressionTest8" name="test4233" time="0"/>
  <testcase classname="RegressionTest8" name="test4234" time="0"/>
  <testcase classname="RegressionTest8" name="test4235" time="0"/>
  <testcase classname="RegressionTest8" name="test4236" time="0"/>
  <testcase classname="RegressionTest8" name="test4237" time="0"/>
  <testcase classname="RegressionTest8" name="test4238" time="0"/>
  <testcase classname="RegressionTest8" name="test4239" time="0"/>
  <testcase classname="RegressionTest8" name="test4240" time="0"/>
  <testcase classname="RegressionTest8" name="test4241" time="0"/>
  <testcase classname="RegressionTest8" name="test4242" time="0"/>
  <testcase classname="RegressionTest8" name="test4243" time="0"/>
  <testcase classname="RegressionTest8" name="test4244" time="0.001"/>
  <testcase classname="RegressionTest8" name="test4245" time="0"/>
  <testcase classname="RegressionTest8" name="test4246" time="0"/>
  <testcase classname="RegressionTest8" name="test4247" time="0"/>
  <testcase classname="RegressionTest8" name="test4248" time="0"/>
  <testcase classname="RegressionTest8" name="test4249" time="0"/>
  <testcase classname="RegressionTest8" name="test4250" time="0"/>
  <testcase classname="RegressionTest8" name="test4251" time="0"/>
  <testcase classname="RegressionTest8" name="test4252" time="0"/>
  <testcase classname="RegressionTest8" name="test4253" time="0"/>
  <testcase classname="RegressionTest8" name="test4254" time="0"/>
  <testcase classname="RegressionTest8" name="test4255" time="0.001"/>
  <testcase classname="RegressionTest8" name="test4256" time="0"/>
  <testcase classname="RegressionTest8" name="test4257" time="0"/>
  <testcase classname="RegressionTest8" name="test4258" time="0"/>
  <testcase classname="RegressionTest8" name="test4259" time="0"/>
  <testcase classname="RegressionTest8" name="test4260" time="0"/>
  <testcase classname="RegressionTest8" name="test4261" time="0"/>
  <testcase classname="RegressionTest8" name="test4262" time="0"/>
  <testcase classname="RegressionTest8" name="test4263" time="0"/>
  <testcase classname="RegressionTest8" name="test4264" time="0.001"/>
  <testcase classname="RegressionTest8" name="test4265" time="0"/>
  <testcase classname="RegressionTest8" name="test4266" time="0"/>
  <testcase classname="RegressionTest8" name="test4267" time="0"/>
  <testcase classname="RegressionTest8" name="test4268" time="0"/>
  <testcase classname="RegressionTest8" name="test4269" time="0"/>
  <testcase classname="RegressionTest8" name="test4270" time="0.001"/>
  <testcase classname="RegressionTest8" name="test4271" time="0"/>
  <testcase classname="RegressionTest8" name="test4272" time="0"/>
  <testcase classname="RegressionTest8" name="test4273" time="0"/>
  <testcase classname="RegressionTest8" name="test4274" time="0"/>
  <testcase classname="RegressionTest8" name="test4275" time="0"/>
  <testcase classname="RegressionTest8" name="test4276" time="0"/>
  <testcase classname="RegressionTest8" name="test4277" time="0"/>
  <testcase classname="RegressionTest8" name="test4278" time="0"/>
  <testcase classname="RegressionTest8" name="test4279" time="0"/>
  <testcase classname="RegressionTest8" name="test4280" time="0"/>
  <testcase classname="RegressionTest8" name="test4281" time="0"/>
  <testcase classname="RegressionTest8" name="test4282" time="0"/>
  <testcase classname="RegressionTest8" name="test4283" time="0"/>
  <testcase classname="RegressionTest8" name="test4284" time="0"/>
  <testcase classname="RegressionTest8" name="test4285" time="0"/>
  <testcase classname="RegressionTest8" name="test4286" time="0"/>
  <testcase classname="RegressionTest8" name="test4287" time="0"/>
  <testcase classname="RegressionTest8" name="test4288" time="0.001"/>
  <testcase classname="RegressionTest8" name="test4289" time="0"/>
  <testcase classname="RegressionTest8" name="test4290" time="0"/>
  <testcase classname="RegressionTest8" name="test4291" time="0"/>
  <testcase classname="RegressionTest8" name="test4292" time="0"/>
  <testcase classname="RegressionTest8" name="test4293" time="0"/>
  <testcase classname="RegressionTest8" name="test4294" time="0"/>
  <testcase classname="RegressionTest8" name="test4295" time="0"/>
  <testcase classname="RegressionTest8" name="test4296" time="0"/>
  <testcase classname="RegressionTest8" name="test4297" time="0"/>
  <testcase classname="RegressionTest8" name="test4298" time="0"/>
  <testcase classname="RegressionTest8" name="test4299" time="0"/>
  <testcase classname="RegressionTest8" name="test4300" time="0.001"/>
  <testcase classname="RegressionTest8" name="test4301" time="0"/>
  <testcase classname="RegressionTest8" name="test4302" time="0"/>
  <testcase classname="RegressionTest8" name="test4303" time="0"/>
  <testcase classname="RegressionTest8" name="test4304" time="0"/>
  <testcase classname="RegressionTest8" name="test4305" time="0"/>
  <testcase classname="RegressionTest8" name="test4306" time="0"/>
  <testcase classname="RegressionTest8" name="test4307" time="0"/>
  <testcase classname="RegressionTest8" name="test4308" time="0"/>
  <testcase classname="RegressionTest8" name="test4309" time="0.001"/>
  <testcase classname="RegressionTest8" name="test4310" time="0"/>
  <testcase classname="RegressionTest8" name="test4311" time="0"/>
  <testcase classname="RegressionTest8" name="test4312" time="0"/>
  <testcase classname="RegressionTest8" name="test4313" time="0.002"/>
  <testcase classname="RegressionTest8" name="test4314" time="0"/>
  <testcase classname="RegressionTest8" name="test4315" time="0"/>
  <testcase classname="RegressionTest8" name="test4316" time="0"/>
  <testcase classname="RegressionTest8" name="test4317" time="0"/>
  <testcase classname="RegressionTest8" name="test4318" time="0"/>
  <testcase classname="RegressionTest8" name="test4319" time="0"/>
  <testcase classname="RegressionTest8" name="test4320" time="0"/>
  <testcase classname="RegressionTest8" name="test4321" time="0"/>
  <testcase classname="RegressionTest8" name="test4322" time="0"/>
  <testcase classname="RegressionTest8" name="test4323" time="0"/>
  <testcase classname="RegressionTest8" name="test4324" time="0.001"/>
  <testcase classname="RegressionTest8" name="test4325" time="0"/>
  <testcase classname="RegressionTest8" name="test4326" time="0"/>
  <testcase classname="RegressionTest8" name="test4327" time="0"/>
  <testcase classname="RegressionTest8" name="test4328" time="0"/>
  <testcase classname="RegressionTest8" name="test4329" time="0"/>
  <testcase classname="RegressionTest8" name="test4330" time="0"/>
  <testcase classname="RegressionTest8" name="test4331" time="0"/>
  <testcase classname="RegressionTest8" name="test4332" time="0.001"/>
  <testcase classname="RegressionTest8" name="test4333" time="0"/>
  <testcase classname="RegressionTest8" name="test4334" time="0"/>
  <testcase classname="RegressionTest8" name="test4335" time="0"/>
  <testcase classname="RegressionTest8" name="test4336" time="0"/>
  <testcase classname="RegressionTest8" name="test4337" time="0"/>
  <testcase classname="RegressionTest8" name="test4338" time="0"/>
  <testcase classname="RegressionTest8" name="test4339" time="0"/>
  <testcase classname="RegressionTest8" name="test4340" time="0"/>
  <testcase classname="RegressionTest8" name="test4341" time="0"/>
  <testcase classname="RegressionTest8" name="test4342" time="0"/>
  <testcase classname="RegressionTest8" name="test4343" time="0"/>
  <testcase classname="RegressionTest8" name="test4344" time="0.001"/>
  <testcase classname="RegressionTest8" name="test4345" time="0"/>
  <testcase classname="RegressionTest8" name="test4346" time="0"/>
  <testcase classname="RegressionTest8" name="test4347" time="0"/>
  <testcase classname="RegressionTest8" name="test4348" time="0"/>
  <testcase classname="RegressionTest8" name="test4349" time="0"/>
  <testcase classname="RegressionTest8" name="test4350" time="0"/>
  <testcase classname="RegressionTest8" name="test4351" time="0.004"/>
  <testcase classname="RegressionTest8" name="test4352" time="0"/>
  <testcase classname="RegressionTest8" name="test4353" time="0"/>
  <testcase classname="RegressionTest8" name="test4354" time="0.001"/>
  <testcase classname="RegressionTest8" name="test4355" time="0"/>
  <testcase classname="RegressionTest8" name="test4356" time="0"/>
  <testcase classname="RegressionTest8" name="test4357" time="0"/>
  <testcase classname="RegressionTest8" name="test4358" time="0"/>
  <testcase classname="RegressionTest8" name="test4359" time="0"/>
  <testcase classname="RegressionTest8" name="test4360" time="0"/>
  <testcase classname="RegressionTest8" name="test4361" time="0"/>
  <testcase classname="RegressionTest8" name="test4362" time="0"/>
  <testcase classname="RegressionTest8" name="test4363" time="0.001"/>
  <testcase classname="RegressionTest8" name="test4364" time="0"/>
  <testcase classname="RegressionTest8" name="test4365" time="0"/>
  <testcase classname="RegressionTest8" name="test4366" time="0"/>
  <testcase classname="RegressionTest8" name="test4367" time="0"/>
  <testcase classname="RegressionTest8" name="test4368" time="0"/>
  <testcase classname="RegressionTest8" name="test4369" time="0"/>
  <testcase classname="RegressionTest8" name="test4370" time="0"/>
  <testcase classname="RegressionTest8" name="test4371" time="0"/>
  <testcase classname="RegressionTest8" name="test4372" time="0"/>
  <testcase classname="RegressionTest8" name="test4373" time="0"/>
  <testcase classname="RegressionTest8" name="test4374" time="0.001"/>
  <testcase classname="RegressionTest8" name="test4375" time="0"/>
  <testcase classname="RegressionTest8" name="test4376" time="0"/>
  <testcase classname="RegressionTest8" name="test4377" time="0"/>
  <testcase classname="RegressionTest8" name="test4378" time="0"/>
  <testcase classname="RegressionTest8" name="test4379" time="0"/>
  <testcase classname="RegressionTest8" name="test4380" time="0"/>
  <testcase classname="RegressionTest8" name="test4381" time="0"/>
  <testcase classname="RegressionTest8" name="test4382" time="0"/>
  <testcase classname="RegressionTest8" name="test4383" time="0.001"/>
  <testcase classname="RegressionTest8" name="test4384" time="0"/>
  <testcase classname="RegressionTest8" name="test4385" time="0"/>
  <testcase classname="RegressionTest8" name="test4386" time="0"/>
  <testcase classname="RegressionTest8" name="test4387" time="0"/>
  <testcase classname="RegressionTest8" name="test4388" time="0.001"/>
  <testcase classname="RegressionTest8" name="test4389" time="0"/>
  <testcase classname="RegressionTest8" name="test4390" time="0"/>
  <testcase classname="RegressionTest8" name="test4391" time="0"/>
  <testcase classname="RegressionTest8" name="test4392" time="0"/>
  <testcase classname="RegressionTest8" name="test4393" time="0"/>
  <testcase classname="RegressionTest8" name="test4394" time="0"/>
  <testcase classname="RegressionTest8" name="test4395" time="0"/>
  <testcase classname="RegressionTest8" name="test4396" time="0"/>
  <testcase classname="RegressionTest8" name="test4397" time="0"/>
  <testcase classname="RegressionTest8" name="test4398" time="0"/>
  <testcase classname="RegressionTest8" name="test4399" time="0"/>
  <testcase classname="RegressionTest8" name="test4400" time="0.001"/>
  <testcase classname="RegressionTest8" name="test4401" time="0"/>
  <testcase classname="RegressionTest8" name="test4402" time="0"/>
  <testcase classname="RegressionTest8" name="test4403" time="0"/>
  <testcase classname="RegressionTest8" name="test4404" time="0.001"/>
  <testcase classname="RegressionTest8" name="test4405" time="0"/>
  <testcase classname="RegressionTest8" name="test4406" time="0"/>
  <testcase classname="RegressionTest8" name="test4407" time="0.001"/>
  <testcase classname="RegressionTest8" name="test4408" time="0"/>
  <testcase classname="RegressionTest8" name="test4409" time="0"/>
  <testcase classname="RegressionTest8" name="test4410" time="0"/>
  <testcase classname="RegressionTest8" name="test4411" time="0"/>
  <testcase classname="RegressionTest8" name="test4412" time="0"/>
  <testcase classname="RegressionTest8" name="test4413" time="0"/>
  <testcase classname="RegressionTest8" name="test4414" time="0"/>
  <testcase classname="RegressionTest8" name="test4415" time="0"/>
  <testcase classname="RegressionTest8" name="test4416" time="0.001"/>
  <testcase classname="RegressionTest8" name="test4417" time="0"/>
  <testcase classname="RegressionTest8" name="test4418" time="0"/>
  <testcase classname="RegressionTest8" name="test4419" time="0"/>
  <testcase classname="RegressionTest8" name="test4420" time="0"/>
  <testcase classname="RegressionTest8" name="test4421" time="0"/>
  <testcase classname="RegressionTest8" name="test4422" time="0"/>
  <testcase classname="RegressionTest8" name="test4423" time="0"/>
  <testcase classname="RegressionTest8" name="test4424" time="0"/>
  <testcase classname="RegressionTest8" name="test4425" time="0"/>
  <testcase classname="RegressionTest8" name="test4426" time="0"/>
  <testcase classname="RegressionTest8" name="test4427" time="0"/>
  <testcase classname="RegressionTest8" name="test4428" time="0"/>
  <testcase classname="RegressionTest8" name="test4429" time="0"/>
  <testcase classname="RegressionTest8" name="test4430" time="0"/>
  <testcase classname="RegressionTest8" name="test4431" time="0"/>
  <testcase classname="RegressionTest8" name="test4432" time="0"/>
  <testcase classname="RegressionTest8" name="test4433" time="0"/>
  <testcase classname="RegressionTest8" name="test4434" time="0"/>
  <testcase classname="RegressionTest8" name="test4435" time="0"/>
  <testcase classname="RegressionTest8" name="test4436" time="0"/>
  <testcase classname="RegressionTest8" name="test4437" time="0"/>
  <testcase classname="RegressionTest8" name="test4438" time="0"/>
  <testcase classname="RegressionTest8" name="test4439" time="0"/>
  <testcase classname="RegressionTest8" name="test4440" time="0"/>
  <testcase classname="RegressionTest8" name="test4441" time="0"/>
  <testcase classname="RegressionTest8" name="test4442" time="0"/>
  <testcase classname="RegressionTest8" name="test4443" time="0"/>
  <testcase classname="RegressionTest8" name="test4444" time="0"/>
  <testcase classname="RegressionTest8" name="test4445" time="0"/>
  <testcase classname="RegressionTest8" name="test4446" time="0"/>
  <testcase classname="RegressionTest8" name="test4447" time="0"/>
  <testcase classname="RegressionTest8" name="test4448" time="0"/>
  <testcase classname="RegressionTest8" name="test4449" time="0"/>
  <testcase classname="RegressionTest8" name="test4450" time="0.003"/>
  <testcase classname="RegressionTest8" name="test4451" time="0"/>
  <testcase classname="RegressionTest8" name="test4452" time="0"/>
  <testcase classname="RegressionTest8" name="test4453" time="0"/>
  <testcase classname="RegressionTest8" name="test4454" time="0"/>
  <testcase classname="RegressionTest8" name="test4455" time="0"/>
  <testcase classname="RegressionTest8" name="test4456" time="0"/>
  <testcase classname="RegressionTest8" name="test4457" time="0"/>
  <testcase classname="RegressionTest8" name="test4458" time="0"/>
  <testcase classname="RegressionTest8" name="test4459" time="0"/>
  <testcase classname="RegressionTest8" name="test4460" time="0"/>
  <testcase classname="RegressionTest8" name="test4461" time="0"/>
  <testcase classname="RegressionTest8" name="test4462" time="0"/>
  <testcase classname="RegressionTest8" name="test4463" time="0"/>
  <testcase classname="RegressionTest8" name="test4464" time="0"/>
  <testcase classname="RegressionTest8" name="test4465" time="0"/>
  <testcase classname="RegressionTest8" name="test4466" time="0"/>
  <testcase classname="RegressionTest8" name="test4467" time="0"/>
  <testcase classname="RegressionTest8" name="test4468" time="0"/>
  <testcase classname="RegressionTest8" name="test4469" time="0"/>
  <testcase classname="RegressionTest8" name="test4470" time="0"/>
  <testcase classname="RegressionTest8" name="test4471" time="0"/>
  <testcase classname="RegressionTest8" name="test4472" time="0"/>
  <testcase classname="RegressionTest8" name="test4473" time="0"/>
  <testcase classname="RegressionTest8" name="test4474" time="0"/>
  <testcase classname="RegressionTest8" name="test4475" time="0.001"/>
  <testcase classname="RegressionTest8" name="test4476" time="0"/>
  <testcase classname="RegressionTest8" name="test4477" time="0"/>
  <testcase classname="RegressionTest8" name="test4478" time="0.001"/>
  <testcase classname="RegressionTest8" name="test4479" time="0"/>
  <testcase classname="RegressionTest8" name="test4480" time="0"/>
  <testcase classname="RegressionTest8" name="test4481" time="0"/>
  <testcase classname="RegressionTest8" name="test4482" time="0"/>
  <testcase classname="RegressionTest8" name="test4483" time="0"/>
  <testcase classname="RegressionTest8" name="test4484" time="0"/>
  <testcase classname="RegressionTest8" name="test4485" time="0"/>
  <testcase classname="RegressionTest8" name="test4486" time="0"/>
  <testcase classname="RegressionTest8" name="test4487" time="0"/>
  <testcase classname="RegressionTest8" name="test4488" time="0.001"/>
  <testcase classname="RegressionTest8" name="test4489" time="0"/>
  <testcase classname="RegressionTest8" name="test4490" time="0.001"/>
  <testcase classname="RegressionTest8" name="test4491" time="0"/>
  <testcase classname="RegressionTest8" name="test4492" time="0"/>
  <testcase classname="RegressionTest8" name="test4493" time="0"/>
  <testcase classname="RegressionTest8" name="test4494" time="0"/>
  <testcase classname="RegressionTest8" name="test4495" time="0"/>
  <testcase classname="RegressionTest8" name="test4496" time="0.001"/>
  <testcase classname="RegressionTest8" name="test4497" time="0"/>
  <testcase classname="RegressionTest8" name="test4498" time="0"/>
  <testcase classname="RegressionTest8" name="test4499" time="0"/>
  <testcase classname="RegressionTest8" name="test4500" time="0"/>
  <testcase classname="RegressionTest9" name="test4501" time="0"/>
  <testcase classname="RegressionTest9" name="test4502" time="0.001"/>
  <testcase classname="RegressionTest9" name="test4503" time="0"/>
  <testcase classname="RegressionTest9" name="test4504" time="0"/>
  <testcase classname="RegressionTest9" name="test4505" time="0"/>
  <testcase classname="RegressionTest9" name="test4506" time="0.001"/>
  <testcase classname="RegressionTest9" name="test4507" time="0"/>
  <testcase classname="RegressionTest9" name="test4508" time="0"/>
  <testcase classname="RegressionTest9" name="test4509" time="0"/>
  <testcase classname="RegressionTest9" name="test4510" time="0.001"/>
  <testcase classname="RegressionTest9" name="test4511" time="0"/>
  <testcase classname="RegressionTest9" name="test4512" time="0"/>
  <testcase classname="RegressionTest9" name="test4513" time="0"/>
  <testcase classname="RegressionTest9" name="test4514" time="0"/>
  <testcase classname="RegressionTest9" name="test4515" time="0"/>
  <testcase classname="RegressionTest9" name="test4516" time="0.003"/>
  <testcase classname="RegressionTest9" name="test4517" time="0"/>
  <testcase classname="RegressionTest9" name="test4518" time="0"/>
  <testcase classname="RegressionTest9" name="test4519" time="0"/>
  <testcase classname="RegressionTest9" name="test4520" time="0"/>
  <testcase classname="RegressionTest9" name="test4521" time="0"/>
  <testcase classname="RegressionTest9" name="test4522" time="0"/>
  <testcase classname="RegressionTest9" name="test4523" time="0"/>
  <testcase classname="RegressionTest9" name="test4524" time="0"/>
  <testcase classname="RegressionTest9" name="test4525" time="0"/>
  <testcase classname="RegressionTest9" name="test4526" time="0"/>
  <testcase classname="RegressionTest9" name="test4527" time="0"/>
  <testcase classname="RegressionTest9" name="test4528" time="0"/>
  <testcase classname="RegressionTest9" name="test4529" time="0"/>
  <testcase classname="RegressionTest9" name="test4530" time="0"/>
  <testcase classname="RegressionTest9" name="test4531" time="0"/>
  <testcase classname="RegressionTest9" name="test4532" time="0.001"/>
  <testcase classname="RegressionTest9" name="test4533" time="0"/>
  <testcase classname="RegressionTest9" name="test4534" time="0"/>
  <testcase classname="RegressionTest9" name="test4535" time="0"/>
  <testcase classname="RegressionTest9" name="test4536" time="0"/>
  <testcase classname="RegressionTest9" name="test4537" time="0"/>
  <testcase classname="RegressionTest9" name="test4538" time="0"/>
  <testcase classname="RegressionTest9" name="test4539" time="0"/>
  <testcase classname="RegressionTest9" name="test4540" time="0"/>
  <testcase classname="RegressionTest9" name="test4541" time="0"/>
</testsuite>